# Set backlight
0x80,0x0,0xce,0xce

# CLEAR TEXT SCREEN
0x60,0x0,0x25,0x0
# CLEAR ICON SCREEN
0x60,0x0,0x76,0x0
# Clear Temp overlay thingy
0x60,0x0,0x81,0x0

# Set 0x81, the 'top page', used to show temp, etc.
0x10,0x0,0x81,0x0,0x3,0x9b,0x0,0x1,0x3c,0x0,0x8e,0x0,0x7,0x54,0x65,0x6d,0x70
0x10,0x0,0x81,0x0,0x0,0x28,0x0,0x12,0x2d,0x0,0xcb,0x0,0x4,0x20,0x20,0x20,0x20,0x37
0x10,0x0,0x81,0x0,0x3,0x9c,0x1,0x1,0x3a,0x0,0xfe,0x0,0x7,0xb0,0x43
0x10,0x0,0x81,0x0,0x3,0x9d,0x1,0x1,0x3a,0x0,0xfe,0x0,0x7,0xb0,0x46

# Set text stuff
0x10,0x0,0x25,0x0,0x1,0x65,0x1,0x3,0xa,0x0,0x8b,0x0,0x1,0x2b
# "FINALLY" text
0x10,0x0,0x25,0x0,0x1,0x66,0x0,0x3,0xf2,0x0,0x97,0x0,0x17,0x46,0x49,0x4e,0x41,0x4c,0x4c,0x59
#0x10,0x0,0x25,0x0,0x1,0x66,0x0,0x3,0xf2,0x0,0x97,0x0,0x17,0x46,0x49,0x4e,0x41,0x4c,0x4c,0x59

# Trigger Draw text portion
# (0x1 and 0x0 turns on off)
0x70,0x0,0x25,0x0,0x1

# Set icon (brake light)
#0x30,0x0,0x76,0x0,0x4,0x71,0x54,0x0,0x48,0x0,0x0 
# Set icon (custom)
0x30,0x0,0x76,0x0,0x3,0x71,0x54,0x0,0x48,0x0,0x0
# Draw icon portion
0x70,0x0,0x76,0x0,0x1

# Draw Temp 7, hide temp.
0x70,0x0,0x81,0x0,0x1

# Get status requests
#0x83,0x0
#0x81,0x0
