0x80,0x0,0x3e,0x3e
0x93,0x0,0x0,0x0,0x0,0x0,0x0,0x24,0x24,0x0,0x0,0x24,0x24
0x60,0x0,0x25,0x0
0x60,0x0,0x76,0x0
0x60,0x0,0x81,0x0
0x10,0x0,0x81,0x0,0x3,0x9b,0x0,0x1,0x3c,0x0,0x8e,0x0,0x7,0x54,0x65,0x6d,0x70
0x10,0x0,0x81,0x0,0x0,0x28,0x0,0x12,0x2d,0x0,0xcb,0x0,0x4,0x20,0x20,0x20,0x20,0x37
0x10,0x0,0x81,0x0,0x3,0x9c,0x1,0x1,0x3a,0x0,0xfe,0x0,0x7,0xb0,0x43
0x10,0x0,0x81,0x0,0x3,0x9d,0x1,0x1,0x3a,0x0,0xfe,0x0,0x7,0xb0,0x46
0x10,0x0,0x25,0x0,0x1,0x65,0x1,0x3,0xa,0x0,0x8b,0x0,0x1,0x2b
0x10,0x0,0x25,0x0,0x1,0x66,0x0,0x3,0xf2,0x0,0x97,0x0,0x17,0x52,0x69,0x67,0x68,0x74,0x20,0x62,0x72,0x61,0x6b,0x65,0x20,0x6c,0x69,0x67,0x68,0x74,0x20,0x66,0x61,0x69,0x6c,0x75,0x72,0x65,0x2e
0x70,0x0,0x25,0x0,0x1
0x30,0x0,0x76,0x0,0x4,0x71,0x54,0x0,0x48,0x0,0x0
0x70,0x0,0x76,0x0,0x1
0x83,0x0
0x81,0x0
0x81,0x0
0x81,0x0
0x81,0x0
0x83,0x0
0x81,0x0
0x81,0x0
0x81,0x0
0x81,0x0
0x81,0x0
0x83,0x0
0x81,0x0
0x81,0x0
0x81,0x0
0x81,0x0
0x83,0x0
0x81,0x0
0x81,0x0
0x81,0x0
0x81,0x0
0x81,0x0
0x83,0x0
0x83,0x0
0x83,0x0
0x83,0x0
0x83,0x0
