ICM:2,81,0,83,;
SID:4,82,0,0,0,86,;
ICM:2,83,0,85,;
SID:4,84,0,18,1F,BF,;
ICM:2,81,0,83,;
SID:4,82,0,0,0,86,;
SID:4,84,0,18,1F,BF,;
ICM:2,81,0,83,;
SID:4,82,0,0,0,86,;
ICM:2,81,0,83,;
SID:4,82,0,0,0,86,;
ICM:2,81,0,83,;
SID:4,82,0,0,0,86,;
ICM:2,81,0,83,;
SID:4,82,0,0,0,86,;
ICM:2,81,0,83,;
SID:4,82,0,0,0,86,;
ICM:2,83,0,85,;
SID:4,84,0,18,1F,BF,;
ICM:2,81,0,83,;
SID:4,82,0,0,0,86,;
ICM:2,81,0,83,;
SID:4,82,0,0,0,86,;
ICM:4,80,0,D,0,91,;
SID:2,FF,0,1,;
ICM:2,81,0,83,;
SID:4,82,0,0,0,86,;
ICM:2,81,0,83,;
SID:4,82,0,0,0,86,;
ICM:4,80,0,F,0,93,;
SID:2,FF,0,1,;
ICM:2,83,0,85,;
SID:4,84,0,18,20,C0,;
ICM:2,81,0,83,;
SID:4,82,0,0,0,86,;
ICM:4,80,0,11,0,95,;
SID:2,FF,0,1,;
ICM:2,81,0,83,;
SID:4,82,0,0,0,86,;
ICM:2,81,0,83,;
SID:4,82,0,0,0,86,;
ICM:4,80,0,14,0,98,;
SID:2,FF,0,1,;
ICM:2,81,0,83,;
SID:4,82,0,0,0,86,;
ICM:2,81,0,83,;
SID:4,82,0,0,0,86,;
ICM:4,80,0,15,0,99,;
SID:2,FF,0,1,;
ICM:2,83,0,85,;
SID:4,84,0,18,20,C0,;
ICM:2,81,0,83,;
SID:4,82,0,0,0,86,;
ICM:4,80,0,18,0,9C,;
SID:2,FF,0,1,;
ICM:2,81,0,83,;
SID:4,82,0,0,0,86,;
ICM:2,81,0,83,;
SID:4,82,0,0,0,86,;
ICM:4,80,0,1A,0,9E,;
SID:2,FF,0,1,;
ICM:2,81,0,83,;
SID:4,82,0,0,0,86,;
ICM:2,83,0,85,;
SID:4,84,0,18,20,C0,;
ICM:2,81,0,83,;
SID:4,82,0,0,0,86,;
ICM:4,80,0,1E,0,A2,;
SID:2,FF,0,1,;
ICM:2,81,0,83,;
SID:4,82,0,0,0,86,;
ICM:4,80,0,20,0,A4,;
SID:2,FF,0,1,;
ICM:2,81,0,83,;
SID:4,82,0,0,0,86,;
ICM:2,81,0,83,;
SID:4,82,0,0,0,86,;
ICM:4,80,0,21,0,A5,;
SID:2,FF,0,1,;
ICM:2,81,0,83,;
SID:4,82,0,0,0,86,;
ICM:2,83,0,85,;
SID:4,84,0,18,20,C0,;
ICM:2,81,0,83,;
SID:4,82,0,0,0,86,;
ICM:4,80,0,23,0,A7,;
SID:2,FF,0,1,;
ICM:2,81,0,83,;
SID:4,82,0,0,0,86,;
ICM:4,80,0,25,0,A9,;
SID:2,FF,0,1,;
ICM:2,81,0,83,;
SID:4,82,0,0,0,86,;
ICM:2,81,0,83,;
SID:4,82,0,0,0,86,;
ICM:4,80,0,26,0,AA,;
SID:2,FF,0,1,;
ICM:2,83,0,85,;
SID:4,84,0,18,20,C0,;
ICM:2,81,0,83,;
SID:4,82,0,0,0,86,;
ICM:2,81,0,83,;
SID:4,82,0,0,0,86,;
ICM:4,80,0,28,0,AC,;
SID:2,FF,0,1,;
ICM:2,81,0,83,;
SID:4,82,0,0,0,86,;
ICM:4,80,0,2B,0,AF,;
SID:2,FF,0,1,;
ICM:2,81,0,83,;
SID:4,82,0,0,0,86,;
ICM:2,81,0,83,;
SID:4,82,0,0,0,86,;
ICM:4,80,0,30,0,B4,;
SID:2,FF,0,1,;
ICM:2,83,0,85,;
SID:4,84,0,18,20,C0,;
ICM:2,81,0,83,;
SID:4,82,0,0,0,86,;
ICM:4,80,0,35,0,B9,;
SID:2,FF,0,1,;
ICM:2,81,0,83,;
SID:4,82,0,0,0,86,;
ICM:2,81,0,83,;
SID:4,82,0,0,0,86,;
ICM:4,80,0,3A,0,BE,;
SID:2,FF,0,1,;
ICM:2,81,0,83,;
SID:4,82,0,0,0,86,;
ICM:2,83,0,85,;
SID:4,84,0,18,20,C0,;
ICM:2,81,0,83,;
SID:4,82,0,0,0,86,;
ICM:4,80,0,3E,0,C2,;
SID:2,FF,0,1,;
ICM:2,81,0,83,;
SID:4,82,0,0,0,86,;
ICM:2,81,0,83,;
SID:4,82,0,0,0,86,;
ICM:2,81,0,83,;
SID:4,82,0,0,0,86,;
ICM:2,81,0,83,;
SID:4,82,0,0,0,86,;
ICM:2,83,0,85,;
SID:4,84,0,18,20,C0,;
ICM:2,81,0,83,;
SID:4,82,0,0,0,86,;
ICM:2,81,0,83,;
SID:4,82,0,0,0,86,;
ICM:2,81,0,83,;
SID:4,82,0,0,0,86,;
ICM:2,81,0,83,;
SID:4,82,0,0,0,86,;
ICM:2,81,0,83,;
SID:4,82,0,0,0,86,;
ICM:2,83,0,85,;
SID:4,84,0,18,20,C0,;
ICM:2,81,0,83,;
SID:4,82,0,0,0,86,;
ICM:2,81,0,83,;
SID:4,82,0,0,0,86,;
ICM:2,81,0,83,;
SID:4,82,0,0,0,86,;
ICM:2,81,0,83,;
SID:4,82,0,0,0,86,;
ICM:2,83,0,85,;
SID:4,84,0,18,20,C0,;
ICM:2,81,0,83,;
SID:4,82,0,0,0,86,;
ICM:2,81,0,83,;
SID:4,82,0,0,0,86,;
ICM:2,81,0,83,;
SID:4,82,0,0,0,86,;
ICM:2,81,0,83,;
SID:4,82,0,0,0,86,;
ICM:2,81,0,83,;
SID:4,82,0,0,0,86,;
ICM:2,83,0,85,;
SID:4,84,0,18,20,C0,;
ICM:2,81,0,83,;
SID:4,82,0,0,0,86,;
ICM:2,81,0,83,;
SID:4,82,0,0,0,86,;
ICM:2,81,0,83,;
SID:4,82,0,0,0,86,;
ICM:2,81,0,83,;
SID:4,82,0,0,0,86,;
ICM:2,83,0,85,;
SID:4,84,0,18,20,C0,;
ICM:2,81,0,83,;
SID:4,82,0,0,0,86,;
ICM:2,81,0,83,;
SID:4,82,0,0,0,86,;
ICM:2,81,0,83,;
SID:4,82,0,0,0,86,;
ICM:2,81,0,83,;
SID:4,82,0,0,0,86,;
ICM:2,81,0,83,;
SID:4,82,0,0,0,86,;
ICM:2,83,0,85,;
SID:4,84,0,18,20,C0,;
ICM:2,81,0,83,;
SID:4,82,0,0,0,86,;
ICM:2,81,0,83,;
SID:4,82,0,0,0,86,;
ICM:2,81,0,83,;
SID:4,82,0,0,0,86,;
ICM:2,81,0,83,;
SID:4,82,0,0,0,86,;
ICM:2,83,0,85,;
SID:4,84,0,18,20,C0,;
ICM:2,81,0,83,;
SID:4,82,0,0,0,86,;
ICM:2,81,0,83,;
SID:4,82,0,0,0,86,;
ICM:2,81,0,83,;
SID:4,82,0,0,0,86,;
ICM:2,81,0,83,;
SID:4,82,0,0,0,86,;
ICM:2,81,0,83,;
SID:4,82,0,0,0,86,;
ICM:2,83,0,85,;
SID:4,84,0,18,20,C0,;
ICM:2,81,0,83,;
SID:4,82,0,0,0,86,;
ICM:2,81,0,83,;
SID:4,82,0,0,0,86,;
ICM:2,81,0,83,;
SID:4,82,0,0,0,86,;
ICM:2,81,0,83,;
SID:4,82,0,0,0,86,;
ICM:2,81,0,83,;
SID:4,82,0,0,0,86,;
ICM:2,83,0,85,;
SID:4,84,0,18,20,C0,;
ICM:2,81,0,83,;
SID:4,82,0,0,0,86,;
ICM:2,81,0,83,;
SID:4,82,0,0,0,86,;
ICM:2,81,0,83,;
SID:4,82,0,0,0,86,;
ICM:2,81,0,83,;
SID:4,82,0,0,0,86,;
ICM:2,83,0,85,;
SID:4,84,0,18,20,C0,;
ICM:2,81,0,83,;
SID:4,82,0,0,0,86,;
ICM:2,81,0,83,;
SID:4,82,0,0,0,86,;
ICM:2,81,0,83,;
SID:4,82,0,0,0,86,;
ICM:2,81,0,83,;
SID:4,82,0,0,0,86,;
ICM:2,81,0,83,;
SID:4,82,0,0,0,86,;
ICM:2,83,0,85,;
SID:4,84,0,18,20,C0,;
