ICM:2,81,0,83,;
ICM:2,81,0,83,;
ICM:2,81,0,83,;
ICM:2,81,0,83,;
ICM:2,83,0,85,;
ICM:2,81,0,83,;
ICM:2,81,0,83,;
ICM:2,81,0,83,;
ICM:2,81,0,83,;
ICM:2,81,0,83,;
ICM:1A,10,0,8E,0,7C,F0,0,2,AF,0,8E,0,4,43,6C,6F,63,6B,20,2F,20,41,6C,61,72,6D,AF,;
ICM:18,10,0,8E,0,7C,F1,0,2,AF,0,8E,0,17,52,61,69,6E,20,53,65,6E,73,6F,72,9D,;
ICM:1B,10,0,8E,0,7C,F2,0,2,AF,0,8E,0,2A,43,6C,69,6D,61,74,65,20,53,79,73,74,65,6D,F4,;
ICM:D,10,0,8E,0,7C,F3,1,2,AF,0,8E,0,3D,97,;
ICM:10,20,0,8E,0,0,9C,0,4,7C,F0,7C,F1,7C,F2,7C,F3,14,;
ICM:E,10,0,8E,0,7D,52,1,2,F,0,40,1,4,BA,8C,;
ICM:E,10,0,8E,0,7D,53,0,2,F,0,40,1,2A,BC,B4,;
ICM:8,11,0,8E,0,7C,F0,2,42,57,;
ICM:5,70,0,2,0,0,77,;
ICM:5,70,0,81,0,0,F6,;
ICM:2,83,0,85,;
ICM:5,70,0,8E,0,1,4,;
ICM:2,81,0,83,;
ICM:2,81,0,83,;
ICM:2,81,0,83,;
ICM:2,81,0,83,;
ICM:2,83,0,85,;
ICM:2,81,0,83,;
ICM:2,81,0,83,;
ICM:4,60,0,8E,0,F2,;
ICM:16,10,0,92,0,7E,1C,0,2,58,0,8E,0,4,53,65,74,20,43,6C,6F,63,6B,76,;
ICM:16,10,0,92,0,7E,1D,0,2,58,0,8E,0,17,53,65,74,20,41,6C,61,72,6D,8B,;
ICM:13,10,0,92,0,7E,1E,0,2,58,0,8E,0,2A,AA,20,42,61,63,6B,9E,;
ICM:D,10,0,92,0,7E,1F,1,2,58,0,8E,0,3D,72,;
ICM:10,20,0,92,0,0,9F,0,4,7E,1C,7E,1D,7E,1E,7E,1F,D3,;
ICM:E,10,0,92,0,7E,7E,1,2,F,0,E9,0,4,BA,65,;
ICM:E,10,0,92,0,7E,7F,1,2,F,0,E9,0,2A,BC,8E,;
ICM:10,10,0,92,0,1,94,1,1,50,0,E9,0,1A,4F,66,66,B7,;
ICM:E,10,0,92,0,0,37,1,11,28,0,E9,0,1A,20,44,;
ICM:F,10,0,92,0,1,92,1,0,14,0,16,1,1E,41,4D,1C,;
ICM:F,10,0,92,0,1,95,1,0,14,0,16,1,1E,50,4D,2E,;
ICM:8,11,0,92,0,7E,1C,2,42,89,;
ICM:2,81,0,83,;
ICM:5,70,0,92,0,1,8,;
ICM:8,11,0,92,0,1,94,2,0,42,;
ICM:2,81,0,83,;
ICM:2,81,0,83,;
ICM:2,83,0,85,;
ICM:2,81,0,83,;
ICM:4,60,0,92,0,F6,;
ICM:17,10,0,93,0,7E,80,0,2,AF,0,8E,0,4,52,44,53,20,41,64,6A,75,73,74,6F,;
ICM:13,10,0,93,0,7E,81,0,2,AF,0,8E,0,17,4D,61,6E,75,61,6C,69,;
ICM:13,10,0,93,0,7E,82,0,2,AF,0,8E,0,2A,AA,20,42,61,63,6B,5A,;
ICM:D,10,0,93,0,7E,83,1,2,AF,0,8E,0,3D,2E,;
ICM:10,20,0,93,0,0,A0,0,4,7E,80,7E,81,7E,82,7E,83,65,;
ICM:E,10,0,93,0,7E,E2,1,2,F,0,40,1,4,BA,22,;
ICM:E,10,0,93,0,7E,E3,1,2,F,0,40,1,2A,BC,4B,;
ICM:8,11,0,93,0,7E,80,2,42,EE,;
ICM:5,70,0,93,0,1,9,;
ICM:2,81,0,83,;
ICM:2,81,0,83,;
ICM:2,81,0,83,;
ICM:2,83,0,85,;
ICM:2,81,0,83,;
ICM:2,81,0,83,;
ICM:2,81,0,83,;
ICM:2,81,0,83,;
ICM:8,11,0,93,0,7E,80,2,2,AE,;
ICM:8,11,0,93,0,7E,81,2,42,EF,;
ICM:2,81,0,83,;
ICM:2,83,0,85,;
ICM:2,81,0,83,;
ICM:2,81,0,83,;
ICM:4,60,0,93,0,F7,;
ICM:12,10,0,97,0,1,9D,0,2,64,0,C6,0,D,43,6C,6F,63,6B,7C,;
ICM:13,10,0,97,0,0,36,0,2,36,0,C1,0,20,20,30,39,3A,35,35,36,;
ICM:F,10,0,97,0,1,9E,1,0,3C,0,FC,0,27,41,4D,43,;
ICM:F,10,0,97,0,1,9F,1,0,3C,0,FC,0,27,50,4D,53,;
ICM:8,11,0,97,0,0,36,2,40,28,;
ICM:2,81,0,83,;
ICM:5,70,0,97,0,1,D,;
ICM:8,11,0,97,0,13,88,2,0,4D,;
ICM:E,11,0,97,0,0,36,2,42,20,30,39,3A,32,34,59,;
ICM:2,81,0,83,;
ICM:2,83,0,85,;
ICM:2,81,0,83,;
ICM:2,81,0,83,;
ICM:2,81,0,83,;
ICM:2,81,0,83,;
ICM:2,81,0,83,;
ICM:2,83,0,85,;
ICM:2,81,0,83,;
ICM:2,81,0,83,;
ICM:E,11,0,97,0,0,36,2,42,20,30,39,3A,32,35,5A,;
ICM:2,81,0,83,;
ICM:2,81,0,83,;
ICM:2,81,0,83,;
ICM:2,83,0,85,;
ICM:2,81,0,83,;
ICM:E,11,0,97,0,0,36,2,42,20,30,39,3A,32,34,59,;
ICM:2,81,0,83,;
ICM:2,81,0,83,;
ICM:2,81,0,83,;
ICM:2,83,0,85,;
ICM:E,11,0,97,0,0,36,2,42,20,30,39,3A,32,33,58,;
ICM:2,81,0,83,;
ICM:E,11,0,97,0,0,36,2,42,20,30,39,3A,32,34,59,;
ICM:2,81,0,83,;
ICM:2,81,0,83,;
ICM:2,81,0,83,;
ICM:2,81,0,83,;
ICM:2,83,0,85,;
ICM:E,11,0,97,0,0,36,2,42,20,30,39,3A,32,33,58,;
ICM:E,11,0,97,0,0,36,2,42,20,30,39,3A,34,33,5A,;
ICM:2,81,0,83,;
ICM:E,11,0,97,0,0,36,2,42,20,31,30,3A,30,33,4E,;
ICM:E,11,0,97,0,0,36,2,42,20,30,39,3A,34,33,5A,;
ICM:E,11,0,97,0,0,36,2,42,20,31,30,3A,30,33,4E,;
ICM:2,81,0,83,;
ICM:E,11,0,97,0,0,36,2,42,20,31,30,3A,30,32,4D,;
ICM:E,11,0,97,0,0,36,2,42,20,30,39,3A,34,32,59,;
ICM:2,81,0,83,;
ICM:2,81,0,83,;
ICM:E,11,0,97,0,0,36,2,42,20,30,39,3A,34,31,58,;
ICM:E,11,0,97,0,0,36,2,42,20,30,39,3A,32,31,56,;
ICM:2,83,0,85,;
ICM:E,11,0,97,0,0,36,2,42,20,30,39,3A,32,30,55,;
ICM:2,81,0,83,;
ICM:E,11,0,97,0,0,36,2,42,20,30,39,3A,31,39,5D,;
ICM:2,81,0,83,;
ICM:2,81,0,83,;
ICM:E,11,0,97,0,0,36,2,42,20,30,39,3A,30,39,5C,;
ICM:2,81,0,83,;
ICM:E,11,0,97,0,0,36,2,42,20,30,39,3A,31,30,54,;
ICM:E,11,0,97,0,0,36,2,42,20,30,39,3A,30,30,53,;
ICM:2,81,0,83,;
ICM:2,83,0,85,;
ICM:2,81,0,83,;
ICM:2,81,0,83,;
ICM:2,81,0,83,;
ICM:4,60,0,97,0,FB,;
ICM:5,70,0,2,0,1,78,;
ICM:5,70,0,81,0,1,F7,;
ICM:8,11,0,81,0,3,9C,2,0,3B,;
ICM:D,11,0,81,0,0,28,2,0,20,20,20,31,35,8F,;
ICM:2,81,0,83,;
ICM:2,83,0,85,;
ICM:2,81,0,83,;
ICM:2,81,0,83,;
ICM:2,81,0,83,;
ICM:2,81,0,83,;
ICM:2,81,0,83,;
ICM:2,83,0,85,;
ICM:2,81,0,83,;
ICM:2,81,0,83,;
ICM:2,81,0,83,;
ICM:2,81,0,83,;
ICM:2,83,0,85,;
ICM:2,81,0,83,;
ICM:5,70,0,81,0,0,F6,;
ICM:5,70,0,2,0,0,77,;
ICM:2,A0,0,A2,;
ICM:4,80,0,5,0,89,;
ICM:2,81,0,83,;
ICM:2,A0,0,A2,;
ICM:4,60,0,1E,0,82,;
ICM:4,80,0,1,0,85,;
ICM:2,81,0,83,;
ICM:2,81,0,83,;
ICM:2,81,0,83,;
ICM:2,83,0,85,;
ICM:2,81,0,83,;
ICM:2,81,0,83,;
ICM:2,81,0,83,;
ICM:2,81,0,83,;
ICM:2,83,0,85,;
ICM:2,81,0,83,;
ICM:2,81,0,83,;
ICM:4,80,0,1,0,85,;
ICM:F,10,0,1E,0,0,3,0,14,1C,0,0,0,1D,30,39,F6,;
ICM:F,10,0,1E,0,0,4,0,4,1C,0,20,0,1D,32,34,4,;
ICM:E,10,0,1E,0,1,3C,0,4,4,0,1C,0,1D,3A,F4,;
ICM:F,10,0,1E,0,1,3A,1,0,D,0,2F,0,36,41,4D,79,;
ICM:F,10,0,1E,0,1,3E,1,0,D,0,2F,0,36,50,4D,8C,;
ICM:F,10,0,1E,0,1,3E,1,0,D,0,2F,0,36,50,4D,8C,;
ICM:E,10,0,1E,0,1,3F,1,0,9,0,25,0,36,26,7,;
ICM:F,10,0,1E,0,1,3D,1,0,11,0,1,0,36,50,25,39,;
ICM:F,10,0,1E,0,1,3B,1,0,11,0,13,0,36,42,25,3B,;
ICM:5,70,0,81,0,1,F7,;
ICM:8,11,0,81,0,3,9C,2,0,3B,;
ICM:D,11,0,81,0,0,28,2,0,20,20,20,31,35,8F,;
ICM:5,70,0,2,0,1,78,;
ICM:4,80,0,5,0,89,;
ICM:5,70,0,1E,0,1,94,;
ICM:A,11,0,1E,0,0,3,2,14,30,39,BB,;
ICM:A,11,0,1E,0,0,4,2,4,32,34,A9,;
ICM:2,81,0,83,;
ICM:2,81,0,83,;
ICM:2,83,0,85,;
ICM:2,81,0,83,;
ICM:2,81,0,83,;
ICM:2,81,0,83,;
ICM:2,81,0,83,;
ICM:2,81,0,83,;
ICM:2,83,0,85,;
ICM:2,81,0,83,;
ICM:2,81,0,83,;
ICM:2,81,0,83,;
ICM:2,81,0,83,;
ICM:2,83,0,85,;
ICM:2,81,0,83,;
ICM:2,81,0,83,;
ICM:2,81,0,83,;
ICM:2,81,0,83,;
ICM:2,81,0,83,;
ICM:2,83,0,85,;
ICM:2,81,0,83,;
ICM:2,81,0,83,;
ICM:2,81,0,83,;