81,0
81,0
83,0
81,0
81,0
81,0
81,0
83,0
81,0
81,0
81,0
81,0
81,0
83,0
81,0
81,0
81,0
10,0,8E,0,7C,F0,0,2,AF,0,8E,0,4,43,6C,6F,63,6B,20,2F,20,41,6C,61,72,6D
10,0,8E,0,7C,F1,0,2,AF,0,8E,0,17,52,61,69,6E,20,53,65,6E,73,6F,72
10,0,8E,0,7C,F2,0,2,AF,0,8E,0,2A,43,6C,69,6D,61,74,65,20,53,79,73,74,65,6D
10,0,8E,0,7C,F3,1,2,AF,0,8E,0,3D
20,0,8E,0,0,9C,0,4,7C,F0,7C,F1,7C,F2,7C,F3
10,0,8E,0,7D,52,1,2,F,0,40,1,4,BA
10,0,8E,0,7D,53,0,2,F,0,40,1,2A,BC
11,0,8E,0,7C,F0,2,42
70,0,81,0,0
70,0,2,0,0
81,0
70,0,8E,0,1
83,0
81,0
81,0
81,0
81,0
81,0
83,0
81,0
81,0
81,0
11,0,8E,0,7C,F0,2,2
11,0,8E,0,7C,F1,2,42
81,0
83,0
81,0
81,0
81,0
11,0,8E,0,7C,F1,2,2
11,0,8E,0,7C,F2,2,42
11,0,8E,0,7C,F3,1,2,53,79,73,74,65,6D,20,53,65,74,74,69,6E,67,73
21,0,8E,0,0,9C,1,6
11,0,8E,0,7D,52,2,2
81,0
81,0
83,0
81,0
81,0
81,0
81,0
11,0,8E,0,7C,F0,1,2,45,78,69,74
21,0,8E,0,0,9C,1,6
11,0,8E,0,7D,53,3,2
11,0,8E,0,7D,52,2,2
83,0
81,0
81,0
81,0
81,0
81,0
83,0
81,0
81,0
81,0
81,0
60,0,8E,0
70,0,2,0,1
70,0,81,0,1
11,0,81,0,3,9C,2,0
11,0,81,0,0,28,2,0,20,20,20,31,35
83,0
81,0
81,0
81,0
81,0
81,0
83,0
81,0
81,0
81,0
81,0
81,0
83,0
60,0,81,0
10,0,83,0,3,8E,0,1,3C,0,8E,0,7,44,2E,54,2E,45,2E
10,0,83,0,0,29,0,12,2D,0,CB,0,4,20,20,32,32,36
10,0,83,0,3,96,1,1,3A,0,FE,0,7,6B,6D
10,0,83,0,3,99,1,1,3A,0,FE,0,7,6D,69,6C,65,73
11,0,83,0,3,96,2,0
11,0,83,0,0,29,2,0,20,20,32,32,31
81,0
70,0,83,0,1
81,0
81,0
81,0
83,0
81,0
81,0
60,0,83,0
10,0,81,0,3,9B,0,1,3C,0,8E,0,7,54,65,6D,70
10,0,81,0,0,28,0,12,2D,0,CB,0,4,20,20,20,31,35
10,0,81,0,3,9C,1,1,3A,0,FE,0,7,B0,43
10,0,81,0,3,9D,1,1,3A,0,FE,0,7,B0,46
11,0,81,0,3,9C,2,0
11,0,81,0,0,28,2,0,20,20,20,31,35
70,0,81,0,1
81,0
81,0
81,0
83,0
81,0
81,0
81,0
81,0
83,0
81,0
60,0,81,0
10,0,83,0,3,8E,0,1,3C,0,8E,0,7,44,2E,54,2E,45,2E
10,0,83,0,0,29,0,12,2D,0,CB,0,4,20,20,32,32,31
10,0,83,0,3,96,1,1,3A,0,FE,0,7,6B,6D
10,0,83,0,3,99,1,1,3A,0,FE,0,7,6D,69,6C,65,73
11,0,83,0,3,96,2,0
11,0,83,0,0,29,2,0,20,20,32,32,31
70,0,83,0,1
81,0
81,0
81,0
60,0,83,0
10,0,81,0,3,9B,0,1,3C,0,8E,0,7,54,65,6D,70
10,0,81,0,0,28,0,12,2D,0,CB,0,4,20,20,20,31,35
10,0,81,0,3,9C,1,1,3A,0,FE,0,7,B0,43
10,0,81,0,3,9D,1,1,3A,0,FE,0,7,B0,46
11,0,81,0,3,9C,2,0
11,0,81,0,0,28,2,0,20,20,20,31,35
81,0
83,0
70,0,81,0,1
81,0
81,0
81,0
81,0
83,0
81,0
81,0
81,0
81,0
81,0
83,0
81,0
81,0
81,0
81,0
83,0
81,0
81,0
81,0
81,0
81,0
83,0
60,0,81,0
10,0,8D,0,3,60,0,2,E1,0,8E,0,17,54,72,69,70,20,63,6F,6D,70,75,74,65,72,20,63,6C,65,61,72,65,64,2E
70,0,2,0,0
70,0,8D,0,1
81,0
81,0
81,0
81,0
83,0
81,0
81,0
81,0
81,0
81,0
60,0,8D,0
10,0,81,0,3,9B,0,1,3C,0,8E,0,7,54,65,6D,70
10,0,81,0,0,28,0,12,2D,0,CB,0,4,20,20,20,31,35
10,0,81,0,3,9C,1,1,3A,0,FE,0,7,B0,43
10,0,81,0,3,9D,1,1,3A,0,FE,0,7,B0,46
11,0,81,0,3,9C,2,0
11,0,81,0,0,28,2,0,20,20,20,31,35
70,0,2,0,1
83,0
70,0,81,0,1
81,0
81,0
81,0
81,0
81,0
83,0
81,0
81,0
81,0
81,0
83,0
81,0