;
ICM:2,83,0,85,;
SID:;
SID:4,84,0,18,1F,BF,;
ICM:;
ICM:2,8ICM:2,81ICM:2,81,0,83,;
SID:;
SID:4,82,0,0,0,86,;
ICM:;
ICM:2,81,0,83,;
SID:4,82,0,0,0,86,;
ICM:;
ICM:2,83,0,85,;
SID:4,84,0,18,1F,BF,;
ICM:;
ICM:2,81,0,83,;
SID:4,82,0,0,0,86,;
ICM:;
ICM:2,81,0,83,;
SID:;
SID:4,82,0,0,0,86,;
ICM:;
ICM:2,81,0,83,;
SID:;
SID:4,82,0,0,0,86,;
ICM:;
ICM:2,81,0,83,;
SID:4,82,0,0,0,86,;
ICM:;
ICM:2,83,0,85,;
SID:;
SID:4,84,0,18,1F,BF,;
ICM:;
ICM:2,81,0,83,;
SID:;
SID:4,82,0,0,0,86,;
ICM:;
ICM:2,81,0,83,;
SID:;
SID:4,82,0,0,0,86,;
ICM:;
ICM:2,81,0,83,;
SID:;
SID:4,82,0,0,0,86,;
ICM:;
ICM:2,81,0,83,;
SID:;
SID:4,82,0,0,0,86,;
ICM:;
ICM:2,81,0,83,;
SID:;
SID:4,82,0,0,0,86,;
ICM:;
ICM:2,83,0,85,;
SID:;
SID:4,84,0,18,1F,BF,;
ICM:;
ICM:4,60,0,81,0,E5,;
SID:;
SID:2,FF,0,1,;
ICM:;
ICM:13,10,0,83,0,3,8E,0,1,3C,0,8E,0,7,44,2E,54,2E,45,2E,70,;
SID:2,FF,0,1,;
ICM:;
ICM:12,10,0,83,0,0,29,0,12,2D,0,CB,0,4,20,20,32,32,31,B1,;
SID:;
SID:2,FF,0,1,;
ICM:;
ICM:F,10,0,83,0,3,96,1,1,3A,0,FE,0,7,6B,6D,54,;
SID:;
SID:2,FF,0,1,;
ICM:;
ICM:12,10,0,83,0,3,99,1,1,3A,0,FE,0,7,6D,69,6C,65,73,9C,;
SID:;
SID:2,FF,0,1,;
ICM:;
ICM:8,11,0,83,0,3,96,2,0,37,;
SID:;
SID:2,FF,0,1,;
ICM:;
ICM:D,11,0,83,0,0,29,2,0,20,20,32,32,34,A4,;
SID:;
SID:2,FF,0,1,;
ICM:;
ICM:5,70,0,83,0,1,F9,;
SID:2,FF,0,1,;
ICM:;
ICM:2,81,0,83,;
SID:;
SID:4,82,0,0,0,86,;
ICM:;
ICM:2,81,0,83,;
SID:;
SID:4,82,0,0,0,86,;
ICM:;
ICM:2,81,0,83,;
SID:4,82,0,0,0,86,;
ICM:;
ICM:2,81,0,83,;
SID:;
SID:4,82,0,0,0,86,;
ICM:;
ICM:2,83,0,85,;
SID:;
SID:4,84,0,18,1F,BF,;
ICM:;
ICM:2,81,0,83,;
SID:;
SID:4,82,0,0,0,86,;
ICM:;
ICM:4,60,0,83,0,E7,;
SID:;
SID:2,FF,0,1,;
ICM:;
ICM:13,10,0,82,0,3,93,0,1,3C,0,8E,0,7,46,75,65,6C,20,D8,91,;
SID:;
SID:2,FF,0,1,;
ICM:;
ICM:12,10,0,82,0,0,2B,0,12,2D,0,CB,0,4,20,20,2D,2D,2D,A4,;
SID:;
SID:2,FF,0,1,;
ICM:;
ICM:14,10,0,82,0,3,94,1,1,3A,0,FE,0,7,6C,2F,31,30,30,6B,6D,82,;
SID:;
SID:2,FF,0,1,;
ICM:;
ICM:10,10,0,82,0,3,95,1,1,3A,0,FE,0,7,6D,70,67,BF,;
SID:;
SID:2,FF,0,1,;
ICM:;
ICM:8,11,0,82,0,3,94,2,0,34,;
SID:;
SID:2,FF,0,1,;
ICM:;
ICM:D,11,0,82,0,0,2B,2,0,20,20,2D,2D,2D,94,;
SID:;
SID:2,FF,0,1,;
ICM:;
ICM:5,70,0,82,0,1,F8,;
SID:;
SID:2,FF,0,1,;
ICM:;
ICM:2,81,0,83,;
SID:;
SID:4,82,0,0,0,86,;
ICM:;
ICM:2,81,0,83,;
SID:;
SID:4,82,0,0,0,86,;
ICM:;
ICM:2,81,0,83,;
SID:;
SID:4,82,0,0,0,86,;
ICM:;
ICM:2,81,0,83,;
SID:;
SID:4,82,0,0,0,86,;
ICM:;
ICM:2,83,0,85,;
SID:;
SID:4,84,0,18,1F,BF,;
ICM:;
ICM:2,81,0,83,;
SID:;
SID:4,82,0,0,0,86,;
ICM:;
ICM:4,60,0,82,0,E6,;
SID:;
SID:2,FF,0,1,;
ICM:;
ICM:13,10,0,83,0,3,8E,0,1,3C,0,8E,0,7,44,2E,54,2E,45,2E,70,;
SID:;
SID:2,FF,0,1,;
ICM:;
ICM:12,10,0,83,0,0,29,0,12,2D,0,CB,0,4,20,20,32,32,34,B4,;
SID:;
SID:2,FF,0,1,;
ICM:;
ICM:F,10,0,83,0,3,96,1,1,3A,0,FE,0,7,6B,6D,54,;
SID:;
SID:2,FF,0,1,;
ICM:;
ICM:12,10,0,83,0,3,99,1,1,3A,0,FE,0,7,6D,69,6C,65,73,9C,;
SID:;
SID:2,FF,0,1,;
ICM:;
ICM:8,11,0,83,0,3,96,2,0,37,;
SID:2,FF,0,1,;
ICM:;
ICM:D,11,0,83,0,0,29,2,0,20,20,32,32,34,A4,;
SID:;
SID:2,FF,0,1,;
ICM:;
ICM:2,81,0,83,;
SID:;
SID:4,82,0,0,0,86,;
ICM:;
ICM:5,70,0,83,0,1,F9,;
SID:2,FF,0,1,;
ICM:;
ICM:2,81,0,83,;
SID:;
SID:4,82,0,0,0,86,;
ICM:;
ICM:2,81,0,83,;
SID:;
SID:4,82,0,0,0,86,;
ICM:;
ICM:2,83,0,85,;
SID:;
SID:4,84,0,18,1F,BF,;
ICM:;
ICM:2,81,0,83,;
SID:;
SID:4,82,0,0,0,86,;
ICM:;
ICM:2,81,0,83,;
SID:;
SID:4,82,0,0,0,86,;
ICM:;
ICM:2,81,0,83,;
SID:;
SID:4,82,0,0,0,86,;
ICM:;
ICM:2,81,0,83,;
SID:;
SID:4,82,0,0,0,86,;
ICM:;
ICM:4,60,0,83,0,E7,;
SID:;
SID:2,FF,0,1,;
ICM:;
ICM:11,10,0,81,0,3,9B,0,1,3C,0,8E,0,7,54,65,6D,70,A8,;
SID:;
SID:2,FF,0,1,;
ICM:12,10,0,81,0,0,28,0,12,2D,0,CB,0,4,20,20,20,31,35,9F,;
SID:;
SID:2,FF,0,1,;
ICM:F,10,0,81,0,3,9C,1,1,3A,0,FE,0,7,B0,43,73,;
SID:;
SID:2,FF,0,1,;
ICM:;
ICM:F,10,0,81,0,3,9D,1,1,3A,0,FE,0,7,B0,46,77,;
SID:;
SID:2,FF,0,1,;
ICM:;
ICM:8,11,0,81,0,3,9C,2,0,3B,;
SID:2,FF,0,1,;
ICM:;
ICM:D,11,0,81,0,0,28,2,0,20,20,20,31,35,8F,;
SID:;
SID:2,FF,0,1,;
ICM:;
ICM:5,70,0,81,0,1,F7,;
SID:;
SID:2,FF,0,1,;
ICM:;
ICM:2,81,0,83,;
SID:;
SID:4,82,0,0,0,86,;
ICM:;
ICM:2,83,0,85,;
SID:;
SID:4,84,0,18,1F,BF,;
ICM:;
ICM:2,81,0,83,;
SID:;
SID:4,82,0,0,0,86,;
ICM:;
ICM:2,81,0,83,;
SID:;
SID:4,82,0,0,0,86,;
ICM:;
ICM:2,81,0,83,;
SID:;
SID:4,82,0,0,0,86,;
ICM:;
ICM:2,81,0,83,;
SID:;
SID:4,82,0,0,0,86,;
ICM:;
ICM:2,83,0,85,;
SID:;
SID:4,84,0,18,1F,BF,;
ICM:;
ICM:2,81,0,83,;
SID:;
SID:4,82,0,0,0,86,;
ICM:;
ICM:4,60,0,81,0,E5,;
SID:;
SID:2,FF,0,1,;
ICM:;
ICM:13,10,0,83,0,3,8E,0,1,3C,0,8E,0,7,44,2E,54,2E,45,2E,70,;
SID:;
SID:2,FF,0,1,;
ICM:;
ICM:12,10,0,83,0,0,29,0,12,2D,0,CB,0,4,20,20,32,32,34,B4,;
SID:;
SID:2,FF,0,1,;
ICM:;
ICM:F,10,0,83,0,3,96,1,1,3A,0,FE,0,7,6B,6D,54,;
SID:;
SID:2,FF,0,1,;
ICM:;
ICM:12,10,0,83,0,3,99,1,1,3A,0,FE,0,7,6D,69,6C,65,73,9C,;
SID:;
SID:2,FF,0,1,;
ICM:8,11,0,83,0,3,96,2,0,37,;
SID:2,FF,0,1,;
ICM:;
ICM:D,11,0,83,0,0,29,2,0,20,20,32,32,34,A4,;
SID:2,FF,0,1,;
ICM:;
ICM:5,70,0,83,0,1,F9,;
SID:;
SID:2,FF,0,1,;
ICM:;
ICM:2,81,0,83,;
SID:;
SID:4,82,0,0,0,86,;
ICM:;
ICM:4,60,0,83,0,E7,;
SID:;
SID:2,FF,0,1,;
ICM:;
ICM:13,10,0,82,0,3,93,0,1,3C,0,8E,0,7,46,75,65,6C,20,D8,91,;
SID:;
SID:2,FF,0,1,;
ICM:;
ICM:12,10,0,82,0,0,2B,0,12,2D,0,CB,0,4,20,20,2D,2D,2D,A4,;
SID:;
SID:2,FF,0,1,;
ICM:;
ICM:14,10,0,82,0,3,94,1,1,3A,0,FE,0,7,6C,2F,31,30,30,6B,6D,82,;
SID:;
SID:2,FF,0,1,;
ICM:10,10,0,82,0,3,95,1,1,3A,0,FE,0,7,6D,70,67,BF,;
SID:;
SID:2,FF,0,1,;
ICM:;
ICM:8,11,0,82,0,3,94,2,0,34,;
SID:;
SID:2,FF,0,1,;
ICM:;
ICM:D,11,0,82,0,0,2B,2,0,20,20,2D,2D,2D,94,;
SID:2,FF,0,1,;
ICM:;
ICM:2,81,0,83,;
SID:;
SID:4,82,0,0,0,86,;
ICM:;
ICM:5,70,0,82,0,1,F8,;
SID:;
SID:2,FF,0,1,;
ICM:;
ICM:2,81,0,83,;
SID:;
SID:4,82,0,0,0,86,;
ICM:;
ICM:2,81,0,83,;
SID:;
SID:4,82,0,0,0,86,;
ICM:;
ICM:2,83,0,85,;
SID:;
SID:4,84,0,18,1F,BF,;
ICM:;
ICM:2,81,0,83,;
SID:;
SID:4,82,0,0,0,86,;
ICM:;
ICM:2,81,0,83,;
SID:;
SID:4,82,0,0,0,86,;
ICM:;
ICM:2,81,0,83,;
SID:;
SID:4,82,0,0,0,86,;
ICM:;
ICM:4,60,0,82,0,E6,;
SID:;
SID:2,FF,0,1,;
ICM:;
ICM:14,10,0,86,0,3,5F,0,1,3C,0,8E,0,7,53,70,65,65,64,20,D8,C7,;
SID:;
SID:2,FF,0,1,;
ICM:;
ICM:12,10,0,86,0,0,2B,0,12,2D,0,CB,0,4,20,20,2D,2D,2D,A8,;
SID:;
SID:2,FF,0,1,;
ICM:;
ICM:11,10,0,86,0,3,97,1,1,3A,0,FE,0,7,6B,6D,2F,68,F1,;
SID:;
SID:2,FF,0,1,;
ICM:;
ICM:14,10,0,86,0,3,9A,1,1,3A,0,FE,0,7,6D,69,6C,65,73,2F,68,39,;
SID:;
SID:2,FF,0,1,;
ICM:;
ICM:D,11,0,86,0,0,2B,2,0,20,20,2D,2D,2D,98,;
SID:2,FF,0,1,;
ICM:;
ICM:8,11,0,86,0,3,97,2,0,3B,;
SID:;
SID:2,FF,0,1,;
ICM:;
ICM:2,81,0,83,;
SID:;
SID:4,82,0,0,0,86,;
ICM:;
ICM:5,70,0,86,0,1,FC,;
SID:;
SID:2,FF,0,1,;
ICM:;
ICM:4,60,0,86,0,EA,;
SID:;
SID:2,FF,0,1,;
ICM:;
ICM:12,10,0,85,0,3,90,0,1,3C,0,8E,0,7,41,72,72,69,76,10,;
SID:;
SID:2,FF,0,1,;
ICM:;
ICM:12,10,0,85,0,0,2D,0,12,2D,0,CB,0,4,30,39,3A,32,30,E7,;
SID:;
SID:2,FF,0,1,;
ICM:;
ICM:F,10,0,85,0,3,91,1,1,3A,0,FE,0,7,41,4D,7,;
SID:2,FF,0,1,;
ICM:;
ICM:F,10,0,85,0,3,92,1,1,3A,0,FE,0,7,50,4D,17,;
SID:;
SID:2,FF,0,1,;
ICM:;
ICM:D,11,0,85,0,0,2D,2,0,30,39,3A,32,35,DC,;
SID:2,FF,0,1,;
ICM:;
ICM:5,70,0,85,0,1,FB,;
SID:;
SID:2,FF,0,1,;
ICM:;
ICM:2,83,0,85,;
SID:;
SID:4,84,0,18,1F,BF,;
ICM:;
ICM:2,81,0,83,;
SID:;
SID:4,82,0,0,0,86,;
ICM:;
ICM:2,81,0,83,;
SID:;
SID:4,82,0,0,0,86,;
ICM:;
ICM:2,81,0,83,;
SID:;
SID:4,82,0,0,0,86,;
ICM:;
ICM:2,81,0,83,;
SID:;
SID:4,82,0,0,0,86,;
ICM:;
ICM:2,81,0,83,;
SID:;
SID:4,82,0,0,0,86,;
ICM:;
ICM:2,83,0,85,;
SID:;
SID:4,84,0,18,1F,BF,;
ICM:;
ICM:2,81,0,83,;
SID:;
SID:4,82,0,0,0,86,;
ICM:;
ICM:4,60,0,85,0,E9,;
SID:;
SID:2,FF,0,1,;
ICM:;
ICM:11,10,0,84,0,3,8C,0,1,3C,0,8E,0,7,44,69,73,74,9A,;
SID:2,FF,0,1,;
ICM:;
ICM:E,10,0,84,0,3,8D,1,1,14,0,36,1,7,A9,2F,;
SID:2,FF,0,1,;
ICM:;
ICM:12,10,0,84,0,0,2C,0,12,2D,0,CB,0,4,20,20,20,20,30,90,;
SID:2,FF,0,1,;
ICM:;
ICM:12,10,0,84,0,3,99,1,1,3A,0,FE,0,7,6D,69,6C,65,73,9D,;
SID:2,FF,0,1,;
ICM:;
ICM:F,10,0,84,0,3,96,1,1,3A,0,FE,0,7,6B,6D,55,;
SID:2,FF,0,1,;
ICM:;
ICM:E,10,0,84,0,3,98,1,1,3A,0,FE,0,7,6D,EB,;
SID:2,FF,0,1,;
ICM:;
ICM:8,11,0,84,0,3,98,2,0,3A,;
SID:;
SID:2,FF,0,1,;
ICM:;
ICM:D,11,0,84,0,0,2C,2,0,20,20,20,20,30,80,;
SID:2,FF,0,1,;
ICM:;
ICM:8,11,0,84,0,3,8D,2,0,2F,;
SID:;
SID:2,FF,0,1,;
ICM:;
ICM:5,70,0,84,0,1,FA,;
SID:;
SID:2,FF,0,1,;
ICM:;
ICM:2,81,0,83,;
SID:;
SID:4,82,0,0,0,86,;
ICM:;
ICM:2,81,0,83,;
SID:;
SID:4,82,0,0,0,86,;
ICM:;
ICM:2,81,0,83,;
SID:;
SID:4,82,0,0,0,86,;
ICM:;
ICM:2,83,0,85,;
SID:;
SID:4,84,0,18,1F,BF,;
ICM:;
ICM:2,81,0,83,;
SID:;
SID:4,82,0,0,0,86,;
ICM:;
ICM:2,81,0,83,;
SID:;
SID:4,82,0,0,0,86,;
ICM:;
ICM:4,60,0,84,0,E8,;
SID:;
SID:2,FF,0,1,;
ICM:;
ICM:12,10,0,85,0,3,90,0,1,3C,0,8E,0,7,41,72,72,69,76,10,;
SID:2,FF,0,1,;
ICM:;
ICM:12,10,0,85,0,0,2D,0,12,2D,0,CB,0,4,30,39,3A,32,35,EC,;
SID:2,FF,0,1,;
ICM:;
ICM:F,10,0,85,0,3,91,1,1,3A,0,FE,0,7,41,4D,7,;
SID:2,FF,0,1,;
ICM:;
ICM:F,10,0,85,0,3,92,1,1,3A,0,FE,0,7,50,4D,17,;
SID:2,FF,0,1,;
ICM:;
ICM:D,11,0,85,0,0,2D,2,0,30,39,3A,32,35,DC,;
SID:2,FF,0,1,;
ICM:;
ICM:5,70,0,85,0,1,FB,;
SID:;
SID:2,FF,0,1,;
ICM:;
ICM:2,81,0,83,;
SID:;
SID:4,82,0,0,0,86,;
ICM:;
ICM:2,81,0,83,;
SID:;
SID:4,82,0,0,0,86,;
ICM:;
ICM:2,81,0,83,;
SID:;
SID:4,82,0,0,0,86,;
ICM:;
ICM:2,83,0,85,;
SID:;
SID:4,84,0,18,1F,BF,;
ICM:;
ICM:2,81,0,83,;
SID:;
SID:4,82,0,0,0,86,;
ICM:;
ICM:4,60,0,85,0,E9,;
SID:;
SID:2,FF,0,1,;
ICM:;
ICM:11,10,0,84,0,3,8C,0,1,3C,0,8E,0,7,44,69,73,74,9A,;
SID:2,FF,0,1,;
ICM:;
ICM:E,10,0,84,0,3,8D,1,1,14,0,36,1,7,A9,2F,;
SID:2,FF,0,1,;
ICM:;
ICM:12,10,0,84,0,0,2C,0,12,2D,0,CB,0,4,20,20,20,20,30,90,;
SID:2,FF,0,1,;
ICM:;
ICM:12,10,0,84,0,3,99,1,1,3A,0,FE,0,7,6D,69,6C,65,73,9D,;
SID:2,FF,0,1,;
ICM:;
ICM:F,10,0,84,0,3,96,1,1,3A,0,FE,0,7,6B,6D,55,;
SID:2,FF,0,1,;
ICM:;
ICM:E,10,0,84,0,3,98,1,1,3A,0,FE,0,7,6D,EB,;
SID:2,FF,0,1,;
ICM:;
ICM:8,11,0,84,0,3,98,2,0,3A,;
SID:;
SID:2,FF,0,1,;
ICM:;
ICM:D,11,0,84,0,0,2C,2,0,20,20,20,20,30,80,;
SID:2,FF,0,1,;
ICM:;
ICM:8,11,0,84,0,3,8D,2,0,2F,;
SID:;
SID:2,FF,0,1,;
ICM:;
ICM:2,81,0,83,;
SID:;
SID:4,82,0,0,0,86,;
ICM:;
ICM:5,70,0,84,0,1,FA,;
SID:;
SID:2,FF,0,1,;
ICM:;
ICM:4,60,0,84,0,E8,;
SID:;
SID:2,FF,0,1,;
ICM:;
ICM:12,10,0,85,0,3,90,0,1,3C,0,8E,0,7,41,72,72,69,76,10,;
SID:2,FF,0,1,;
ICM:;
ICM:12,10,0,85,0,0,2D,0,12,2D,0,CB,0,4,30,39,3A,32,35,EC,;
SID:2,FF,0,1,;
ICM:;
ICM:F,10,0,85,0,3,91,1,1,3A,0,FE,0,7,41,4D,7,;
SID:2,FF,0,1,;
ICM:;
ICM:F,10,0,85,0,3,92,1,1,3A,0,FE,0,7,50,4D,17,;
SID:2,FF,0,1,;
ICM:;
ICM:D,11,0,85,0,0,2D,2,0,30,39,3A,32,35,DC,;
SID:;
SID:2,FF,0,1,;
ICM:;
ICM:5,70,0,85,0,1,FB,;
SID:;
SID:2,FF,0,1,;
ICM:;
ICM:2,81,0,83,;
SID:;
SID:4,82,0,0,0,86,;
ICM:;
ICM:4,60,0,85,0,E9,;
SID:;
SID:2,FF,0,1,;
ICM:;
ICM:11,10,0,88,0,3,61,0,1,3C,0,8E,0,7,44,61,74,65,5D,;
SID:2,FF,0,1,;
ICM:;
ICM:10,10,0,88,0,0,30,0,2,2D,0,D1,0,4,53,61,74,4,;
SID:2,FF,0,1,;
ICM:;
ICM:F,10,0,88,0,0,33,0,12,14,0,FF,0,4,32,39,6E,;
SID:2,FF,0,1,;
ICM:;
ICM:10,10,0,88,0,0,2F,0,2,28,0,1A,1,4,41,75,67,3D,;
SID:2,FF,0,1,;
ICM:;
ICM:B,11,0,88,0,0,30,2,2,53,61,74,0,;
SID:;
SID:2,FF,0,1,;
ICM:;
ICM:A,11,0,88,0,0,33,2,12,32,39,55,;
SID:;
SID:2,FF,0,1,;
ICM:;
ICM:B,11,0,88,0,0,2F,2,2,41,75,67,F4,;
SID:;
SID:2,FF,0,1,;
ICM:;
ICM:5,70,0,88,0,1,FE,;
SID:;
SID:2,FF,0,1,;
ICM:;
ICM:2,81,0,83,;
SID:;
SID:4,82,0,0,0,86,;
ICM:;
ICM:2,81,0,83,;
SID:;
SID:4,82,0,0,0,86,;
ICM:;
ICM:2,83,0,85,;
SID:;
SID:4,84,0,18,1F,BF,;
ICM:;
ICM:2,81,0,83,;
SID:;
SID:4,82,0,0,0,86,;
ICM:;
ICM:2,81,0,83,;
SID:;
SID:4,82,0,0,0,86,;
ICM:;
ICM:4,60,0,88,0,EC,;
SID:;
SID:2,FF,0,1,;
ICM:;
ICM:14,10,0,87,0,3,9E,0,1,3C,0,8E,0,7,53,70,65,65,64,20,57,86,;
SID:2,FF,0,1,;
ICM:;
ICM:12,10,0,87,0,0,2E,0,12,2D,0,CB,0,4,20,20,31,34,38,C2,;
SID:2,FF,0,1,;
ICM:;
ICM:11,10,0,87,0,3,97,1,1,3A,0,FE,0,7,6B,6D,2F,68,F2,;
SID:2,FF,0,1,;
ICM:;
ICM:14,10,0,87,0,3,9A,1,1,3A,0,FE,0,7,6D,69,6C,65,73,2F,68,3A,;
SID:2,FF,0,1,;
ICM:;
ICM:E,10,0,87,0,3,9F,1,2,C,0,3B,1,4,2A,C0,;
SID:;
SID:2,FF,0,1,;
ICM:;
ICM:8,11,0,87,0,3,97,2,0,3C,;
SID:;
SID:2,FF,0,1,;
ICM:;
ICM:D,11,0,87,0,0,2E,2,0,20,20,31,34,38,B2,;
SID:;
SID:2,FF,0,1,;
ICM:;
ICM:8,11,0,87,0,3,9F,2,0,44,;
SID:;
SID:2,FF,0,1,;
ICM:;
ICM:2,81,0,83,;
SID:;
SID:4,82,0,0,0,86,;
ICM:;
ICM:5,70,0,87,0,1,FD,;
SID:;
SID:2,FF,0,1,;
ICM:;
ICM:4,60,0,87,0,EB,;
SID:;
SID:2,FF,0,1,;
ICM:;
ICM:11,10,0,84,0,3,8C,0,1,3C,0,8E,0,7,44,69,73,74,9A,;
SID:2,FF,0,1,;
ICM:;
ICM:E,10,0,84,0,3,8D,1,1,14,0,36,1,7,A9,2F,;
SID:;
SID:2,FF,0,1,;
ICM:;
ICM:12,10,0,84,0,0,2C,0,12,2D,0,CB,0,4,20,20,20,20,30,90,;
SID:2,FF,0,1,;
ICM:;
ICM:12,10,0,84,0,3,99,1,1,3A,0,FE,0,7,6D,69,6C,65,73,9D,;
SID:2,FF,0,1,;
ICM:;
ICM:F,10,0,84,0,3,96,1,1,3A,0,FE,0,7,6B,6D,55,;
SID:2,FF,0,1,;
ICM:;
ICM:E,10,0,84,0,3,98,1,1,3A,0,FE,0,7,6D,EB,;
SID:;
SID:2,FF,0,1,;
ICM:;
ICM:8,11,0,84,0,3,98,2,0,3A,;
SID:;
SID:2,FF,0,1,;
ICM:;
ICM:D,11,0,84,0,0,2C,2,0,20,20,20,20,30,80,;
SID:;
SID:2,FF,0,1,;
ICM:;
ICM:8,11,0,84,0,3,8D,2,0,2F,;
SID:;
SID:2,FF,0,1,;
ICM:;
ICM:5,70,0,84,0,1,FA,;
SID:;
SID:2,FF,0,1,;
ICM:;
ICM:4,60,0,84,0,E8,;
SID:;
SID:2,FF,0,1,;
ICM:;
ICM:14,10,0,86,0,3,5F,0,1,3C,0,8E,0,7,53,70,65,65,64,20,D8,C7,;
SID:2,FF,0,1,;
ICM:;
ICM:12,10,0,86,0,0,2B,0,12,2D,0,CB,0,4,20,20,2D,2D,2D,A8,;
SID:2,FF,0,1,;
ICM:;
ICM:11,10,0,86,0,3,97,1,1,3A,0,FE,0,7,6B,6D,2F,68,F1,;
SID:2,FF,0,1,;
ICM:;
ICM:14,10,0,86,0,3,9A,1,1,3A,0,FE,0,7,6D,69,6C,65,73,2F,68,39,;
SID:2,FF,0,1,;
ICM:;
ICM:D,11,0,86,0,0,2B,2,0,20,20,2D,2D,2D,98,;
SID:;
SID:2,FF,0,1,;
ICM:;
ICM:8,11,0,86,0,3,97,2,0,3B,;
SID:;
SID:2,FF,0,1,;
ICM:;
ICM:2,81,0,83,;
SID:;
SID:4,82,0,0,0,86,;
ICM:;
ICM:5,70,0,86,0,1,FC,;
SID:;
SID:2,FF,0,1,;
ICM:;
ICM:2,83,0,85,;
SID:;
SID:4,84,0,18,1F,BF,;
ICM:;
ICM:2,81,0,83,;
SID:;
SID:4,82,0,0,0,86,;
ICM:;
ICM:2,81,0,83,;
SID:;
SID:4,82,0,0,0,86,;
ICM:;
ICM:2,81,0,83,;
SID:;
SID:4,82,0,0,0,86,;
ICM:;
ICM:2,81,0,83,;
SID:;
SID:4,82,0,0,0,86,;
ICM:;
ICM:2,83,0,85,;
SID:;
SID:4,84,0,18,1F,BF,;
ICM:;
ICM:4,60,0,86,0,EA,;
SID:;
SID:2,FF,0,1,;
ICM:;
ICM:14,10,0,87,0,3,9E,0,1,3C,0,8E,0,7,53,70,65,65,64,20,57,86,;
SID:2,FF,0,1,;
ICM:;
ICM:12,10,0,87,0,0,2E,0,12,2D,0,CB,0,4,20,20,31,34,38,C2,;
SID:2,FF,0,1,;
ICM:;
ICM:11,10,0,87,0,3,97,1,1,3A,0,FE,0,7,6B,6D,2F,68,F2,;
SID:2,FF,0,1,;
ICM:;
ICM:14,10,0,87,0,3,9A,1,1,3A,0,FE,0,7,6D,69,6C,65,73,2F,68,3A,;
SID:2,FF,0,1,;
ICM:;
ICM:E,10,0,87,0,3,9F,1,2,C,0,3B,1,4,2A,C0,;
SID:;
SID:2,FF,0,1,;
ICM:;
ICM:8,11,0,87,0,3,97,2,0,3C,;
SID:;
SID:2,FF,0,1,;
ICM:;
ICM:D,11,0,87,0,0,2E,2,0,20,20,31,34,38,B2,;
SID:;
SID:2,FF,0,1,;
ICM:;
ICM:8,11,0,87,0,3,9F,2,0,44,;
SID:;
SID:2,FF,0,1,;
ICM:;
ICM:2,81,0,83,;
SID:;
SID:4,82,0,0,0,86,;
ICM:;
ICM:5,70,0,87,0,1,FD,;
SID:;
SID:2,FF,0,1,;
ICM:;
ICM:2,81,0,83,;
SID:;
SID:4,82,0,0,0,86,;
ICM:;
ICM:2,81,0,83,;
SID:;
SID:4,82,0,0,0,86,;
ICM:;
ICM:2,81,0,83,;
SID:;
SID:4,82,0,0,0,86,;
ICM:;
ICM:2,81,0,83,;
SID:;
SID:4,82,0,0,0,86,;
ICM:;
ICM:2,83,0,85,;
SID:;
SID:4,84,0,18,1F,BF,;
ICM:;
ICM:2,81,0,83,;
SID:;
SID:4,82,0,0,0,86,;
ICM:;
ICM:2,81,0,83,;
SID:4,82,0,0,0,86,;
ICM:;
ICM:2,81,0,83,;
SID:4,82,0,0,0,86,;
ICM:;
ICM:2,81,0,83,;
SID:4,82,0,0,0,86,;
ICM:;
ICM:2,83,0,85,;
SID:4,84,0,18,1F,BF,;
ICM:;
ICM:8,11,0,87,0,3,97,2,0,3C,;
SID:;
SID:2,FF,0,1,;
ICM:;
ICM:D,11,0,87,0,0,2E,2,40,20,20,31,34,38,F2,;
SID:;
SID:2,FF,0,1,;
ICM:;
ICM:8,11,0,87,0,3,9F,3,0,45,;
SID:;
SID:2,FF,0,1,;
ICM:;
ICM:2,81,0,83,;
SID:;
SID:4,82,0,0,0,86,;
ICM:;
ICM:2,81,0,83,;
SID:;
SID:4,82,0,0,0,86,;
ICM:;
ICM:2,81,0,83,;
SID:;
SID:4,82,0,0,0,86,;
ICM:;
ICM:2,81,0,83,;
SID:;
SID:4,82,0,0,0,86,;
ICM:;
ICM:2,81,0,83,;
SID:;
SID:4,82,0,0,0,86,;
ICM:;
ICM:2,83,0,85,;
SID:;
SID:4,84,0,18,1F,BF,;
ICM:;
ICM:2,81,0,83,;
SID:4,82,0,0,0,86,;
ICM:;
ICM:2,81,0,83,;
SID:;
SID:4,82,0,0,0,86,;
ICM:;
ICM:2,81,0,83,;
SID:;
SID:4,82,0,0,0,86,;
ICM:;
ICM:2,81,0,83,;
SID:;
SID:4,82,0,0,0,86,;
ICM:;
ICM:2,83,0,85,;
SID:;
SID:4,84,0,18,1F,BF,;
ICM:;
ICM:D,11,0,87,0,0,2E,2,0,20,20,31,34,38,B2,;
SID:;
SID:2,FF,0,1,;
ICM:;
ICM:8,11,0,87,0,3,9F,2,0,44,;
SID:;
SID:2,FF,0,1,;
ICM:;
ICM:2,81,0,83,;
SID:;
SID:4,82,0,0,0,86,;
ICM:;
ICM:2,81,0,83,;
SID:;
SID:4,82,0,0,0,86,;
ICM:;
ICM:2,81,0,83,;
SID:;
SID:4,82,0,0,0,86,;
ICM:;
ICM:2,81,0,83,;
SID:;
SID:4,82,0,0,0,86,;
ICM:;
ICM:2,81,0,83,;
SID:;
SID:4,82,0,0,0,86,;
ICM:;
ICM:2,83,0,85,;
SID:;
SID:4,84,0,18,1F,BF,;
ICM:;
ICM:2,81,0,83,;
SID:;
SID:4,82,0,0,0,86,;
ICM:;
ICM:2,81,0,83,;
SID:;
SID:4,82,0,0,0,86,;
ICM:;
ICM:2,81,0,83,;
SID:;
SID:4,82,0,0,0,86,;
ICM:;
ICM:2,81,0,83,;
SID:;
SID:4,82,0,0,0,86,;
ICM:;
ICM:2,83,0,85,;
SID:;
SID:4,84,0,18,1F,BF,;
ICM:;
ICM:2,81,0,83,;
SID:;
SID:4,82,0,0,0,86,;
ICM:;
ICM:2,81,0,83,;
SID:;
SID:4,82,0,0,0,86,;
ICM:;
ICM:2,81,0,83,;
SID:;
SID:4,82,0,0,0,86,;
ICM:;
ICM:2,81,0,83,;
SID:;
SID:4,82,0,0,0,86,;
ICM:;
ICM:2,81,0,83,;
SID:;
SID:4,82,0,0,0,86,;
ICM:;
ICM:2,83,0,85,;
SID:;
SID:4,84,0,18,1F,BF,;
ICM:;
ICM:2,81,0,83,;
SID:;
SID:4,82,0,0,0,86,;
ICM:;
ICM:2,81,0,83,;
SID:;
SID:4,82,0,0,0,86,;
ICM:;
