81,0
83,0
81,0
81,0
83,0
81,0
81,0
81,0
81,0
83,0
81,0
81,0
81,0
81,0
81,0
83,0
81,0
81,0
70,0,87,0,0
70,0,0,0,0
A0,0
80,0,25,0
60,0,1E,0
81,0
80,0,1,0
81,0
83,0
81,0
81,0
81,0
81,0
81,0
83,0
81,0
80,0,1,0
10,0,1E,0,0,3,0,14,1C,0,0,0,1D,30,39
10,0,1E,0,0,4,0,4,1C,0,20,0,1D,32,38
10,0,1E,0,1,3C,0,4,4,0,1C,0,1D,3A
10,0,1E,0,1,3A,1,0,D,0,2F,0,36,41,4D
10,0,1E,0,1,3E,1,0,D,0,2F,0,36,50,4D
10,0,1E,0,1,3F,1,0,9,0,25,0,36,26
10,0,1E,0,1,3D,1,0,11,0,1,0,36,50,25
10,0,1E,0,1,3B,1,0,11,0,13,0,36,42,25
70,0,0,0,1
70,0,87,0,1
11,0,87,0,3,97,2,0
11,0,87,0,0,2E,2,0,20,20,31,34,38
11,0,87,0,3,9F,2,0
80,0,25,0
70,0,1E,0,1
11,0,1E,0,0,3,2,14,30,39
11,0,1E,0,0,4,2,4,32,38
11,0,0,0,0,E,2,2,54,72,69,70,6C,65,20,4D
81,0
81,0
81,0
83,0
81,0
81,0
81,0
81,0
81,0
83,0
81,0
81,0
11,0,0,0,0,14,2,1,53,43,41,4E
11,0,0,0,3,59,2,0
11,0,0,0,3,4E,2,0
11,0,0,0,3,53,3,0
11,0,0,0,3,34,3,0
11,0,0,0,3,55,3,0
11,0,0,0,3,35,2,0
11,0,0,0,0,E,2,2,54,72,69,70,6C,65,20,4D
11,0,0,0,0,13,2,1,20
81,0
11,0,0,0,3,59,2,0
11,0,0,0,3,4E,2,0
11,0,0,0,0,E,2,2,31,30,35,2E,31,30,20,4D,48,7A
81,0
11,0,0,0,3,59,2,0
11,0,0,0,3,4E,2,0
11,0,0,0,0,E,2,2,31,30,35,2E,39,30,20,4D,48,7A
83,0
81,0
11,0,0,0,3,59,2,0
11,0,0,0,3,4E,2,0
11,0,0,0,0,E,2,2,31,30,36,2E,33,30,20,4D,48,7A
81,0
11,0,0,0,3,59,2,0
11,0,0,0,3,4E,2,0
11,0,0,0,0,E,2,2,31,30,36,2E,37,30,20,4D,48,7A
81,0
81,0
11,0,0,0,3,59,2,0
11,0,0,0,3,4E,2,0
11,0,0,0,0,E,2,2,31,30,37,2E,31,30,20,4D,48,7A
81,0
83,0
11,0,0,0,3,59,2,0
11,0,0,0,3,4E,2,0
11,0,0,0,0,E,2,2,31,30,37,2E,35,30,20,4D,48,7A
81,0
81,0
11,0,0,0,0,E,2,2,31,30,37,2E,35,30,20,4D,48,7A
81,0
81,0
83,0
81,0
11,0,0,0,3,59,2,0
11,0,0,0,3,4E,2,0
11,0,0,0,0,E,2,2,20,38,38,2E,39,30,20,4D,48,7A
81,0
11,0,0,0,3,59,2,0
11,0,0,0,3,4E,2,0
11,0,0,0,0,E,2,2,20,38,39,2E,39,30,20,4D,48,7A
81,0
81,0
81,0
83,0
11,0,0,0,0,E,2,2,20,38,39,2E,39,30,20,4D,48,7A
81,0
81,0
81,0
11,0,0,0,3,59,2,0
11,0,0,0,3,59,2,0
11,0,0,0,3,4E,2,0
11,0,0,0,0,E,2,2,20,39,30,2E,33,30,20,4D,48,7A
81,0
83,0
11,0,0,0,3,59,2,0
11,0,0,0,3,4E,2,0
11,0,0,0,0,E,2,2,20,39,30,2E,35,30,20,4D,48,7A
81,0
11,0,0,0,3,59,2,0
11,0,0,0,3,4E,2,0
11,0,0,0,0,E,2,2,20,39,30,2E,37,30,20,4D,48,7A
81,0
81,0
11,0,0,0,3,59,2,0
11,0,0,0,3,4E,2,0
11,0,0,0,0,E,2,2,20,39,31,2E,35,30,20,4D,48,7A
81,0
81,0
83,0
11,0,0,0,0,E,2,2,20,39,31,2E,35,30,20,4D,48,7A
81,0
81,0
81,0
11,0,0,0,3,59,2,0
11,0,0,0,3,4E,2,0
11,0,0,0,0,E,2,2,20,39,32,2E,31,30,20,4D,48,7A
81,0
83,0
11,0,0,0,3,59,2,0
11,0,0,0,3,4E,2,0
11,0,0,0,0,E,2,2,20,39,32,2E,33,30,20,4D,48,7A
81,0
81,0
11,0,0,0,3,59,2,0
11,0,0,0,3,4E,2,0
11,0,0,0,0,E,2,2,20,39,32,2E,39,30,20,4D,48,7A
11,0,0,0,3,59,2,0
11,0,0,0,3,4E,2,0
11,0,0,0,0,E,2,2,20,39,33,2E,31,30,20,4D,48,7A
81,0
11,0,0,0,3,59,2,0
11,0,0,0,3,4E,2,0
11,0,0,0,0,E,2,2,20,39,33,2E,33,30,20,4D,48,7A
81,0
11,0,0,0,3,59,2,0
11,0,0,0,3,4E,2,0
11,0,0,0,0,E,2,2,20,39,34,2E,35,30,20,4D,48,7A
81,0
83,0
11,0,0,0,3,59,2,0
11,0,0,0,3,4E,2,0
11,0,0,0,0,E,2,2,20,39,34,2E,39,30,20,4D,48,7A
81,0
81,0
11,0,0,0,0,14,2,1,46,4D
11,0,0,0,3,59,2,0
11,0,0,0,3,4E,2,0
11,0,0,0,3,53,3,0
11,0,0,0,3,34,3,0
11,0,0,0,3,55,3,0
11,0,0,0,3,35,2,0
11,0,0,0,0,E,2,2,31,30,35,2E,31,30,20,4D,48,7A
11,0,0,0,0,13,2,1,20
11,0,0,0,0,E,2,2,31,30,35,2E,31,30,20,4D,48,7A
81,0
11,0,0,0,3,59,2,0
11,0,0,0,3,4E,2,0
11,0,0,0,0,E,2,2,54,72,69,70,6C,65,20,4D
81,0
83,0
11,0,0,0,3,59,2,0
11,0,0,0,3,4E,2,0
11,0,0,0,0,E,2,2,54,72,69,70,6C,65,20,4D
81,0
81,0
11,0,0,0,0,14,2,1,46,4D,32
11,0,0,0,3,35,3,0
81,0
11,0,0,0,3,59,2,0
11,0,0,0,3,4E,2,0
11,0,0,0,0,E,2,2,31,30,36,2E,37,30,20,4D,48,7A
11,0,0,0,0,13,2,1,20,31
81,0
81,0
83,0
81,0
81,0
81,0
81,0
11,0,0,0,3,59,3,0
11,0,0,0,3,4E,3,0
83,0
81,0
81,0
81,0
81,0
81,0
83,0
81,0
11,0,0,0,3,59,3,0
11,0,0,0,3,4E,3,0
11,0,0,0,0,E,2,2,31,30,36,2E,37,30,20,4D,48,7A
81,0
81,0
81,0
83,0
81,0
11,0,0,0,0,14,2,1,41,4D
11,0,0,0,3,35,3,0
11,0,0,0,3,59,3,0
A0,0
11,0,0,0,3,4E,3,0
11,0,0,0,0,E,2,2,20,20,20,35,33,30,20,6B,48,7A
81,0
11,0,0,0,0,13,2,1,20
81,0
81,0
81,0
83,0
81,0
81,0
81,0
81,0
83,0
81,0
81,0
11,0,0,0,0,14,2,1,53,43,41,4E
11,0,0,0,3,59,3,0
11,0,0,0,3,4E,3,0
11,0,0,0,3,53,3,0
11,0,0,0,3,34,3,0
11,0,0,0,3,55,3,0
11,0,0,0,3,35,3,0
11,0,0,0,0,E,2,2,20,20,20,35,33,30,20,6B,48,7A
11,0,0,0,0,13,2,1,20
81,0
81,0
11,0,0,0,3,59,3,0
11,0,0,0,3,4E,3,0
11,0,0,0,0,E,2,2,20,20,20,35,34,30,20,6B,48,7A
81,0
83,0
81,0
11,0,0,0,0,E,2,2,20,20,20,35,34,30,20,6B,48,7A
81,0
11,0,0,0,0,14,2,1,41,4D
11,0,0,0,3,59,3,0
11,0,0,0,3,4E,3,0
11,0,0,0,3,53,3,0
11,0,0,0,3,34,3,0
11,0,0,0,3,55,3,0
11,0,0,0,3,35,3,0
11,0,0,0,0,E,2,2,20,20,20,35,34,30,20,6B,48,7A
11,0,0,0,0,13,2,1,20
81,0
81,0
83,0
81,0
81,0
11,0,0,0,0,14,2,1,46,4D,31
11,0,0,0,3,35,3,0
81,0
11,0,0,0,3,59,3,0
11,0,0,0,3,4E,3,0
11,0,0,0,0,E,2,2,31,30,36,2E,37,30,20,4D,48,7A
11,0,0,0,0,13,2,1,20,31
81,0
81,0
83,0
81,0
81,0
81,0
81,0
81,0
83,0
81,0
10,0,2,0,1,FA,0,1,1E,0,8E,0,22,41,55,58
10,0,2,0,2,3,0,2,22,0,CF,0,1F,50,6C,61,79
70,0,0,0,0
70,0,2,0,1
81,0
60,0,0,0
81,0
81,0
83,0
81,0
81,0
81,0
81,0
81,0
83,0
81,0
60,0,87,0
10,0,86,0,3,5F,0,1,3C,0,8E,0,7,53,70,65,65,64,20,D8
10,0,86,0,0,2B,0,12,2D,0,CB,0,4,20,20,2D,2D,2D
10,0,86,0,3,97,1,1,3A,0,FE,0,7,6B,6D,2F,68
10,0,86,0,3,9A,1,1,3A,0,FE,0,7,6D,69,6C,65,73,2F,68
11,0,86,0,0,2B,2,0,20,20,2D,2D,2D
11,0,86,0,3,97,2,0
81,0
70,0,86,0,1
60,0,86,0
10,0,82,0,3,93,0,1,3C,0,8E,0,7,46,75,65,6C,20,D8
10,0,82,0,0,2B,0,12,2D,0,CB,0,4,20,20,2D,2D,2D
10,0,82,0,3,94,1,1,3A,0,FE,0,7,6C,2F,31,30,30,6B,6D
10,0,82,0,3,95,1,1,3A,0,FE,0,7,6D,70,67
11,0,82,0,3,94,2,0
11,0,82,0,0,2B,2,0,20,20,2D,2D,2D
70,0,82,0,1
60,0,82,0
10,0,83,0,3,8E,0,1,3C,0,8E,0,7,44,2E,54,2E,45,2E
10,0,83,0,0,29,0,12,2D,0,CB,0,4,20,20,32,32,34
10,0,83,0,3,96,1,1,3A,0,FE,0,7,6B,6D
10,0,83,0,3,99,1,1,3A,0,FE,0,7,6D,69,6C,65,73
11,0,83,0,3,96,2,0
11,0,83,0,0,29,2,0,20,20,32,33,31
81,0
70,0,83,0,1
60,0,83,0
10,0,81,0,3,9B,0,1,3C,0,8E,0,7,54,65,6D,70
10,0,81,0,0,28,0,12,2D,0,CB,0,4,20,20,20,31,35
10,0,81,0,3,9C,1,1,3A,0,FE,0,7,B0,43
10,0,81,0,3,9D,1,1,3A,0,FE,0,7,B0,46
11,0,81,0,3,9C,2,0
11,0,81,0,0,28,2,0,20,20,20,31,36
70,0,81,0,1
81,0
83,0
81,0
81,0
81,0
81,0
81,0
83,0
81,0
81,0
81,0
81,0
83,0
81,0
81,0
81,0
81,0
81,0
83,0
81,0
81,0
81,0
81,0
83,0
81,0
11,0,1E,0,0,4,2,4,32,39
81,0
81,0
81,0
81,0
83,0
81,0
81,0
81,0
81,0
81,0
83,0
81,0
81,0
81,0
81,0
83,0
81,0
81,0
81,0
81,0
81,0
83,0
81,0
81,0
81,0
81,0
83,0
81,0
81,0
81,0
81,0
81,0
83,0
81,0
81,0
81,0
81,0
83,0
81,0
81,0
81,0
81,0
81,0
83,0
81,0
81,0
81,0
81,0
81,0
83,0
81,0
81,0
81,0
81,0
83,0
81,0