SID:;
SID:4,82,0,0,0,86,;
ICM:;
ICM:2,81,0,83,;
SID:;
SID:4,82,0,0,0,86,;
ICM:;
ICM:2,83,0,85,;
SID:;
SID:4,84,0,18,20,C0,;
ICM:;
ICM:2,81,0,83,;
SID:;
SID:4,82,0,0,0,86,;
ICM:;ICM:2,81,0,83,;
SID:;
SID:4,82,0,0,0,86,;
ICM:;
ICM:2,83,0,85,;
SID:;
SID:4,84,0,18,20,C0,;
ICM:;
ICM:2,81,0,83,;
SID:;
SID:4,82,0,0,0,86,;
ICM:;
ICM:2,81,0,83,;
SID:;
SID:4,82,0,0,0,86,;
ICM:;
ICM:2,81,0,83,;
SID:;
SID:4,82,0,0,0,86,;
ICM:;
ICM:2,81,0,83,;
SID:;
SID:4,82,0,0,0,86,;
ICM:;
ICM:2,83,0,85,;
SID:;
SID:4,84,0,18,20,C0,;
ICM:;
ICM:2,81,0,83,;
SID:;
SID:4,82,0,0,0,86,;
ICM:;
ICM:2,81,0,83,;
SID:;
SID:4,82,0,0,0,86,;
ICM:;
ICM:2,81,0,83,;
SID:;
SID:4,82,0,0,0,86,;
ICM:;
ICM:2,81,0,83,;
SID:;
SID:4,82,0,0,0,86,;
ICM:;
ICM:2,81,0,83,;
SID:;
SID:4,82,0,0,0,86,;
ICM:;
ICM:2,83,0,85,;
SID:;
SID:4,84,0,18,20,C0,;
ICM:;
ICM:2,81,0,83,;
SID:;
SID:4,82,0,0,0,86,;
ICM:;
ICM:2,81,0,83,;
SID:;
SID:4,82,0,0,0,86,;
ICM:;
ICM:5,70,0,87,0,0,FC,;
SID:;
SID:2,FF,0,1,;
ICM:5,70,0,0,0,0,75,;
SID:;
SID:2,FF,0,1,;
ICM:;
ICM:2,A0,0,A2,;
SID:;
SID:2,FF,0,1,;
ICM:;
ICM:4,80,0,25,0,A9,;
SID:;
SID:2,FF,0,1,;
ICM:;
ICM:4,60,0,1E,0,82,;
SID:;
SID:2,FF,0,1,;
ICM:;
ICM:2,81,0,83,;
SID:;
SID:4,82,0,0,0,86,;
ICM:;
ICM:4,80,0,1,0,85,;
SID:;
SID:2,FF,0,1,;
ICM:;
ICM:2,81,0,83,;
SID:;
SID:4,82,0,0,0,86,;
ICM:;
ICM:2,83,0,85,;
SID:;
SID:4,84,0,18,20,C0,;
ICM:;
ICM:2,81,0,83,;
SID:;
SID:4,82,0,0,0,86,;
ICM:;
ICM:2,81,0,83,;
SID:;
SID:4,82,0,0,0,86,;
ICM:;
ICM:2,81,0,83,;
SID:;
SID:4,82,0,0,0,86,;
ICM:;
ICM:2,81,0,83,;
SID:;
SID:4,82,0,0,0,86,;
ICM:;
ICM:2,81,0,83,;
SID:;
SID:4,82,0,0,0,86,;
ICM:;
ICM:2,83,0,85,;
SID:;
SID:4,84,0,18,20,C0,;
ICM:;
ICM:2,81,0,83,;
SID:;
SID:4,82,0,0,0,86,;
ICM:;
ICM:4,80,0,1,0,85,;
SID:;
SID:2,FF,0,1,;
ICM:;
ICM:F,10,0,1E,0,0,3,0,14,1C,0,0,0,1D,30,39,F6,;
SID:2,FF,0,1,;
ICM:;
ICM:F,10,0,1E,0,0,4,0,4,1C,0,20,0,1D,32,38,8,;
SID:2,FF,0,1,;
ICM:;
ICM:E,10,0,1E,0,1,3C,0,4,4,0,1C,0,1D,3A,F4,;
SID:;
SID:2,FF,0,1,;
ICM:;
ICM:F,10,0,1E,0,1,3A,1,0,D,0,2F,0,36,41,4D,79,;
SID:;
SID:2,FF,0,1,;
ICM:;
ICM:F,10,0,1E,0,1,3E,1,0,D,0,2F,0,36,50,4D,8C,;
SID:2,FF,0,1,;
ICM:;
ICM:E,10,0,1E,0,1,3F,1,0,9,0,25,0,36,26,7,;
SID:;
SID:2,FF,0,1,;
ICM:;
ICM:F,10,0,1E,0,1,3D,1,0,11,0,1,0,36,50,25,39,;
SID:2,FF,0,1,;
ICM:;
ICM:F,10,0,1E,0,1,3B,1,0,11,0,13,0,36,42,25,3B,;
SID:2,FF,0,1,;
ICM:;
ICM:5,70,0,0,0,1,76,;
SID:;
SID:2,FF,0,1,;
ICM:;
ICM:5,70,0,87,0,1,FD,;
SID:;
SID:2,FF,0,1,;
ICM:;
ICM:8,11,0,87,0,3,97,2,0,3C,;
SID:;
SID:2,FF,0,1,;
ICM:;
ICM:D,11,0,87,0,0,2E,2,0,20,20,31,34,38,B2,;
SID:2,FF,0,1,;
ICM:;
ICM:8,11,0,87,0,3,9F,2,0,44,;
SID:;
SID:2,FF,0,1,;
ICM:;
ICM:4,80,0,25,0,A9,;
SID:;
SID:2,FF,0,1,;
ICM:;
ICM:5,70,0,1E,0,1,94,;
SID:;
SID:2,FF,0,1,;
ICM:;
ICM:A,11,0,1E,0,0,3,2,14,30,39,BB,;
SID:;
SID:2,FF,0,1,;
ICM:;
ICM:A,11,0,1E,0,0,4,2,4,32,38,AD,;
SID:2,FF,0,1,;
ICM:;
ICM:10,11,0,0,0,0,E,2,2,54,72,69,70,6C,65,20,4D,10,;
SID:;
SID:2,FF,0,1,;
ICM:2,81,0,83,;
SID:;
SID:4,82,0,0,0,86,;
ICM:;
ICM:2,81,0,83,;
SID:;
SID:4,82,0,0,0,86,;
ICM:;
ICM:2,81,0,83,;
SID:;
SID:4,82,0,0,0,86,;
ICM:;
ICM:2,83,0,85,;
SID:;
SID:4,84,0,18,20,C0,;
ICM:;
ICM:2,81,0,83,;
SID:;
SID:4,82,0,0,0,86,;
ICM:;
ICM:2,81,0,83,;
SID:;
SID:4,82,0,0,0,86,;
ICM:;
ICM:2,81,0,83,;
SID:;
SID:4,82,0,0,0,86,;
ICM:;
ICM:2,81,0,83,;
SID:;
SID:4,82,0,0,0,86,;
ICM:;
ICM:2,81,0,83,;
SID:;
SID:4,82,0,0,0,86,;
ICM:;
ICM:2,83,0,85,;
SID:;
SID:4,84,0,18,20,C0,;
ICM:;
ICM:2,81,0,83,;
SID:;
SID:4,82,0,0,0,86,;
ICM:;
ICM:2,81,0,83,;
SID:;
SID:4,82,0,0,0,86,;
ICM:;
ICM:C,11,0,0,0,0,14,2,1,53,43,41,4E,59,;
SID:2,FF,0,1,;
ICM:;
ICM:8,11,0,0,0,3,59,2,0,77,;
SID:;
SID:2,FF,0,1,;
ICM:;
ICM:8,11,0,0,0,3,4E,2,0,6C,;
SID:;
SID:2,FF,0,1,;
ICM:;
ICM:8,11,0,0,0,3,53,3,0,72,;
SID:;
SID:2,FF,0,1,;
ICM:;
ICM:8,11,0,0,0,3,34,3,0,53,;
SID:;
SID:2,FF,0,1,;
ICM:;
ICM:8,11,0,0,0,3,55,3,0,74,;
SID:;
SID:2,FF,0,1,;
ICM:;
ICM:8,11,0,0,0,3,35,2,0,53,;
SID:;
SID:2,FF,0,1,;
ICM:;
ICM:10,11,0,0,0,0,E,2,2,54,72,69,70,6C,65,20,4D,10,;
SID:2,FF,0,1,;
ICM:;
ICM:9,11,0,0,0,0,13,2,1,20,50,;
SID:;
SID:2,FF,0,1,;
ICM:;
ICM:2,81,0,83,;
SID:;
SID:4,82,0,0,0,86,;
ICM:;
ICM:8,11,0,0,0,3,59,2,0,77,;
SID:;
SID:2,FF,0,1,;
ICM:;
ICM:8,11,0,0,0,3,4E,2,0,6C,;
SID:;
SID:2,FF,0,1,;
ICM:;
ICM:12,11,0,0,0,0,E,2,2,31,30,35,2E,31,30,20,4D,48,7A,89,;
SID:;
SID:2,FF,0,1,;
ICM:;
ICM:2,81,0,83,;
SID:;
SID:4,82,0,0,0,86,;
ICM:;
ICM:8,11,0,0,0,3,59,2,0,77,;
SID:;
SID:2,FF,0,1,;
ICM:;
ICM:8,11,0,0,0,3,4E,2,0,6C,;
SID:;
SID:2,FF,0,1,;
ICM:;
ICM:12,11,0,0,0,0,E,2,2,31,30,35,2E,39,30,20,4D,48,7A,91,;
SID:;
SID:2,FF,0,1,;
ICM:;
ICM:2,83,0,85,;
SID:;
SID:4,84,0,18,20,C0,;
ICM:;
ICM:2,81,0,83,;
SID:;
SID:4,82,0,0,0,86,;
ICM:;
ICM:8,11,0,0,0,3,59,2,0,77,;
SID:;
SID:2,FF,0,1,;
ICM:;
ICM:8,11,0,0,0,3,4E,2,0,6C,;
SID:;
SID:2,FF,0,1,;
ICM:;
ICM:12,11,0,0,0,0,E,2,2,31,30,36,2E,33,30,20,4D,48,7A,8C,;
SID:2,FF,0,1,;
ICM:;
ICM:2,81,0,83,;
SID:;
SID:4,82,0,0,0,86,;
ICM:;
ICM:8,11,0,0,0,3,59,2,0,77,;
SID:;
SID:2,FF,0,1,;
ICM:;
ICM:8,11,0,0,0,3,4E,2,0,6C,;
SID:;
SID:2,FF,0,1,;
ICM:;
ICM:12,11,0,0,0,0,E,2,2,31,30,36,2E,37,30,20,4D,48,7A,90,;
SID:2,FF,0,1,;
ICM:;
ICM:2,81,0,83,;
SID:;
SID:4,82,0,0,0,86,;
ICM:;
ICM:2,81,0,83,;
SID:;
SID:4,82,0,0,0,86,;
ICM:;
ICM:8,11,0,0,0,3,59,2,0,77,;
SID:;
SID:2,FF,0,1,;
ICM:;
ICM:8,11,0,0,0,3,4E,2,0,6C,;
SID:;
SID:2,FF,0,1,;
ICM:;
ICM:12,11,0,0,0,0,E,2,2,31,30,37,2E,31,30,20,4D,48,7A,8B,;
SID:2,FF,0,1,;
ICM:;
ICM:2,81,0,83,;
SID:;
SID:4,82,0,0,0,86,;
ICM:;
ICM:2,83,0,85,;
SID:;
SID:4,84,0,18,20,C0,;
ICM:;
ICM:8,11,0,0,0,3,59,2,0,77,;
SID:;
SID:2,FF,0,1,;
ICM:;
ICM:8,11,0,0,0,3,4E,2,0,6C,;
SID:;
SID:2,FF,0,1,;
ICM:;
ICM:12,11,0,0,0,0,E,2,2,31,30,37,2E,35,30,20,4D,48,7A,8F,;
SID:2,FF,0,1,;
ICM:;
ICM:2,81,0,83,;
SID:;
SID:4,82,0,0,0,86,;
ICM:;
ICM:2,81,0,83,;
SID:;
SID:4,82,0,0,0,86,;
ICM:;
ICM:12,11,0,0,0,0,E,2,2,31,30,37,2E,35,30,20,4D,48,7A,8F,;
SID:2,FF,0,1,;
ICM:;
ICM:2,81,0,83,;
SID:;
SID:4,82,0,0,0,86,;
ICM:;
ICM:2,81,0,83,;
SID:;
SID:4,82,0,0,0,86,;
ICM:;
ICM:2,83,0,85,;
SID:;
SID:4,84,0,18,20,C0,;
ICM:;
ICM:2,81,0,83,;
SID:;
SID:4,82,0,0,0,86,;
ICM:;
ICM:8,11,0,0,0,3,59,2,0,77,;
SID:;
SID:2,FF,0,1,;
ICM:;
ICM:8,11,0,0,0,3,4E,2,0,6C,;
SID:;
SID:2,FF,0,1,;
ICM:;
ICM:12,11,0,0,0,0,E,2,2,20,38,38,2E,39,30,20,4D,48,7A,8B,;
SID:2,FF,0,1,;
ICM:;
ICM:2,81,0,83,;
SID:;
SID:4,82,0,0,0,86,;
ICM:;
ICM:8,11,0,0,0,3,59,2,0,77,;
SID:;
SID:2,FF,0,1,;
ICM:;
ICM:8,11,0,0,0,3,4E,2,0,6C,;
SID:;
SID:2,FF,0,1,;
ICM:;
ICM:12,11,0,0,0,0,E,2,2,20,38,39,2E,39,30,20,4D,48,7A,8C,;
SID:2,FF,0,1,;
ICM:;
ICM:2,81,0,83,;
SID:;
SID:4,82,0,0,0,86,;
ICM:;
ICM:2,81,0,83,;
SID:;
SID:4,82,0,0,0,86,;
ICM:;
ICM:2,81,0,83,;
SID:;
SID:4,82,0,0,0,86,;
ICM:;
ICM:2,83,0,85,;
SID:;
SID:4,84,0,18,20,C0,;
ICM:;
ICM:12,11,0,0,0,0,E,2,2,20,38,39,2E,39,30,20,4D,48,7A,8C,;
SID:2,FF,0,1,;
ICM:;
ICM:2,81,0,83,;
SID:;
SID:4,82,0,0,0,86,;
ICM:;
ICM:2,81,0,83,;
SID:;
SID:4,82,0,0,0,86,;
ICM:;
ICM:2,81,0,83,;
SID:;
SID:4,82,0,0,0,86,;
ICM:;
ICM:8,11,0,0,0,3,59,2,0,77,;
SID:;
SID:2,FF,0,1,;
ICM:;
ICM:8,11,0,0,0,3,59,2,0,77,;
SID:;
SID:2,FF,0,1,;
ICM:;
ICM:8,11,0,0,0,3,4E,2,0,6C,;
SID:;
SID:2,FF,0,1,;
ICM:;
ICM:12,11,0,0,0,0,E,2,2,20,39,30,2E,33,30,20,4D,48,7A,7E,;
SID:2,FF,0,1,;
ICM:;
ICM:2,81,0,83,;
SID:;
SID:4,82,0,0,0,86,;
ICM:;
ICM:2,83,0,85,;
SID:;
SID:4,84,0,18,20,C0,;
ICM:;
ICM:8,11,0,0,0,3,59,2,0,77,;
SID:;
SID:2,FF,0,1,;
ICM:;
ICM:8,11,0,0,0,3,4E,2,0,6C,;
SID:;
SID:2,FF,0,1,;
ICM:;
ICM:12,11,0,0,0,0,E,2,2,20,39,30,2E,35,30,20,4D,48,7A,80,;
SID:2,FF,0,1,;
ICM:;
ICM:2,81,0,83,;
SID:;
SID:4,82,0,0,0,86,;
ICM:;
ICM:8,11,0,0,0,3,59,2,0,77,;
SID:;
SID:2,FF,0,1,;
ICM:;
ICM:8,11,0,0,0,3,4E,2,0,6C,;
SID:;
SID:2,FF,0,1,;
ICM:;
ICM:12,11,0,0,0,0,E,2,2,20,39,30,2E,37,30,20,4D,48,7A,82,;
SID:2,FF,0,1,;
ICM:;
ICM:2,81,0,83,;
SID:;
SID:4,82,0,0,0,86,;
ICM:;
ICM:2,81,0,83,;
SID:;
SID:4,82,0,0,0,86,;
ICM:;
ICM:8,11,0,0,0,3,59,2,0,77,;
SID:;
SID:2,FF,0,1,;
ICM:;
ICM:8,11,0,0,0,3,4E,2,0,6C,;
SID:;
SID:2,FF,0,1,;
ICM:;
ICM:12,11,0,0,0,0,E,2,2,20,39,31,2E,35,30,20,4D,48,7A,81,;
SID:2,FF,0,1,;
ICM:;
ICM:2,81,0,83,;
SID:;
SID:4,82,0,0,0,86,;
ICM:;
ICM:2,81,0,83,;
SID:;
SID:4,82,0,0,0,86,;
ICM:;
ICM:2,83,0,85,;
SID:;
SID:4,84,0,18,20,C0,;
ICM:;
ICM:12,11,0,0,0,0,E,2,2,20,39,31,2E,35,30,20,4D,48,7A,81,;
SID:2,FF,0,1,;
ICM:;
ICM:2,81,0,83,;
SID:;
SID:4,82,0,0,0,86,;
ICM:;
ICM:2,81,0,83,;
SID:;
SID:4,82,0,0,0,86,;
ICM:;
ICM:2,81,0,83,;
SID:;
SID:4,82,0,0,0,86,;
ICM:;
ICM:8,11,0,0,0,3,59,2,0,77,;
SID:;
SID:2,FF,0,1,;
ICM:;
ICM:8,11,0,0,0,3,4E,2,0,6C,;
SID:;
SID:2,FF,0,1,;
ICM:;
ICM:12,11,0,0,0,0,E,2,2,20,39,32,2E,31,30,20,4D,48,7A,7E,;
SID:2,FF,0,1,;
ICM:;
ICM:2,81,0,83,;
SID:;
SID:4,82,0,0,0,86,;
ICM:;
ICM:2,83,0,85,;
SID:;
SID:4,84,0,18,20,C0,;
ICM:;
ICM:8,11,0,0,0,3,59,2,0,77,;
SID:;
SID:2,FF,0,1,;
ICM:;
ICM:8,11,0,0,0,3,4E,2,0,6C,;
SID:;
SID:2,FF,0,1,;
ICM:;
ICM:12,11,0,0,0,0,E,2,2,20,39,32,2E,33,30,20,4D,48,7A,80,;
SID:2,FF,0,1,;
ICM:;
ICM:2,81,0,83,;
SID:;
SID:4,82,0,0,0,86,;
ICM:;
ICM:2,81,0,83,;
SID:;
SID:4,82,0,0,0,86,;
ICM:;
ICM:8,11,0,0,0,3,59,2,0,77,;
SID:2,FF,0,1,;
ICM:;
ICM:8,11,0,0,0,3,4E,2,0,6C,;
SID:;
SID:2,FF,0,1,;
ICM:;
ICM:12,11,0,0,0,0,E,2,2,20,39,32,2E,39,30,20,4D,48,7A,86,;
SID:2,FF,0,1,;
ICM:;
ICM:8,11,0,0,0,3,59,2,0,77,;
SID:;
SID:2,FF,0,1,;
ICM:;
ICM:8,11,0,0,0,3,4E,2,0,6C,;
SID:;
SID:2,FF,0,1,;
ICM:;
ICM:12,11,0,0,0,0,E,2,2,20,39,33,2E,31,30,20,4D,48,7A,7F,;
SID:2,FF,0,1,;
ICM:;
ICM:2,81,0,83,;
SID:;
SID:4,82,0,0,0,86,;
ICM:;
ICM:8,11,0,0,0,3,59,2,0,77,;
SID:;
SID:2,FF,0,1,;
ICM:;
ICM:8,11,0,0,0,3,4E,2,0,6C,;
SID:;
SID:2,FF,0,1,;
ICM:;
ICM:12,11,0,0,0,0,E,2,2,20,39,33,2E,33,30,20,4D,48,7A,81,;
SID:2,FF,0,1,;
ICM:;
ICM:2,81,0,83,;
SID:;
SID:4,82,0,0,0,86,;
ICM:;
ICM:8,11,0,0,0,3,59,2,0,77,;
SID:;
SID:2,FF,0,1,;
ICM:;
ICM:8,11,0,0,0,3,4E,2,0,6C,;
SID:;
SID:2,FF,0,1,;
ICM:;
ICM:12,11,0,0,0,0,E,2,2,20,39,34,2E,35,30,20,4D,48,7A,84,;
SID:2,FF,0,1,;
ICM:;
ICM:2,81,0,83,;
SID:;
SID:4,82,0,0,0,86,;
ICM:;
ICM:2,83,0,85,;
SID:;
SID:4,84,0,18,20,C0,;
ICM:;
ICM:8,11,0,0,0,3,59,2,0,77,;
SID:;
SID:2,FF,0,1,;
ICM:;
ICM:8,11,0,0,0,3,4E,2,0,6C,;
SID:;
SID:2,FF,0,1,;
ICM:;
ICM:12,11,0,0,0,0,E,2,2,20,39,34,2E,39,30,20,4D,48,7A,88,;
SID:2,FF,0,1,;
ICM:;
ICM:2,81,0,83,;
SID:;
SID:4,82,0,0,0,86,;
ICM:;
ICM:2,81,0,83,;
SID:;
SID:4,82,0,0,0,86,;
ICM:;
ICM:A,11,0,0,0,0,14,2,1,46,4D,C5,;
SID:;
SID:2,FF,0,1,;
ICM:;
ICM:8,11,0,0,0,3,59,2,0,77,;
SID:;
SID:2,FF,0,1,;
ICM:;
ICM:8,11,0,0,0,3,4E,2,0,6C,;
SID:;
SID:2,FF,0,1,;
ICM:;
ICM:8,11,0,0,0,3,53,3,0,72,;
SID:;
SID:2,FF,0,1,;
ICM:;
ICM:8,11,0,0,0,3,34,3,0,53,;
SID:;
SID:2,FF,0,1,;
ICM:;
ICM:8,11,0,0,0,3,55,3,0,74,;
SID:;
SID:2,FF,0,1,;
ICM:;
ICM:8,11,0,0,0,3,35,2,0,53,;
SID:;
SID:2,FF,0,1,;
ICM:;
ICM:12,11,0,0,0,0,E,2,2,31,30,35,2E,31,30,20,4D,48,7A,89,;
SID:2,FF,0,1,;
ICM:;
ICM:9,11,0,0,0,0,13,2,1,20,50,;
SID:;
SID:2,FF,0,1,;
ICM:;
ICM:12,11,0,0,0,0,E,2,2,31,30,35,2E,31,30,20,4D,48,7A,89,;
SID:2,FF,0,1,;
ICM:;
ICM:2,81,0,83,;
SID:;
SID:4,82,0,0,0,86,;
ICM:;
ICM:8,11,0,0,0,3,59,2,0,77,;
SID:;
SID:2,FF,0,1,;
ICM:;
ICM:8,11,0,0,0,3,4E,2,0,6C,;
SID:;
SID:2,FF,0,1,;
ICM:;
ICM:10,11,0,0,0,0,E,2,2,54,72,69,70,6C,65,20,4D,10,;
SID:2,FF,0,1,;
ICM:;
ICM:2,81,0,83,;
SID:;
SID:4,82,0,0,0,86,;
ICM:;
ICM:2,83,0,85,;
SID:;
SID:4,84,0,18,20,C0,;
ICM:;
ICM:8,11,0,0,0,3,59,2,0,77,;
SID:;
SID:2,FF,0,1,;
ICM:;
ICM:8,11,0,0,0,3,4E,2,0,6C,;
SID:;
SID:2,FF,0,1,;
ICM:;
ICM:10,11,0,0,0,0,E,2,2,54,72,69,70,6C,65,20,4D,10,;
SID:2,FF,0,1,;
ICM:;
ICM:2,81,0,83,;
SID:;
SID:4,82,0,0,0,86,;
ICM:;
ICM:2,81,0,83,;
SID:;
SID:4,82,0,0,0,86,;
ICM:;
ICM:B,11,0,0,0,0,14,2,1,46,4D,32,F8,;
SID:;
SID:2,FF,0,1,;
ICM:;
ICM:8,11,0,0,0,3,35,3,0,54,;
SID:;
SID:2,FF,0,1,;
ICM:;
ICM:2,81,0,83,;
SID:;
SID:4,82,0,0,0,86,;
ICM:;
ICM:8,11,0,0,0,3,59,2,0,77,;
SID:;
SID:2,FF,0,1,;
ICM:;
ICM:8,11,0,0,0,3,4E,2,0,6C,;
SID:2,FF,0,1,;
ICM:;
ICM:12,11,0,0,0,0,E,2,2,31,30,36,2E,37,30,20,4D,48,7A,90,;
SID:;
SID:2,FF,0,1,;
ICM:;
ICM:A,11,0,0,0,0,13,2,1,20,31,82,;
SID:;
SID:2,FF,0,1,;
ICM:;
ICM:2,81,0,83,;
SID:;
SID:4,82,0,0,0,86,;
ICM:;
ICM:2,81,0,83,;
SID:;
SID:4,82,0,0,0,86,;
ICM:;
ICM:2,83,0,85,;
SID:;
SID:4,84,0,18,20,C0,;
ICM:;
ICM:2,81,0,83,;
SID:;
SID:4,82,0,0,0,86,;
ICM:;
ICM:2,81,0,83,;
SID:;
SID:4,82,0,0,0,86,;
ICM:;
ICM:2,81,0,83,;
SID:;
SID:4,82,0,0,0,86,;
ICM:;
ICM:2,81,0,83,;
SID:;
SID:4,82,0,0,0,86,;
ICM:;
ICM:8,11,0,0,0,3,59,3,0,78,;
SID:;
SID:2,FF,0,1,;
ICM:;
ICM:8,11,0,0,0,3,4E,3,0,6D,;
SID:;
SID:2,FF,0,1,;
ICM:;
ICM:2,83,0,85,;
SID:;
SID:4,84,0,18,20,C0,;
ICM:;
ICM:2,81,0,83,;
SID:;
SID:4,82,0,0,0,86,;
ICM:;
ICM:2,81,0,83,;
SID:;
SID:4,82,0,0,0,86,;
ICM:;
ICM:2,81,0,83,;
SID:;
SID:4,82,0,0,0,86,;
ICM:;
ICM:2,81,0,83,;
SID:;
SID:4,82,0,0,0,86,;
ICM:;
ICM:2,81,0,83,;
SID:;
SID:4,82,0,0,0,86,;
ICM:;
ICM:2,83,0,85,;
SID:;
SID:4,84,0,18,20,C0,;
ICM:;
ICM:2,81,0,83,;
SID:;
SID:4,82,0,0,0,86,;
ICM:;
ICM:8,11,0,0,0,3,59,3,0,78,;
SID:2,FF,0,1,;
ICM:;
ICM:8,11,0,0,0,3,4E,3,0,6D,;
SID:;
SID:2,FF,0,1,;
ICM:;
ICM:12,11,0,0,0,0,E,2,2,31,30,36,2E,37,30,20,4D,48,7A,90,;
SID:2,FF,0,1,;
ICM:;
ICM:2,81,0,83,;
SID:;
SID:4,82,0,0,0,86,;
ICM:;
ICM:2,81,0,83,;
SID:;
SID:4,82,0,0,0,86,;
ICM:;
ICM:2,81,0,83,;
SID:;
SID:4,82,0,0,0,86,;
ICM:;
ICM:2,83,0,85,;
SID:;
SID:4,84,0,18,20,C0,;
ICM:;
ICM:2,81,0,83,;
SID:;
SID:4,82,0,0,0,86,;
ICM:;
ICM:A,11,0,0,0,0,14,2,1,41,4D,C0,;
SID:;
SID:2,FF,0,1,;
ICM:;
ICM:8,11,0,0,0,3,35,3,0,54,;
SID:;
SID:2,FF,0,1,;
ICM:;
ICM:8,11,0,0,0,3,59,3,0,78,;
SID:;
SID:2,FF,0,1,;
ICM:;
ICM:2,A0,0,A2,;
SID:;
SID:2,FF,0,1,;
ICM:;
ICM:8,11,0,0,0,3,4E,3,0,6D,;
SID:;
SID:2,FF,0,1,;
ICM:;
ICM:12,11,0,0,0,0,E,2,2,20,20,20,35,33,30,20,6B,48,7A,7A,;
SID:2,FF,0,1,;
ICM:;
ICM:2,81,0,83,;
SID:;
SID:4,82,0,0,0,86,;
ICM:;
ICM:9,11,0,0,0,0,13,2,1,20,50,;
SID:;
SID:2,FF,0,1,;
ICM:;
ICM:2,81,0,83,;
SID:;
SID:4,82,0,0,0,86,;
ICM:;
ICM:2,81,0,83,;
SID:4,82,0,0,0,86,;
ICM:;
ICM:2,81,0,83,;
SID:4,82,0,0,0,86,;
ICM:;
ICM:2,83,0,85,;
SID:4,84,0,18,20,C0,;
ICM:;
ICM:2,81,0,83,;
SID:4,82,0,0,0,86,;
ICM:;
ICM:2,81,0,83,;
SID:4,82,0,0,0,86,;
ICM:;
ICM:2,81,0,83,;
SID:4,82,0,0,0,86,;
ICM:;
ICM:2,81,0,83,;
SID:;
SID:4,82,0,0,0,86,;
ICM:;
ICM:2,83,0,85,;
SID:4,84,0,18,20,C0,;
ICM:;
ICM:2,81,0,83,;
SID:;
SID:4,82,0,0,0,86,;
ICM:;
ICM:2,81,0,83,;
SID:;
SID:4,82,0,0,0,86,;
ICM:;
ICM:C,11,0,0,0,0,14,2,1,53,43,41,4E,59,;
SID:;
SID:2,FF,0,1,;
ICM:;
ICM:8,11,0,0,0,3,59,3,0,78,;
SID:;
SID:2,FF,0,1,;
ICM:;
ICM:8,11,0,0,0,3,4E,3,0,6D,;
SID:;
SID:2,FF,0,1,;
ICM:;
ICM:8,11,0,0,0,3,53,3,0,72,;
SID:;
SID:2,FF,0,1,;
ICM:;
ICM:8,11,0,0,0,3,34,3,0,53,;
SID:;
SID:2,FF,0,1,;
ICM:;
ICM:8,11,0,0,0,3,55,3,0,74,;
SID:;
SID:2,FF,0,1,;
ICM:;
ICM:8,11,0,0,0,3,35,3,0,54,;
SID:;
SID:2,FF,0,1,;
ICM:;
ICM:12,11,0,0,0,0,E,2,2,20,20,20,35,33,30,20,6B,48,7A,7A,;
SID:;
SID:2,FF,0,1,;
ICM:;
ICM:9,11,0,0,0,0,13,2,1,20,50,;
SID:;
SID:2,FF,0,1,;
ICM:;
ICM:2,81,0,83,;
SID:;
SID:4,82,0,0,0,86,;
ICM:;
ICM:2,81,0,83,;
SID:;
SID:4,82,0,0,0,86,;
ICM:;
ICM:8,11,0,0,0,3,59,3,0,78,;
SID:;
SID:2,FF,0,1,;
ICM:;
ICM:8,11,0,0,0,3,4E,3,0,6D,;
SID:;
SID:2,FF,0,1,;
ICM:;
ICM:12,11,0,0,0,0,E,2,2,20,20,20,35,34,30,20,6B,48,7A,7B,;
SID:;
SID:2,FF,0,1,;
ICM:;
ICM:2,81,0,83,;
SID:;
SID:4,82,0,0,0,86,;
ICM:;
ICM:2,83,0,85,;
SID:;
SID:4,84,0,18,20,C0,;
ICM:;
ICM:2,81,0,83,;
SID:;
SID:4,82,0,0,0,86,;
ICM:;
ICM:12,11,0,0,0,0,E,2,2,20,20,20,35,34,30,20,6B,48,7A,7B,;
SID:;
SID:2,FF,0,1,;
ICM:;
ICM:2,81,0,83,;
SID:;
SID:4,82,0,0,0,86,;
ICM:;
ICM:A,11,0,0,0,0,14,2,1,41,4D,C0,;
SID:;
SID:2,FF,0,1,;
ICM:;
ICM:8,11,0,0,0,3,59,3,0,78,;
SID:;
SID:2,FF,0,1,;
ICM:;
ICM:8,11,0,0,0,3,4E,3,0,6D,;
SID:;
SID:2,FF,0,1,;
ICM:;
ICM:8,11,0,0,0,3,53,3,0,72,;
SID:;
SID:2,FF,0,1,;
ICM:;
ICM:8,11,0,0,0,3,34,3,0,53,;
SID:;
SID:2,FF,0,1,;
ICM:;
ICM:8,11,0,0,0,3,55,3,0,74,;
SID:;
SID:2,FF,0,1,;
ICM:;
ICM:8,11,0,0,0,3,35,3,0,54,;
SID:;
SID:2,FF,0,1,;
ICM:;
ICM:12,11,0,0,0,0,E,2,2,20,20,20,35,34,30,20,6B,48,7A,7B,;
SID:;
SID:2,FF,0,1,;
ICM:;
ICM:9,11,0,0,0,0,13,2,1,20,50,;
SID:;
SID:2,FF,0,1,;
ICM:;
ICM:2,81,0,83,;
SID:;
SID:4,82,0,0,0,86,;
ICM:;
ICM:2,81,0,83,;
SID:;
SID:4,82,0,0,0,86,;
ICM:;
ICM:2,83,0,85,;
SID:;
SID:4,84,0,18,20,C0,;
ICM:;
ICM:2,81,0,83,;
SID:;
SID:4,82,0,0,0,86,;
ICM:;
ICM:2,81,0,83,;
SID:;
SID:4,82,0,0,0,86,;
ICM:;
ICM:B,11,0,0,0,0,14,2,1,46,4D,31,F7,;
SID:;
SID:2,FF,0,1,;
ICM:;
ICM:8,11,0,0,0,3,35,3,0,54,;
SID:;
SID:2,FF,0,1,;
ICM:;
ICM:2,81,0,83,;
SID:;
SID:4,82,0,0,0,86,;
ICM:;
ICM:8,11,0,0,0,3,59,3,0,78,;
SID:;
SID:2,FF,0,1,;
ICM:;
ICM:8,11,0,0,0,3,4E,3,0,6D,;
SID:;
SID:2,FF,0,1,;
ICM:;
ICM:12,11,0,0,0,0,E,2,2,31,30,36,2E,37,30,20,4D,48,7A,90,;
SID:;
SID:2,FF,0,1,;
ICM:;
ICM:A,11,0,0,0,0,13,2,1,20,31,82,;
SID:;
SID:2,FF,0,1,;
ICM:;
ICM:2,81,0,83,;
SID:;
SID:4,82,0,0,0,86,;
ICM:;
ICM:2,81,0,83,;
SID:4,82,0,0,0,86,;
ICM:;
ICM:2,83,0,85,;
SID:;
SID:4,84,0,18,20,C0,;
ICM:;
ICM:2,81,0,83,;
SID:;
SID:4,82,0,0,0,86,;
ICM:;
ICM:2,81,0,83,;
SID:;
SID:4,82,0,0,0,86,;
ICM:;
ICM:2,81,0,83,;
SID:;
SID:4,82,0,0,0,86,;
ICM:;
ICM:2,81,0,83,;
SID:;
SID:4,82,0,0,0,86,;
ICM:;
ICM:2,81,0,83,;
SID:;
SID:4,82,0,0,0,86,;
ICM:;
ICM:2,83,0,85,;
SID:;
SID:4,84,0,18,20,C0,;
ICM:;
ICM:2,81,0,83,;
SID:;
SID:4,82,0,0,0,86,;
ICM:;
ICM:10,10,0,2,0,1,FA,0,1,1E,0,8E,0,22,41,55,58,DA,;
SID:;
SID:2,FF,0,1,;
ICM:;
ICM:11,10,0,2,0,2,3,0,2,22,0,CF,0,1F,50,6C,61,79,D0,;
SID:;
SID:2,FF,0,1,;
ICM:;
ICM:5,70,0,0,0,0,75,;
SID:2,FF,0,1,;
ICM:;
ICM:5,70,0,2,0,1,78,;
SID:;
SID:2,FF,0,1,;
ICM:;
ICM:2,81,0,83,;
SID:;
SID:4,82,0,0,0,86,;
ICM:;
ICM:4,60,0,0,0,64,;
SID:;
SID:2,FF,0,1,;
ICM:;
ICM:2,81,0,83,;
SID:;
SID:4,82,0,0,0,86,;
ICM:;
ICM:2,81,0,83,;
SID:;
SID:4,82,0,0,0,86,;
ICM:;
ICM:2,83,0,85,;
SID:;
SID:4,84,0,18,20,C0,;
ICM:;
ICM:2,81,0,83,;
SID:;
SID:4,82,0,0,0,86,;
ICM:;
ICM:2,81,0,83,;
SID:;
SID:4,82,0,0,0,86,;
ICM:;
ICM:2,81,0,83,;
SID:;
SID:4,82,0,0,0,86,;
ICM:;
ICM:2,81,0,83,;
SID:;
SID:4,82,0,0,0,86,;
ICM:;
ICM:2,81,0,83,;
SID:;
SID:4,82,0,0,0,86,;
ICM:;
ICM:2,83,0,85,;
SID:;
SID:4,84,0,18,20,C0,;
ICM:;
ICM:2,81,0,83,;
SID:;
SID:4,82,0,0,0,86,;
ICM:;
ICM:4,60,0,87,0,EB,;
SID:;
SID:2,FF,0,1,;
ICM:;
ICM:14,10,0,86,0,3,5F,0,1,3C,0,8E,0,7,53,70,65,65,64,20,D8,C7,;
SID:2,FF,0,1,;
ICM:;
ICM:12,10,0,86,0,0,2B,0,12,2D,0,CB,0,4,20,20,2D,2D,2D,A8,;
SID:2,FF,0,1,;
ICM:;
ICM:11,10,0,86,0,3,97,1,1,3A,0,FE,0,7,6B,6D,2F,68,F1,;
SID:;
SID:2,FF,0,1,;
ICM:;
ICM:14,10,0,86,0,3,9A,1,1,3A,0,FE,0,7,6D,69,6C,65,73,2F,68,39,;
SID:2,FF,0,1,;
ICM:;
ICM:D,11,0,86,0,0,2B,2,0,20,20,2D,2D,2D,98,;
SID:;
SID:2,FF,0,1,;
ICM:;
ICM:8,11,0,86,0,3,97,2,0,3B,;
SID:;
SID:2,FF,0,1,;
ICM:;
ICM:2,81,0,83,;
SID:4,82,0,0,0,86,;
ICM:;
ICM:5,70,0,86,0,1,FC,;
SID:;
SID:2,FF,0,1,;
ICM:;
ICM:4,60,0,86,0,EA,;
SID:;
SID:2,FF,0,1,;
ICM:;
ICM:13,10,0,82,0,3,93,0,1,3C,0,8E,0,7,46,75,65,6C,20,D8,91,;
SID:2,FF,0,1,;
ICM:;
ICM:12,10,0,82,0,0,2B,0,12,2D,0,CB,0,4,20,20,2D,2D,2D,A4,;
SID:2,FF,0,1,;
ICM:;
ICM:14,10,0,82,0,3,94,1,1,3A,0,FE,0,7,6C,2F,31,30,30,6B,6D,82,;
SID:2,FF,0,1,;
ICM:;
ICM:10,10,0,82,0,3,95,1,1,3A,0,FE,0,7,6D,70,67,BF,;
SID:;
SID:2,FF,0,1,;
ICM:;
ICM:8,11,0,82,0,3,94,2,0,34,;
SID:;
SID:2,FF,0,1,;
ICM:;
ICM:D,11,0,82,0,0,2B,2,0,20,20,2D,2D,2D,94,;
SID:;
SID:2,FF,0,1,;
ICM:;
ICM:5,70,0,82,0,1,F8,;
SID:;
SID:2,FF,0,1,;
ICM:;
ICM:4,60,0,82,0,E6,;
SID:;
SID:2,FF,0,1,;
ICM:;
ICM:13,10,0,83,0,3,8E,0,1,3C,0,8E,0,7,44,2E,54,2E,45,2E,70,;
SID:2,FF,0,1,;
ICM:;
ICM:12,10,0,83,0,0,29,0,12,2D,0,CB,0,4,20,20,32,32,34,B4,;
SID:2,FF,0,1,;
ICM:;
ICM:F,10,0,83,0,3,96,1,1,3A,0,FE,0,7,6B,6D,54,;
SID:;
SID:2,FF,0,1,;
ICM:;
ICM:12,10,0,83,0,3,99,1,1,3A,0,FE,0,7,6D,69,6C,65,73,9C,;
SID:2,FF,0,1,;
ICM:;
ICM:8,11,0,83,0,3,96,2,0,37,;
SID:;
SID:2,FF,0,1,;
ICM:;
ICM:D,11,0,83,0,0,29,2,0,20,20,32,33,31,A2,;
SID:;
SID:2,FF,0,1,;
ICM:;
ICM:2,81,0,83,;
SID:4,82,0,0,0,86,;
ICM:;
ICM:5,70,0,83,0,1,F9,;
SID:;
SID:2,FF,0,1,;
ICM:;
ICM:4,60,0,83,0,E7,;
SID:;
SID:2,FF,0,1,;
ICM:;
ICM:11,10,0,81,0,3,9B,0,1,3C,0,8E,0,7,54,65,6D,70,A8,;
SID:;
SID:2,FF,0,1,;
ICM:;
ICM:12,10,0,81,0,0,28,0,12,2D,0,CB,0,4,20,20,20,31,35,9F,;
SID:2,FF,0,1,;
ICM:;
ICM:F,10,0,81,0,3,9C,1,1,3A,0,FE,0,7,B0,43,73,;
SID:;
SID:2,FF,0,1,;
ICM:;
ICM:F,10,0,81,0,3,9D,1,1,3A,0,FE,0,7,B0,46,77,;
SID:;
SID:2,FF,0,1,;
ICM:;
ICM:8,11,0,81,0,3,9C,2,0,3B,;
SID:;
SID:2,FF,0,1,;
ICM:;
ICM:D,11,0,81,0,0,28,2,0,20,20,20,31,36,90,;
SID:;
SID:2,FF,0,1,;
ICM:;
ICM:5,70,0,81,0,1,F7,;
SID:;
SID:2,FF,0,1,;
ICM:;
ICM:2,81,0,83,;
SID:4,82,0,0,0,86,;
ICM:;
ICM:2,83,0,85,;
SID:4,84,0,18,20,C0,;
ICM:;
ICM:2,81,0,83,;
SID:4,82,0,0,0,86,;
ICM:;
ICM:2,81,0,83,;
SID:4,82,0,0,0,86,;
ICM:;
ICM:2,81,0,83,;
SID:;
SID:4,82,0,0,0,86,;
ICM:;
ICM:2,81,0,83,;
SID:;
SID:4,82,0,0,0,86,;
ICM:;
ICM:2,81,0,83,;
SID:;
SID:4,82,0,0,0,86,;
ICM:;
ICM:2,83,0,85,;
SID:4,84,0,18,20,C0,;
ICM:;
ICM:2,81,0,83,;
SID:;
SID:4,82,0,0,0,86,;
ICM:;
ICM:2,81,0,83,;
SID:;
SID:4,82,0,0,0,86,;
ICM:;
ICM:2,81,0,83,;
SID:;
SID:4,82,0,0,0,86,;
ICM:;
ICM:2,81,0,83,;
SID:;
SID:4,82,0,0,0,86,;
ICM:;
ICM:2,83,0,85,;
SID:;
SID:4,84,0,18,20,C0,;
ICM:;
ICM:2,81,0,83,;
SID:;
SID:4,82,0,0,0,86,;
ICM:;
ICM:2,81,0,83,;
SID:;
SID:4,82,0,0,0,86,;
ICM:;
ICM:2,81,0,83,;
SID:;
SID:4,82,0,0,0,86,;
ICM:;
ICM:2,81,0,83,;
SID:;
SID:4,82,0,0,0,86,;
ICM:;
ICM:2,81,0,83,;
SID:;
SID:4,82,0,0,0,86,;
ICM:;
ICM:2,83,0,85,;
SID:;
SID:4,84,0,18,20,C0,;
ICM:;
ICM:2,81,0,83,;
SID:;
SID:4,82,0,0,0,86,;
ICM:;
ICM:2,81,0,83,;
SID:;
SID:4,82,0,0,0,86,;
ICM:;
ICM:2,81,0,83,;
SID:;
SID:4,82,0,0,0,86,;
ICM:;
ICM:2,81,0,83,;
SID:;
SID:4,82,0,0,0,86,;
ICM:;
ICM:2,83,0,85,;
SID:;
SID:4,84,0,18,20,C0,;
ICM:;
ICM:2,81,0,83,;
SID:;
SID:4,82,0,0,0,86,;
ICM:;
ICM:A,11,0,1E,0,0,4,2,4,32,39,AE,;
SID:;
SID:2,FF,0,1,;
ICM:;
ICM:2,81,0,83,;
SID:;
SID:4,82,0,0,0,86,;
ICM:;
ICM:2,81,0,83,;
SID:;
SID:4,82,0,0,0,86,;
ICM:;
ICM:2,81,0,83,;
SID:;
SID:4,82,0,0,0,86,;
ICM:;
ICM:2,81,0,83,;
SID:;
SID:4,82,0,0,0,86,;
ICM:;
ICM:2,83,0,85,;
SID:;
SID:4,84,0,18,20,C0,;
ICM:;
ICM:2,81,0,83,;
SID:;
SID:4,82,0,0,0,86,;
ICM:;
ICM:2,81,0,83,;
SID:;
SID:4,82,0,0,0,86,;
ICM:;
ICM:2,81,0,83,;
SID:;
SID:4,82,0,0,0,86,;
ICM:;
ICM:2,81,0,83,;
SID:;
SID:4,82,0,0,0,86,;
ICM:;
ICM:2,81,0,83,;
SID:;
SID:4,82,0,0,0,86,;
ICM:;
ICM:2,83,0,85,;
SID:;
SID:4,84,0,18,20,C0,;
ICM:;
ICM:2,81,0,83,;
SID:;
SID:4,82,0,0,0,86,;
ICM:;
ICM:2,81,0,83,;
SID:;
SID:4,82,0,0,0,86,;
ICM:;
ICM:2,81,0,83,;
SID:;
SID:4,82,0,0,0,86,;
ICM:;
ICM:2,81,0,83,;
SID:;
SID:4,82,0,0,0,86,;
ICM:;
ICM:2,83,0,85,;
SID:;
SID:4,84,0,18,20,C0,;
ICM:;
ICM:2,81,0,83,;
SID:;
SID:4,82,0,0,0,86,;
ICM:;
ICM:2,81,0,83,;
SID:;
SID:4,82,0,0,0,86,;
ICM:;
ICM:2,81,0,83,;
SID:;
SID:4,82,0,0,0,86,;
ICM:;
ICM:2,81,0,83,;
SID:;
SID:4,82,0,0,0,86,;
ICM:;
ICM:2,81,0,83,;
SID:;
SID:4,82,0,0,0,86,;
ICM:;
ICM:2,83,0,85,;
SID:;
SID:4,84,0,18,20,C0,;
ICM:;
ICM:2,81,0,83,;
SID:;
SID:4,82,0,0,0,86,;
ICM:;
ICM:2,81,0,83,;
SID:;
SID:4,82,0,0,0,86,;
ICM:;
ICM:2,81,0,83,;
SID:;
SID:4,82,0,0,0,86,;
ICM:;
ICM:2,81,0,83,;
SID:;
SID:4,82,0,0,0,86,;
ICM:;
ICM:2,83,0,85,;
SID:;
SID:4,84,0,18,20,C0,;
ICM:;
ICM:2,81,0,83,;
SID:;
SID:4,82,0,0,0,86,;
ICM:;
ICM:2,81,0,83,;
SID:;
SID:4,82,0,0,0,86,;
ICM:;
ICM:2,81,0,83,;
SID:;
SID:4,82,0,0,0,86,;
ICM:;
ICM:2,81,0,83,;
SID:;
SID:4,82,0,0,0,86,;
ICM:;
ICM:2,81,0,83,;
SID:;
SID:4,82,0,0,0,86,;
ICM:;
ICM:2,83,0,85,;
SID:;
SID:4,84,0,18,20,C0,;
ICM:;
ICM:2,81,0,83,;
SID:;
SID:4,82,0,0,0,86,;
ICM:;
ICM:2,81,0,83,;
SID:;
SID:4,82,0,0,0,86,;
ICM:;
ICM:2,81,0,83,;
SID:;
SID:4,82,0,0,0,86,;
ICM:;
ICM:2,81,0,83,;
SID:;
SID:4,82,0,0,0,86,;
ICM:;
ICM:2,83,0,85,;
SID:;
SID:4,84,0,18,20,C0,;
ICM:;
ICM:2,81,0,83,;
SID:;
SID:4,82,0,0,0,86,;
ICM:;
ICM:2,81,0,83,;
SID:;
SID:4,82,0,0,0,86,;
ICM:;
ICM:2,81,0,83,;
SID:;
SID:4,82,0,0,0,86,;
ICM:;
ICM:2,81,0,83,;
SID:;
SID:4,82,0,0,0,86,;
ICM:;
ICM:2,81,0,83,;
SID:;
SID:4,82,0,0,0,86,;
ICM:;
ICM:2,83,0,85,;
SID:;
SID:4,84,0,19,20,C1,;
ICM:;
ICM:2,81,0,83,;
SID:;
SID:4,82,0,0,0,86,;
ICM:;
ICM:2,81,0,83,;
SID:;
SID:4,82,0,0,0,86,;
ICM:;
ICM:2,81,0,83,;
SID:;
SID:4,82,0,0,0,86,;
ICM:;
ICM:2,81,0,83,;
SID:;
SID:4,82,0,0,0,86,;
ICM:;
ICM:2,81,0,83,;
SID:;
SID:4,82,0,0,0,86,;
ICM:;
ICM:2,83,0,85,;
SID:;
SID:4,84,0,19,20,C1,;
ICM:;
ICM:2,81,0,83,;
SID:;
SID:4,82,0,0,0,86,;
ICM:;
ICM:2,81,0,83,;
SID:;
SID:4,82,0,0,0,86,;
ICM:;
ICM:2,81,0,83,;
SID:;
SID:4,82,0,0,0,86,;
ICM:;
ICM:2,81,0,83,;
SID:;
SID:4,82,0,0,0,86,;
ICM:;
ICM:2,83,0,85,;
SID:;
SID:4,84,0,19,20,C1,;
ICM:;
ICM:2,81,0,83,;
SID:;
SID:4,82,0,0,0,86,;
ICM:;
