ICM:2,83,0,85,;
ICM:2,81,0,83,;
ICM:2,83,0,85,;
ICM:2,81,0,83,;
ICM:2,81,0,83,;
ICM:2,81,0,83,;
ICM:2,81,0,83,;
ICM:2,81,0,83,;
ICM:2,83,0,85,;
ICM:2,81,0,83,;
ICM:2,81,0,83,;
ICM:2,81,0,83,;
ICM:2,81,0,83,;
ICM:2,83,0,85,;
ICM:2,81,0,83,;
ICM:2,81,0,83,;
ICM:2,81,0,83,;
ICM:2,81,0,83,;
ICM:2,81,0,83,;
ICM:2,83,0,85,;
ICM:2,81,0,83,;
ICM:2,81,0,83,;
ICM:2,81,0,83,;
ICM:2,81,0,83,;
ICM:2,83,0,85,;
ICM:2,81,0,83,;
ICM:2,81,0,83,;
ICM:2,81,0,83,;
ICM:2,81,0,83,;
ICM:F,10,0,0,0,3,35,1,0,D,0,DA,0,36,41,53,9,;
ICM:10,10,0,0,0,0,14,0,1,32,0,8E,0,22,46,4D,32,DC,;
ICM:E,10,0,0,0,0,13,0,1,F,0,B4,0,22,20,37,;
ICM:2,A0,0,A2,;
ICM:D,10,0,0,0,0,E,0,2,B4,0,CF,0,1F,CF,;
ICM:F,10,0,0,0,3,4E,1,0,D,0,8E,0,36,4E,4F,DF,;
ICM:F,10,0,0,0,3,59,1,0,D,0,9B,0,36,54,50,FE,;
ICM:10,10,0,0,0,3,53,1,0,13,0,AC,0,36,50,54,59,69,;
ICM:F,10,0,0,0,3,34,1,0,D,0,EB,0,36,41,46,C,;
ICM:2,A0,0,A2,;
ICM:10,10,0,0,0,3,55,1,0,13,0,C3,0,36,52,45,47,63,;
ICM:5,70,0,2,0,0,77,;
ICM:5,70,0,0,0,1,76,;
ICM:B,11,0,0,0,0,14,2,1,46,4D,32,F8,;
ICM:8,11,0,0,0,3,59,3,0,78,;
ICM:8,11,0,0,0,3,4E,3,0,6D,;
ICM:8,11,0,0,0,3,53,3,0,72,;
ICM:8,11,0,0,0,3,34,3,0,53,;
ICM:8,11,0,0,0,3,55,3,0,74,;
ICM:8,11,0,0,0,3,35,3,0,54,;
ICM:10,11,0,0,0,0,E,2,2,20,20,20,20,20,20,20,20,33,;
ICM:9,11,0,0,0,0,13,2,1,20,50,;
ICM:4,60,0,2,0,66,;
ICM:2,81,0,83,;
ICM:10,11,0,0,0,0,E,2,2,20,20,20,20,20,20,20,20,33,;
ICM:2,83,0,85,;
ICM:2,81,0,83,;
ICM:2,81,0,83,;
ICM:2,81,0,83,;
ICM:2,81,0,83,;
ICM:2,83,0,85,;
ICM:2,81,0,83,;
ICM:2,81,0,83,;
ICM:8,11,0,0,0,3,59,3,0,78,;
ICM:8,11,0,0,0,3,4E,3,0,6D,;
ICM:12,11,0,0,0,0,E,2,2,20,38,38,2E,39,30,20,4D,48,7A,8B,;
ICM:2,81,0,83,;
ICM:2,81,0,83,;
ICM:2,83,0,85,;
ICM:2,81,0,83,;
ICM:2,81,0,83,;
ICM:2,81,0,83,;
ICM:2,81,0,83,;
ICM:2,81,0,83,;
ICM:2,83,0,85,;
ICM:2,81,0,83,;
ICM:2,81,0,83,;
ICM:2,81,0,83,;
ICM:10,10,0,2,0,1,FA,0,1,1E,0,8E,0,22,41,55,58,DA,;
ICM:11,10,0,2,0,2,3,0,2,22,0,CF,0,1F,50,6C,61,79,D0,Sending replacement bluetooth text
ICM:2,A0,0,A2,;
ICM:11,10,0,2,0,2,3,0,2,22,0,CF,0,1F,50,6C,61,79,D0,Sending replacement bluetooth text
ICM:5,70,0,0,0,0,75,;
ICM:5,70,0,2,0,1,78,;
ICM:2,81,0,83,;
ICM:4,60,0,0,0,64,;
ICM:2,83,0,85,;
ICM:2,81,0,83,;
ICM:2,81,0,83,;
ICM:2,81,0,83,;
ICM:2,81,0,83,;
ICM:2,81,0,83,;
ICM:2,83,0,85,;
ICM:2,81,0,83,;
ICM:2,81,0,83,;
ICM:2,81,0,83,;
ICM:2,81,0,83,;
ICM:2,81,0,83,;
ICM:2,83,0,85,;
ICM:2,81,0,83,;
ICM:2,81,0,83,;
ICM:2,81,0,83,;
ICM:2,81,0,83,;
ICM:2,83,0,85,;
ICM:2,81,0,83,;
ICM:2,81,0,83,;
ICM:2,81,0,83,;
ICM:2,81,0,83,;
ICM:2,81,0,83,;
ICM:2,83,0,85,;
ICM:2,81,0,83,;
ICM:2,81,0,83,;
ICM:2,81,0,83,;
ICM:2,81,0,83,;
ICM:2,83,0,85,;
ICM:2,81,0,83,;
ICM:2,81,0,83,;
ICM:F,10,0,0,0,3,35,1,0,D,0,DA,0,36,41,53,9,;
ICM:10,10,0,0,0,0,14,0,1,32,0,8E,0,22,46,4D,32,DC,;
ICM:E,10,0,0,0,0,13,0,1,F,0,B4,0,22,20,37,;
ICM:D,10,0,0,0,0,E,0,2,B4,0,CF,0,1F,CF,;
ICM:F,10,0,0,0,3,4E,1,0,D,0,8E,0,36,4E,4F,DF,;
ICM:F,10,0,0,0,3,59,1,0,D,0,9B,0,36,54,50,FE,;
ICM:F,10,0,0,0,3,59,1,0,D,0,9B,0,36,54,50,FE,;
ICM:10,10,0,0,0,3,53,1,0,13,0,AC,0,36,50,54,59,69,;
ICM:F,10,0,0,0,3,34,1,0,D,0,EB,0,36,41,46,C,;
ICM:10,10,0,0,0,3,55,1,0,13,0,C3,0,36,52,45,47,63,;
ICM:5,70,0,2,0,0,77,;
ICM:5,70,0,0,0,1,76,;
ICM:B,11,0,0,0,0,14,2,1,46,4D,32,F8,;
ICM:8,11,0,0,0,3,59,3,0,78,;
ICM:8,11,0,0,0,3,4E,3,0,6D,;
ICM:8,11,0,0,0,3,53,3,0,72,;
ICM:8,11,0,0,0,3,34,3,0,53,;
ICM:8,11,0,0,0,3,55,3,0,74,;
ICM:8,11,0,0,0,3,35,3,0,54,;
ICM:10,11,0,0,0,0,E,2,2,20,20,20,20,20,20,20,20,33,;
ICM:9,11,0,0,0,0,13,2,1,20,50,;
ICM:4,60,0,2,0,66,;
ICM:10,11,0,0,0,0,E,2,2,20,20,20,20,20,20,20,20,33,;
ICM:2,81,0,83,;
ICM:2,81,0,83,;
ICM:2,83,0,85,;
ICM:2,81,0,83,;
ICM:2,81,0,83,;
ICM:2,81,0,83,;
ICM:8,11,0,0,0,3,59,3,0,78,;
ICM:8,11,0,0,0,3,4E,3,0,6D,;
ICM:12,11,0,0,0,0,E,2,2,20,38,38,2E,39,30,20,4D,48,7A,8B,;
ICM:2,81,0,83,;
ICM:2,81,0,83,;
ICM:2,83,0,85,;
ICM:2,81,0,83,;
ICM:2,81,0,83,;
ICM:2,81,0,83,;
ICM:2,81,0,83,;
ICM:2,83,0,85,;
ICM:2,81,0,83,;
ICM:2,81,0,83,;
ICM:2,81,0,83,;
ICM:2,81,0,83,;
ICM:C,11,0,0,0,0,14,2,1,53,43,41,4E,59,;
ICM:8,11,0,0,0,3,59,3,0,78,;
ICM:8,11,0,0,0,3,4E,3,0,6D,;
ICM:8,11,0,0,0,3,53,3,0,72,;
ICM:8,11,0,0,0,3,34,3,0,53,;
ICM:8,11,0,0,0,3,55,3,0,74,;
ICM:8,11,0,0,0,3,35,3,0,54,;
ICM:12,11,0,0,0,0,E,2,2,20,38,39,2E,33,30,20,4D,48,7A,86,;
ICM:9,11,0,0,0,0,13,2,1,20,50,;
ICM:2,81,0,83,;
ICM:2,83,0,85,;
ICM:8,11,0,0,0,3,59,3,0,78,;
ICM:8,11,0,0,0,3,4E,3,0,6D,;
ICM:12,11,0,0,0,0,E,2,2,20,38,39,2E,39,30,20,4D,48,7A,8C,;
ICM:2,81,0,83,;
ICM:2,81,0,83,;
ICM:2,81,0,83,;
ICM:12,11,0,0,0,0,E,2,2,20,38,39,2E,39,30,20,4D,48,7A,8C,;
ICM:2,81,0,83,;
ICM:2,83,0,85,;
ICM:2,81,0,83,;
ICM:2,81,0,83,;
ICM:2,81,0,83,;
ICM:2,81,0,83,;
ICM:8,11,0,0,0,3,59,3,0,78,;
ICM:8,11,0,0,0,3,4E,3,0,6D,;
ICM:10,11,0,0,0,0,E,2,2,4C,69,67,68,74,38,39,39,D5,;
ICM:10,10,0,2,0,1,FA,0,1,1E,0,8E,0,22,41,55,58,DA,;
ICM:2,A0,0,A2,;
ICM:11,10,0,2,0,2,3,0,2,22,0,CF,0,1F,50,6C,61,79,D0,Sending replacement bluetooth text
ICM:0,A2,;
ICM:11,10,0,2,0,2,3,0,2,22,0,CF,0,1F,50,6C,61,79,D0,Sending replacement bluetooth text
ICM:75,33,34,;
ICM:2,A0,0,A2,;
ICM:5,70,0,0,0,0,75,;
ICM:2,81,0,83,;
ICM:2,83,0,85,;
ICM:5,70,0,2,0,1,78,;
ICM:4,60,0,0,0,64,;
ICM:2,81,0,83,;
ICM:2,81,0,83,;
ICM:2,81,0,83,;
ICM:2,81,0,83,;
ICM:2,83,0,85,;
ICM:2,81,0,83,;
ICM:2,81,0,83,;
ICM:2,81,0,83,;
ICM:2,81,0,83,;
ICM:2,83,0,85,;
ICM:2,81,0,83,;
ICM:2,81,0,83,;
ICM:2,81,0,83,;
ICM:2,81,0,83,;
ICM:2,81,0,83,;
ICM:2,83,0,85,;
ICM:2,81,0,83,;
ICM:2,81,0,83,;
ICM:2,81,0,83,;
ICM:2,81,0,83,;
ICM:2,83,0,85,;
ICM:2,81,0,83,;
ICM:A,11,0,1E,0,0,4,2,4,34,37,AE,;
ICM:2,81,0,83,;
ICM:2,81,0,83,;
ICM:2,81,0,83,;
ICM:2,81,0,83,;
ICM:2,83,0,85,;
ICM:2,81,0,83,;
ICM:2,81,0,83,;
ICM:2,81,0,83,;
ICM:2,81,0,83,;
ICM:2,81,0,83,;
ICM:2,83,0,85,;
ICM:2,81,0,83,;
ICM:2,81,0,83,;
ICM:2,81,0,83,;
ICM:2,81,0,83,;
ICM:2,83,0,85,;
ICM:2,81,0,83,;
ICM:2,81,0,83,;
ICM:2,81,0,83,;
ICM:2,81,0,83,;
ICM:2,81,0,83,;
ICM:2,83,0,85,;
ICM:2,81,0,83,;
ICM:1A,10,0,8E,0,7C,F0,0,2,AF,0,8E,0,4,43,6C,6F,63,6B,20,2F,20,41,6C,61,72,6D,AF,;
ICM:18,10,0,8E,0,7C,F1,0,2,AF,0,8E,0,17,52,61,69,6E,20,53,65,6E,73,6F,72,9D,;
ICM:1B,10,0,8E,0,7C,F2,0,2,AF,0,8E,0,2A,43,6C,69,6D,61,74,65,20,53,79,73,74,65,6D,F4,;
ICM:D,10,0,8E,0,7C,F3,1,2,AF,0,8E,0,3D,97,;
ICM:10,20,0,8E,0,0,9C,0,4,7C,F0,7C,F1,7C,F2,7C,F3,14,;
ICM:E,10,0,8E,0,7D,52,1,2,F,0,40,1,4,BA,8C,;
ICM:E,10,0,8E,0,7D,53,0,2,F,0,40,1,2A,BC,B4,;
ICM:8,11,0,8E,0,7C,F0,2,42,57,;
ICM:5,70,0,81,0,0,F6,;
ICM:5,70,0,2,0,0,77,;
ICM:5,70,0,8E,0,1,4,;
ICM:2,81,0,83,;
ICM:2,81,0,83,;
ICM:2,81,0,83,;
ICM:2,83,0,85,;
ICM:2,81,0,83,;
ICM:2,81,0,83,;
ICM:2,81,0,83,;
ICM:2,81,0,83,;
ICM:2,81,0,83,;
ICM:2,83,0,85,;
ICM:2,81,0,83,;
ICM:2,81,0,83,;
ICM:2,81,0,83,;
ICM:2,81,0,83,;
ICM:2,83,0,85,;
ICM:2,81,0,83,;
ICM:2,81,0,83,;
ICM:2,81,0,83,;
ICM:8,11,0,8E,0,7C,F0,2,2,17,;
ICM:8,11,0,8E,0,7C,F1,2,42,58,;
ICM:2,81,0,83,;
ICM:2,81,0,83,;
ICM:2,83,0,85,;
ICM:2,81,0,83,;
ICM:8,11,0,8E,0,7C,F1,2,2,18,;
ICM:8,11,0,8E,0,7C,F0,2,42,57,;
ICM:2,81,0,83,;
ICM:2,81,0,83,;
ICM:2,81,0,83,;
ICM:2,83,0,85,;
ICM:2,81,0,83,;
ICM:8,11,0,8E,0,7C,F0,2,2,17,;
ICM:8,11,0,8E,0,7C,F1,2,42,58,;
ICM:2,81,0,83,;
ICM:2,81,0,83,;
ICM:8,11,0,8E,0,7C,F1,2,2,18,;
ICM:8,11,0,8E,0,7C,F0,2,42,57,;
ICM:2,81,0,83,;
ICM:2,81,0,83,;
ICM:2,83,0,85,;
ICM:2,81,0,83,;
ICM:8,11,0,8E,0,7C,F0,2,2,17,;
ICM:8,11,0,8E,0,7C,F1,2,42,58,;
ICM:2,81,0,83,;
ICM:8,11,0,8E,0,7C,F1,2,2,18,;
ICM:8,11,0,8E,0,7C,F2,2,42,59,;
ICM:17,11,0,8E,0,7C,F3,1,2,53,79,73,74,65,6D,20,53,65,74,74,69,6E,67,73,1E,;
ICM:8,21,0,8E,0,0,9C,1,6,5A,;
ICM:8,11,0,8E,0,7D,52,2,2,7A,;
ICM:C,11,0,8E,0,7C,F0,1,2,45,78,69,74,B4,;
ICM:8,21,0,8E,0,0,9C,1,6,5A,;
ICM:8,11,0,8E,0,7D,53,3,2,7C,;
ICM:8,11,0,8E,0,7D,52,2,2,7A,;
ICM:2,81,0,83,;
ICM:8,11,0,8E,0,7C,F0,2,2,17,;
ICM:8,11,0,8E,0,7C,F3,2,42,5A,;
ICM:8,11,0,8E,0,7C,F3,2,2,1A,;
ICM:8,11,0,8E,0,7C,F2,2,42,59,;
ICM:13,11,0,8E,0,7C,F1,1,2,52,61,69,6E,20,53,65,6E,73,6F,72,46,;
ICM:8,21,0,8E,0,0,9C,1,5,59,;
ICM:8,11,0,8E,0,7D,53,2,2,7B,;
ICM:15,11,0,8E,0,7C,F0,1,2,43,6C,6F,63,6B,20,2F,20,41,6C,61,72,6D,6B,;
ICM:8,21,0,8E,0,0,9C,1,5,59,;
ICM:8,11,0,8E,0,7D,53,2,2,7B,;
ICM:8,11,0,8E,0,7D,52,3,2,7B,;
ICM:2,81,0,83,;
ICM:8,11,0,8E,0,7C,F0,2,2,17,;
ICM:8,11,0,8E,0,7C,F1,2,42,58,;
ICM:2,81,0,83,;
ICM:2,83,0,85,;
ICM:8,11,0,8E,0,7C,F1,2,2,18,;
ICM:8,11,0,8E,0,7C,F0,2,42,57,;
ICM:2,81,0,83,;
ICM:2,81,0,83,;
ICM:2,81,0,83,;
ICM:2,81,0,83,;
ICM:2,83,0,85,;
ICM:2,81,0,83,;
ICM:2,81,0,83,;
ICM:2,81,0,83,;
ICM:2,81,0,83,;
ICM:8,11,0,8E,0,7C,F0,2,2,17,;
ICM:8,11,0,8E,0,7C,F1,2,42,58,;
ICM:8,11,0,8E,0,7C,F1,2,2,18,;
ICM:8,11,0,8E,0,7C,F2,2,42,59,;
ICM:2,81,0,83,;
ICM:17,11,0,8E,0,7C,F3,1,2,53,79,73,74,65,6D,20,53,65,74,74,69,6E,67,73,1E,;
ICM:8,21,0,8E,0,0,9C,1,6,5A,;
ICM:8,11,0,8E,0,7D,52,2,2,7A,;
ICM:2,83,0,85,;
ICM:8,11,0,8E,0,7C,F3,2,2,1A,;
ICM:8,11,0,8E,0,7C,F2,2,42,59,;
ICM:8,11,0,8E,0,7C,F2,2,2,19,;
ICM:8,11,0,8E,0,7C,F1,2,42,58,;
ICM:15,11,0,8E,0,7C,F0,1,2,43,6C,6F,63,6B,20,2F,20,41,6C,61,72,6D,6B,;
ICM:8,21,0,8E,0,0,9C,1,5,59,;
ICM:8,11,0,8E,0,7D,53,2,2,7B,;
ICM:8,11,0,8E,0,7D,52,3,2,7B,;
ICM:2,81,0,83,;
ICM:2,81,0,83,;
ICM:2,81,0,83,;
ICM:2,81,0,83,;
ICM:2,83,0,85,;
ICM:2,81,0,83,;
ICM:2,81,0,83,;
ICM:2,81,0,83,;
ICM:4,60,0,8E,0,F2,;
ICM:5,70,0,2,0,1,78,;
ICM:5,70,0,81,0,1,F7,;
ICM:8,11,0,81,0,3,9C,2,0,3B,;
ICM:D,11,0,81,0,0,28,2,0,20,20,20,31,39,93,;
ICM:2,81,0,83,;
ICM:2,81,0,83,;
ICM:2,83,0,85,;
ICM:2,81,0,83,;
ICM:2,81,0,83,;
ICM:2,81,0,83,;
ICM:2,81,0,83,;
ICM:2,83,0,85,;
ICM:2,81,0,83,;
ICM:2,81,0,83,;
ICM:2,81,0,83,;
ICM:2,81,0,83,;
ICM:2,81,0,83,;
ICM:2,83,0,85,;
ICM:2,81,0,83,;
ICM:2,81,0,83,;
ICM:5,70,0,81,0,0,F6,;
ICM:5,70,0,2,0,0,77,;
ICM:4,80,0,5,0,89,;
ICM:2,81,0,83,;
ICM:4,60,0,1E,0,82,;
ICM:4,80,0,1,0,85,;
ICM:2,81,0,83,;
ICM:2,83,0,85,;
ICM:2,81,0,83,;
ICM:2,81,0,83,;
ICM:2,81,0,83,;
ICM:2,81,0,83,;
ICM:2,81,0,83,;
ICM:2,83,0,85,;
ICM:2,81,0,83,;
ICM:2,81,0,83,;
ICM:2,81,0,83,;
ICM:2,81,0,83,;
ICM:2,83,0,85,;
ICM:2,81,0,83,;
ICM:4,80,0,1,0,85,;
ICM:F,10,0,1E,0,0,3,0,14,1C,0,0,0,1D,31,31,EF,;
ICM:F,10,0,1E,0,0,4,0,4,1C,0,20,0,1D,34,37,9,;
ICM:E,10,0,1E,0,1,3C,0,4,4,0,1C,0,1D,3A,F4,;
ICM:2,A0,0,A2,;
ICM:F,10,0,1E,0,1,3A,1,0,D,0,2F,0,36,41,4D,79,;
ICM:F,10,0,1E,0,1,3E,1,0,D,0,2F,0,36,50,4D,8C,;
ICM:E,10,0,1E,0,1,3F,1,0,9,0,25,0,36,26,7,;
ICM:F,10,0,1E,0,1,3D,1,0,11,0,1,0,36,50,25,39,;
ICM:F,10,0,1E,0,1,3B,1,0,11,0,13,0,36,42,25,3B,;
ICM:5,70,0,81,0,1,F7,;
ICM:8,11,0,81,0,3,9C,2,0,3B,;
ICM:D,11,0,81,0,0,28,2,0,20,20,20,31,39,93,;
ICM:5,70,0,2,0,1,78,;
ICM:4,80,0,5,0,89,;
ICM:5,70,0,1E,0,1,94,;
ICM:A,11,0,1E,0,0,3,2,14,31,31,B4,;
ICM:A,11,0,1E,0,0,4,2,4,34,37,AE,;
ICM:2,81,0,83,;
ICM:2,81,0,83,;
ICM:2,81,0,83,;
ICM:2,81,0,83,;
ICM:2,83,0,85,;
ICM:2,81,0,83,;
ICM:2,81,0,83,;
ICM:2,81,0,83,;
ICM:2,81,0,83,;
ICM:2,83,0,85,;
ICM:2,81,0,83,;
ICM:2,81,0,83,;
ICM:2,81,0,83,;
ICM:2,81,0,83,;
ICM:2,81,0,83,;
ICM:2,83,0,85,;
ICM:2,81,0,83,;
ICM:2,81,0,83,;
ICM:2,81,0,83,;
ICM:2,81,0,83,;
ICM:2,83,0,85,;
ICM:4,60,0,2,0,66,;
ICM:2,81,0,83,;
ICM:2,81,0,83,;
ICM:2,81,0,83,;
ICM:2,81,0,83,;
ICM:2,81,0,83,;
ICM:2,83,0,85,;
ICM:2,81,0,83,;
ICM:2,81,0,83,;
ICM:2,81,0,83,;
ICM:2,81,0,83,;
ICM:2,81,0,83,;
ICM:2,83,0,85,;
ICM:2,81,0,83,;
ICM:2,81,0,83,;
ICM:2,81,0,83,;
ICM:2,81,0,83,;
ICM:2,83,0,85,;
ICM:2,81,0,83,;
ICM:2,81,0,83,;
ICM:2,81,0,83,;
ICM:2,81,0,83,;
ICM:F,10,0,0,0,3,35,1,0,D,0,DA,0,36,41,53,9,;
ICM:11,10,0,0,0,0,14,0,1,32,0,8E,0,22,53,43,41,4E,3D,;
ICM:E,10,0,0,0,0,13,0,1,F,0,B4,0,22,20,37,;
ICM:D,10,0,0,0,0,E,0,2,B4,0,CF,0,1F,CF,;
ICM:F,10,0,0,0,3,4E,1,0,D,0,8E,0,36,4E,4F,DF,;
ICM:F,10,0,0,0,3,59,1,0,D,0,9B,0,36,54,50,FE,;
ICM:10,10,0,0,0,3,53,1,0,13,0,AC,0,36,50,54,59,69,;
ICM:F,10,0,0,0,3,34,1,0,D,0,EB,0,36,41,46,C,;
ICM:10,10,0,0,0,3,55,1,0,13,0,C3,0,36,52,45,47,63,;
ICM:5,70,0,0,0,1,76,;
ICM:B,11,0,0,0,0,14,2,1,46,4D,32,F8,;
ICM:8,11,0,0,0,3,59,3,0,78,;
ICM:8,11,0,0,0,3,4E,3,0,6D,;
ICM:8,11,0,0,0,3,53,3,0,72,;
ICM:4,80,0,5,0,89,;
ICM:8,11,0,0,0,3,34,3,0,53,;
ICM:8,11,0,0,0,3,55,3,0,74,;
ICM:8,11,0,0,0,3,35,3,0,54,;
ICM:10,11,0,0,0,0,E,2,2,20,20,20,20,20,20,20,20,33,;
ICM:9,11,0,0,0,0,13,2,1,20,50,;
ICM:2,81,0,83,;
ICM:2,83,0,85,;
ICM:2,81,0,83,;
ICM:2,81,0,83,;
ICM:2,81,0,83,;
ICM:8,11,0,0,0,3,59,3,0,78,;
ICM:8,11,0,0,0,3,4E,3,0,6D,;
ICM:12,11,0,0,0,0,E,2,2,20,38,39,2E,39,30,20,4D,48,7A,8C,;
ICM:2,81,0,83,;
ICM:2,83,0,85,;
ICM:2,81,0,83,;
ICM:2,81,0,83,;
ICM:2,81,0,83,;
ICM:8,11,0,0,0,3,59,3,0,78,;
ICM:8,11,0,0,0,3,4E,3,0,6D,;
ICM:10,11,0,0,0,0,E,2,2,4C,69,67,68,74,38,39,39,D5,;
ICM:2,81,0,83,;
ICM:2,81,0,83,;
ICM:2,83,0,85,;
ICM:2,81,0,83,;
ICM:8,11,0,0,0,3,59,3,0,78,;
ICM:8,11,0,0,0,3,4E,3,0,6D,;
ICM:10,11,0,0,0,0,E,2,2,4C,69,67,68,74,38,39,39,D5,;
ICM:2,81,0,83,;
ICM:2,81,0,83,;
ICM:2,81,0,83,;
ICM:2,83,0,85,;
ICM:4,60,0,0,0,64,;
ICM:2,81,0,83,;
ICM:2,81,0,83,;
ICM:2,81,0,83,;
ICM:2,81,0,83,;
ICM:2,81,0,83,;
ICM:2,83,0,85,;
ICM:2,81,0,83,;
ICM:2,81,0,83,;
ICM:2,81,0,83,;
ICM:2,81,0,83,;
ICM:2,83,0,85,;
ICM:2,81,0,83,;
ICM:2,81,0,83,;
ICM:2,81,0,83,;
ICM:2,81,0,83,;
ICM:2,81,0,83,;
ICM:2,83,0,85,;
ICM:2,81,0,83,;
ICM:2,81,0,83,;
ICM:2,81,0,83,;
ICM:2,81,0,83,;
ICM:2,83,0,85,;
ICM:2,81,0,83,;
ICM:2,81,0,83,;
ICM:2,81,0,83,;
ICM:2,81,0,83,;
ICM:2,81,0,83,;
ICM:2,83,0,85,;
ICM:2,81,0,83,;
ICM:2,81,0,83,;
ICM:2,81,0,83,;
ICM:2,81,0,83,;
ICM:2,81,0,83,;
ICM:2,83,0,85,;
ICM:2,81,0,83,;