ICM:2,81,0,83,;
SID:;
SID:4,82,0,0,0,86,;
ICM:;
ICM:2,81,0,83,;
SID:;
SID:4,82,0,0,0,86,;
ICM:;
ICM:2,83,0,85,;
SID:;
SID:4,84,0,18,1F,BF,;
ICM:;
ICM:2,81,0,83,;
SID:4,82,0,0,0,86,;
ICM:;
ICM:2,81,0,83,;
SID:;
SID:4,82,0,0,0,86,;
ICM:;
ICM:2,81,0,83,;
SID:;
SID:4,82,0,0,0,86,;
ICM:;
ICM:2,81,0,83,;
SID:;
SID:4,82,0,0,0,86,;
ICM:;
ICM:2,83,0,85,;
SID:;
SID:4,84,0,18,1F,BF,;
ICM:;
ICM:2,81,0,83,;
SID:;
SID:4,82,0,0,0,86,;
ICM:;
ICM:2,81,0,83,;
SID:;
SID:4,82,0,0,0,86,;
ICM:;
ICM:2,81,0,83,;
SID:;
SID:4,82,0,0,0,86,;
ICM:;
ICM:2,81,0,83,;
SID:;
SID:4,82,0,0,0,86,;
ICM:;
ICM:2,81,0,83,;
SID:;
SID:4,82,0,0,0,86,;
ICM:;
ICM:2,83,0,85,;
SID:;
SID:4,84,0,18,1F,BF,;
ICM:;
ICM:2,81,0,83,;
SID:;
SID:4,82,0,0,0,86,;
ICM:;
ICM:2,81,0,83,;
SID:;
SID:4,82,0,0,0,86,;
ICM:;
ICM:2,81,0,83,;
SID:;
SID:4,82,0,0,0,86,;
ICM:;
ICM:1A,10,0,8E,0,7C,F0,0,2,AF,0,8E,0,4,43,6C,6F,63,6B,20,2F,20,41,6C,61,72,6D,AF,;
SID:;
SID:2,FF,0,1,;
ICM:;
ICM:18,10,0,8E,0,7C,F1,0,2,AF,0,8E,0,17,52,61,69,6E,20,53,65,6E,73,6F,72,9D,;
SID:2,FF,0,1,;
ICM:;
ICM:1B,10,0,8E,0,7C,F2,0,2,AF,0,8E,0,2A,43,6C,69,6D,61,74,65,20,53,79,73,74,65,6D,F4,;
SID:2,FF,0,1,;
ICM:;
ICM:D,10,0,8E,0,7C,F3,1,2,AF,0,8E,0,3D,97,;
SID:;
SID:2,FF,0,1,;
ICM:;
ICM:10,20,0,8E,0,0,9C,0,4,7C,F0,7C,F1,7C,F2,7C,F3,14,;
SID:;
SID:2,FF,0,1,;
ICM:;
ICM:E,10,0,8E,0,7D,52,1,2,F,0,40,1,4,BA,8C,;
SID:;
SID:2,FF,0,1,;
ICM:;
ICM:E,10,0,8E,0,7D,53,0,2,F,0,40,1,2A,BC,B4,;
SID:;
SID:2,FF,0,1,;
ICM:;
ICM:8,11,0,8E,0,7C,F0,2,42,57,;
SID:2,FF,0,1,;
ICM:;
ICM:5,70,0,81,0,0,F6,;
SID:;
SID:2,FF,0,1,;
ICM:;
ICM:5,70,0,2,0,0,77,;
SID:;
SID:2,FF,0,1,;
ICM:;
ICM:2,81,0,83,;
SID:;
SID:4,82,0,0,0,86,;
ICM:;
ICM:5,70,0,8E,0,1,4,;
SID:2,FF,0,1,;
ICM:;
ICM:2,83,0,85,;
SID:;
SID:4,84,0,18,1F,BF,;
ICM:;
ICM:2,81,0,83,;
SID:;
SID:4,82,0,0,0,86,;
ICM:;
ICM:2,81,0,83,;
SID:;
SID:4,82,0,0,0,86,;
ICM:;
ICM:2,81,0,83,;
SID:;
SID:4,82,0,0,0,86,;
ICM:;
ICM:2,81,0,83,;
SID:;
SID:4,82,0,0,0,86,;
ICM:;
ICM:2,81,0,83,;
SID:;
SID:4,82,0,0,0,86,;
ICM:;
ICM:2,83,0,85,;
SID:;
SID:4,84,0,18,1F,BF,;
ICM:;
ICM:2,81,0,83,;
SID:;
SID:4,82,0,0,0,86,;
ICM:;
ICM:2,81,0,83,;
SID:;
SID:4,82,0,0,0,86,;
ICM:;
ICM:2,81,0,83,;
SID:;
SID:4,82,0,0,0,86,;
ICM:;
ICM:8,11,0,8E,0,7C,F0,2,2,17,;
SID:2,FF,0,1,;
ICM:;
ICM:8,11,0,8E,0,7C,F1,2,42,58,;
SID:2,FF,0,1,;
ICM:;
ICM:2,81,0,83,;
SID:;
SID:4,82,0,0,0,86,;
ICM:;
ICM:2,83,0,85,;
SID:;
SID:4,84,0,18,1F,BF,;
ICM:;
ICM:2,81,0,83,;
SID:;
SID:4,82,0,0,0,86,;
ICM:;
ICM:2,81,0,83,;
SID:;
SID:4,82,0,0,0,86,;
ICM:;
ICM:2,81,0,83,;
SID:;
SID:4,82,0,0,0,86,;
ICM:;
ICM:8,11,0,8E,0,7C,F1,2,2,18,;
SID:2,FF,0,1,;
ICM:;
ICM:8,11,0,8E,0,7C,F2,2,42,59,;
SID:2,FF,0,1,;
ICM:;
ICM:17,11,0,8E,0,7C,F3,1,2,53,79,73,74,65,6D,20,53,65,74,74,69,6E,67,73,1E,;
SID:;
SID:2,FF,0,1,;
ICM:;
ICM:8,21,0,8E,0,0,9C,1,6,5A,;
SID:2,FF,0,1,;
ICM:;
ICM:8,11,0,8E,0,7D,52,2,2,7A,;
SID:2,FF,0,1,;
ICM:;
ICM:2,81,0,83,;
SID:;
SID:4,82,0,0,0,86,;
ICM:;
ICM:2,81,0,83,;
SID:;
SID:4,82,0,0,0,86,;
ICM:;
ICM:2,83,0,85,;
SID:;
SID:4,84,0,18,1F,BF,;
ICM:;
ICM:2,81,0,83,;
SID:;
SID:4,82,0,0,0,86,;
ICM:;
ICM:2,81,0,83,;
SID:;
SID:4,82,0,0,0,86,;
ICM:;
ICM:2,81,0,83,;
SID:;
SID:4,82,0,0,0,86,;
ICM:;
ICM:2,81,0,83,;
SID:;
SID:4,82,0,0,0,86,;
ICM:;
ICM:C,11,0,8E,0,7C,F0,1,2,45,78,69,74,B4,;
SID:2,FF,0,1,;
ICM:;
ICM:8,21,0,8E,0,0,9C,1,6,5A,;
SID:;
SID:2,FF,0,1,;
ICM:;
ICM:8,11,0,8E,0,7D,53,3,2,7C,;
SID:2,FF,0,1,;
ICM:;
ICM:8,11,0,8E,0,7D,52,2,2,7A,;
SID:;
SID:2,FF,0,1,;
ICM:;
ICM:2,83,0,85,;
SID:;
SID:4,84,0,18,1F,BF,;
ICM:;
ICM:2,81,0,83,;
SID:;
SID:4,82,0,0,0,86,;
ICM:;
ICM:2,81,0,83,;
SID:;
SID:4,82,0,0,0,86,;
ICM:;
ICM:2,81,0,83,;
SID:;
SID:4,82,0,0,0,86,;
ICM:;
ICM:2,81,0,83,;
SID:;
SID:4,82,0,0,0,86,;
ICM:;
ICM:2,81,0,83,;
SID:;
SID:4,82,0,0,0,86,;
ICM:;
ICM:2,83,0,85,;
SID:;
SID:4,84,0,18,1F,BF,;
ICM:;
ICM:2,81,0,83,;
SID:;
SID:4,82,0,0,0,86,;
ICM:;
ICM:2,81,0,83,;
SID:;
SID:4,82,0,0,0,86,;
ICM:;
ICM:2,81,0,83,;
SID:;
SID:4,82,0,0,0,86,;
ICM:;
ICM:2,81,0,83,;
SID:;
SID:4,82,0,0,0,86,;
ICM:;
ICM:4,60,0,8E,0,F2,;
SID:;
SID:2,FF,0,1,;
ICM:;
ICM:5,70,0,2,0,1,78,;
SID:;
SID:2,FF,0,1,;
ICM:;
ICM:5,70,0,81,0,1,F7,;
SID:;
SID:2,FF,0,1,;
ICM:;
ICM:8,11,0,81,0,3,9C,2,0,3B,;
SID:;
SID:2,FF,0,1,;
ICM:;
ICM:D,11,0,81,0,0,28,2,0,20,20,20,31,35,8F,;
SID:2,FF,0,1,;
ICM:;
ICM:2,83,0,85,;
SID:;
SID:4,84,0,18,1F,BF,;
ICM:;
ICM:2,81,0,83,;
SID:;
SID:4,82,0,0,0,86,;
ICM:;
ICM:2,81,0,83,;
SID:;
SID:4,82,0,0,0,86,;
ICM:;
ICM:2,81,0,83,;
SID:;
SID:4,82,0,0,0,86,;
ICM:;
ICM:2,81,0,83,;
SID:;
SID:4,82,0,0,0,86,;
ICM:;
ICM:2,81,0,83,;
SID:;
SID:4,82,0,0,0,86,;
ICM:;
ICM:2,83,0,85,;
SID:;
SID:4,84,0,18,1F,BF,;
ICM:;
ICM:2,81,0,83,;
SID:;
SID:4,82,0,0,0,86,;
ICM:;
ICM:2,81,0,83,;
SID:;
SID:4,82,0,0,0,86,;
ICM:;
ICM:2,81,0,83,;
SID:;
SID:4,82,0,0,0,86,;
ICM:;
ICM:2,81,0,83,;
SID:;
SID:4,82,0,0,0,86,;
ICM:;
ICM:2,81,0,83,;
SID:;
SID:4,82,0,0,0,86,;
ICM:;
ICM:2,83,0,85,;
SID:;
SID:4,84,0,18,1F,BF,;
ICM:;
ICM:4,60,0,81,0,E5,;
SID:;
SID:2,FF,0,1,;
ICM:;
ICM:13,10,0,83,0,3,8E,0,1,3C,0,8E,0,7,44,2E,54,2E,45,2E,70,;
SID:2,FF,0,1,;
ICM:;
ICM:12,10,0,83,0,0,29,0,12,2D,0,CB,0,4,20,20,32,32,36,B6,;
SID:2,FF,0,1,;
ICM:;
ICM:F,10,0,83,0,3,96,1,1,3A,0,FE,0,7,6B,6D,54,;
SID:2,FF,0,1,;
ICM:;
ICM:12,10,0,83,0,3,99,1,1,3A,0,FE,0,7,6D,69,6C,65,73,9C,;
SID:2,FF,0,1,;
ICM:;
ICM:8,11,0,83,0,3,96,2,0,37,;
SID:;
SID:2,FF,0,1,;
ICM:;
ICM:D,11,0,83,0,0,29,2,0,20,20,32,32,31,A1,;
SID:2,FF,0,1,;
ICM:;
ICM:2,81,0,83,;
SID:;
SID:4,82,0,0,0,86,;
ICM:;
ICM:5,70,0,83,0,1,F9,;
SID:;
SID:2,FF,0,1,;
ICM:;
ICM:2,81,0,83,;
SID:;
SID:4,82,0,0,0,86,;
ICM:;
ICM:2,81,0,83,;
SID:;
SID:4,82,0,0,0,86,;
ICM:;
ICM:2,81,0,83,;
SID:;
SID:4,82,0,0,0,86,;
ICM:;
ICM:2,83,0,85,;
SID:;
SID:4,84,0,18,1F,BF,;
ICM:;
ICM:2,81,0,83,;
SID:;
SID:4,82,0,0,0,86,;
ICM:;
ICM:2,81,0,83,;
SID:;
SID:4,82,0,0,0,86,;
ICM:;
ICM:4,60,0,83,0,E7,;
SID:;
SID:2,FF,0,1,;
ICM:;
ICM:11,10,0,81,0,3,9B,0,1,3C,0,8E,0,7,54,65,6D,70,A8,;
SID:2,FF,0,1,;
ICM:;
ICM:12,10,0,81,0,0,28,0,12,2D,0,CB,0,4,20,20,20,31,35,9F,;
SID:2,FF,0,1,;
ICM:;
ICM:F,10,0,81,0,3,9C,1,1,3A,0,FE,0,7,B0,43,73,;
SID:2,FF,0,1,;
ICM:;
ICM:F,10,0,81,0,3,9D,1,1,3A,0,FE,0,7,B0,46,77,;
SID:2,FF,0,1,;
ICM:;
ICM:8,11,0,81,0,3,9C,2,0,3B,;
SID:;
SID:2,FF,0,1,;
ICM:;
ICM:D,11,0,81,0,0,28,2,0,20,20,20,31,35,8F,;
SID:;
SID:2,FF,0,1,;
ICM:;
ICM:5,70,0,81,0,1,F7,;
SID:;
SID:2,FF,0,1,;
ICM:;
ICM:2,81,0,83,;
SID:;
SID:4,82,0,0,0,86,;
ICM:;
ICM:2,81,0,83,;
SID:;
SID:4,82,0,0,0,86,;
ICM:;
ICM:2,81,0,83,;
SID:;
SID:4,82,0,0,0,86,;
ICM:;
ICM:2,83,0,85,;
SID:;
SID:4,84,0,18,1F,BF,;
ICM:;
ICM:2,81,0,83,;
SID:;
SID:4,82,0,0,0,86,;
ICM:;
ICM:2,81,0,83,;
SID:;
SID:4,82,0,0,0,86,;
ICM:;
ICM:2,81,0,83,;
SID:;
SID:4,82,0,0,0,86,;
ICM:;
ICM:2,81,0,83,;
SID:;
SID:4,82,0,0,0,86,;
ICM:;
ICM:2,83,0,85,;
SID:;
SID:4,84,0,18,1F,BF,;
ICM:;
ICM:2,81,0,83,;
SID:;
SID:4,82,0,0,0,86,;
ICM:;
ICM:4,60,0,81,0,E5,;
SID:;
SID:2,FF,0,1,;
ICM:;
ICM:13,10,0,83,0,3,8E,0,1,3C,0,8E,0,7,44,2E,54,2E,45,2E,70,;
SID:2,FF,0,1,;
ICM:;
ICM:12,10,0,83,0,0,29,0,12,2D,0,CB,0,4,20,20,32,32,31,B1,;
SID:2,FF,0,1,;
ICM:;
ICM:F,10,0,83,0,3,96,1,1,3A,0,FE,0,7,6B,6D,54,;
SID:2,FF,0,1,;
ICM:;
ICM:12,10,0,83,0,3,99,1,1,3A,0,FE,0,7,6D,69,6C,65,73,9C,;
SID:2,FF,0,1,;
ICM:;
ICM:8,11,0,83,0,3,96,2,0,37,;
SID:;
SID:2,FF,0,1,;
ICM:;
ICM:D,11,0,83,0,0,29,2,0,20,20,32,32,31,A1,;
SID:;
SID:2,FF,0,1,;
ICM:;
ICM:5,70,0,83,0,1,F9,;
SID:;
SID:2,FF,0,1,;
ICM:;
ICM:2,81,0,83,;
SID:;
SID:4,82,0,0,0,86,;
ICM:;
ICM:2,81,0,83,;
SID:;
SID:4,82,0,0,0,86,;
ICM:;
ICM:2,81,0,83,;
SID:;
SID:4,82,0,0,0,86,;
ICM:;
ICM:4,60,0,83,0,E7,;
SID:;
SID:2,FF,0,1,;
ICM:;
ICM:11,10,0,81,0,3,9B,0,1,3C,0,8E,0,7,54,65,6D,70,A8,;
SID:2,FF,0,1,;
ICM:;
ICM:12,10,0,81,0,0,28,0,12,2D,0,CB,0,4,20,20,20,31,35,9F,;
SID:2,FF,0,1,;
ICM:;
ICM:F,10,0,81,0,3,9C,1,1,3A,0,FE,0,7,B0,43,73,;
SID:;
SID:2,FF,0,1,;
ICM:;
ICM:F,10,0,81,0,3,9D,1,1,3A,0,FE,0,7,B0,46,77,;
SID:;
SID:2,FF,0,1,;
ICM:;
ICM:8,11,0,81,0,3,9C,2,0,3B,;
SID:;
SID:2,FF,0,1,;
ICM:;
ICM:D,11,0,81,0,0,28,2,0,20,20,20,31,35,8F,;
SID:;
SID:2,FF,0,1,;
ICM:;
ICM:2,81,0,83,;
SID:;
SID:4,82,0,0,0,86,;
ICM:;
ICM:2,83,0,85,;
SID:;
SID:4,84,0,18,1F,BF,;
ICM:;
ICM:5,70,0,81,0,1,F7,;
SID:;
SID:2,FF,0,1,;
ICM:;
ICM:2,81,0,83,;
SID:;
SID:4,82,0,0,0,86,;
ICM:;
ICM:2,81,0,83,;
SID:;
SID:4,82,0,0,0,86,;
ICM:;
ICM:2,81,0,83,;
SID:;
SID:4,82,0,0,0,86,;
ICM:;
ICM:2,81,0,83,;
SID:;
SID:4,82,0,0,0,86,;
ICM:;
ICM:2,83,0,85,;
SID:;
SID:4,84,0,18,1F,BF,;
ICM:;
ICM:2,81,0,83,;
SID:4,82,0,0,0,86,;
ICM:;
ICM:2,81,0,83,;
SID:4,82,0,0,0,86,;
ICM:;
ICM:2,81,0,83,;
SID:;
SID:4,82,0,0,0,86,;
ICM:;
ICM:2,81,0,83,;
SID:;
SID:4,82,0,0,0,86,;
ICM:;
ICM:2,81,0,83,;
SID:;
SID:4,82,0,0,0,86,;
ICM:;
ICM:2,83,0,85,;
SID:;
SID:4,84,0,18,1F,BF,;
ICM:;
ICM:2,81,0,83,;
SID:4,82,0,0,0,86,;
ICM:;
ICM:2,81,0,83,;
SID:4,82,0,0,0,86,;
ICM:;
ICM:2,81,0,83,;
SID:4,82,0,0,0,86,;
ICM:;
ICM:2,81,0,83,;
SID:;
SID:4,82,0,0,0,86,;
ICM:;
ICM:2,83,0,85,;
SID:4,84,0,18,1F,BF,;
ICM:;
ICM:2,81,0,83,;
SID:4,82,0,0,0,86,;
ICM:;
ICM:2,81,0,83,;
SID:;
SID:4,82,0,0,0,86,;
ICM:;
ICM:2,81,0,83,;
SID:;
SID:4,82,0,0,0,86,;
ICM:;
ICM:2,81,0,83,;
SID:;
SID:4,82,0,0,0,86,;
ICM:;
ICM:2,81,0,83,;
SID:;
SID:4,82,0,0,0,86,;
ICM:;
ICM:2,83,0,85,;
SID:;
SID:4,84,0,18,1F,BF,;
ICM:;
ICM:4,60,0,81,0,E5,;
SID:;
SID:2,FF,0,1,;
ICM:;
ICM:23,10,0,8D,0,3,60,0,2,E1,0,8E,0,17,54,72,69,70,20,63,6F,6D,70,75,74,65,72,20,63,6C,65,61,72,65,64,2E,F7,;
SID:2,FF,0,1,;
ICM:;
ICM:5,70,0,2,0,0,77,;
SID:2,FF,0,1,;
ICM:;
ICM:5,70,0,8D,0,1,3,;
SID:;
SID:2,FF,0,1,;
ICM:;
ICM:2,81,0,83,;
SID:;
SID:4,82,0,0,0,86,;
ICM:;
ICM:2,81,0,83,;
SID:;
SID:4,82,0,0,0,86,;
ICM:;
ICM:2,81,0,83,;
SID:;
SID:4,82,0,0,0,86,;
ICM:;
ICM:2,81,0,83,;
SID:;
SID:4,82,0,0,0,86,;
ICM:;
ICM:2,83,0,85,;
SID:;
SID:4,84,0,18,1F,BF,;
ICM:;
ICM:2,81,0,83,;
SID:;
SID:4,82,0,0,0,86,;
ICM:;
ICM:2,81,0,83,;
SID:;
SID:4,82,0,0,0,86,;
ICM:;
ICM:2,81,0,83,;
SID:;
SID:4,82,0,0,0,86,;
ICM:;
ICM:2,81,0,83,;
SID:;
SID:4,82,0,0,0,86,;
ICM:;
ICM:2,81,0,83,;
SID:;
SID:4,82,0,0,0,86,;
ICM:;
ICM:4,60,0,8D,0,F1,;
SID:;
SID:2,FF,0,1,;
ICM:;
ICM:11,10,0,81,0,3,9B,0,1,3C,0,8E,0,7,54,65,6D,70,A8,;
SID:;
SID:2,FF,0,1,;
ICM:;
ICM:12,10,0,81,0,0,28,0,12,2D,0,CB,0,4,20,20,20,31,35,9F,;
SID:;
SID:2,FF,0,1,;
ICM:;
ICM:F,10,0,81,0,3,9C,1,1,3A,0,FE,0,7,B0,43,73,;
SID:;
SID:2,FF,0,1,;
ICM:;
ICM:F,10,0,81,0,3,9D,1,1,3A,0,FE,0,7,B0,46,77,;
SID:;
SID:2,FF,0,1,;
ICM:;
ICM:8,11,0,81,0,3,9C,2,0,3B,;
SID:;
SID:2,FF,0,1,;
ICM:;
ICM:D,11,0,81,0,0,28,2,0,20,20,20,31,35,8F,;
SID:;
SID:2,FF,0,1,;
ICM:;
ICM:5,70,0,2,0,1,78,;
SID:2,FF,0,1,;
ICM:;
ICM:2,83,0,85,;
SID:;
SID:4,84,0,18,1F,BF,;
ICM:;
ICM:5,70,0,81,0,1,F7,;
SID:2,FF,0,1,;
ICM:;
ICM:2,81,0,83,;
SID:;
SID:4,82,0,0,0,86,;
ICM:;
ICM:2,81,0,83,;
SID:;
SID:4,82,0,0,0,86,;
ICM:;
ICM:2,81,0,83,;
SID:;
SID:4,82,0,0,0,86,;
ICM:;
ICM:2,81,0,83,;
SID:;
SID:4,82,0,0,0,86,;
ICM:;
ICM:2,81,0,83,;
SID:;
SID:4,82,0,0,0,86,;
ICM:;
ICM:2,83,0,85,;
SID:;
SID:4,84,0,18,1F,BF,;
ICM:;
ICM:2,81,0,83,;
SID:;
SID:4,82,0,0,0,86,;
ICM:;
ICM:2,81,0,83,;
SID:;
SID:4,82,0,0,0,86,;
ICM:;
ICM:2,81,0,83,;
SID:;
SID:4,82,0,0,0,86,;
ICM:;
ICM:2,81,0,83,;
SID:;
SID:4,82,0,0,0,86,;
ICM:;
ICM:2,83,0,85,;
SID:;
SID:4,84,0,18,1F,BF,;
ICM:;
ICM:2,81,0,83,;
SID:;
SID:4,82,0,0,0,86,;
ICM:;
