ICM:2,81,0,83,;
ICM:2,83,0,85,;
ICM:2,81,0,83,;
ICM:2,81,0,83,;
ICM:2,81,0,83,;
ICM:2,81,0,83,;
ICM:2,81,0,83,;
ICM:2,81,0,83,;
ICM:2,83,0,85,;
ICM:2,81,0,83,;
ICM:2,81,0,83,;
ICM:4,80,0,D,0,91,;
ICM:2,81,0,83,;
ICM:2,81,0,83,;
ICM:4,80,0,F,0,93,;
ICM:2,83,0,85,;
ICM:2,81,0,83,;
ICM:4,80,0,11,0,95,;
ICM:2,81,0,83,;
ICM:2,81,0,83,;
ICM:4,80,0,14,0,98,;
ICM:2,81,0,83,;
ICM:2,81,0,83,;
ICM:4,80,0,15,0,99,;
ICM:2,83,0,85,;
ICM:2,81,0,83,;
ICM:4,80,0,18,0,9C,;
ICM:2,81,0,83,;
ICM:2,81,0,83,;
ICM:4,80,0,1A,0,9E,;
ICM:2,81,0,83,;
ICM:2,83,0,85,;
ICM:2,81,0,83,;
ICM:4,80,0,1E,0,A2,;
ICM:2,81,0,83,;
ICM:4,80,0,20,0,A4,;
ICM:2,81,0,83,;
ICM:2,81,0,83,;
ICM:4,80,0,21,0,A5,;
ICM:2,81,0,83,;
ICM:2,83,0,85,;
ICM:2,81,0,83,;
ICM:4,80,0,23,0,A7,;
ICM:2,81,0,83,;
ICM:4,80,0,25,0,A9,;
ICM:2,81,0,83,;
ICM:2,81,0,83,;
ICM:4,80,0,26,0,AA,;
ICM:2,83,0,85,;
ICM:2,81,0,83,;
ICM:2,81,0,83,;
ICM:4,80,0,28,0,AC,;
ICM:2,81,0,83,;
ICM:4,80,0,2B,0,AF,;
ICM:2,81,0,83,;
ICM:2,81,0,83,;
ICM:4,80,0,30,0,B4,;
ICM:2,83,0,85,;
ICM:2,81,0,83,;
ICM:4,80,0,35,0,B9,;
ICM:2,81,0,83,;
ICM:2,81,0,83,;
ICM:4,80,0,3A,0,BE,;
ICM:2,81,0,83,;
ICM:2,83,0,85,;
ICM:2,81,0,83,;
ICM:4,80,0,3E,0,C2,;
ICM:2,81,0,83,;
ICM:2,81,0,83,;
ICM:2,81,0,83,;
ICM:2,81,0,83,;
ICM:2,83,0,85,;
ICM:2,81,0,83,;
ICM:2,81,0,83,;
ICM:2,81,0,83,;
ICM:2,81,0,83,;
ICM:2,81,0,83,;
ICM:2,83,0,85,;
ICM:2,81,0,83,;
ICM:2,81,0,83,;
ICM:2,81,0,83,;
ICM:2,81,0,83,;
ICM:2,83,0,85,;
ICM:2,81,0,83,;
ICM:2,81,0,83,;
ICM:2,81,0,83,;
ICM:2,81,0,83,;
ICM:2,81,0,83,;
ICM:2,83,0,85,;
ICM:2,81,0,83,;
ICM:2,81,0,83,;
ICM:2,81,0,83,;
ICM:2,81,0,83,;
ICM:2,83,0,85,;
ICM:2,81,0,83,;
ICM:2,81,0,83,;
ICM:2,81,0,83,;
ICM:2,81,0,83,;
ICM:2,81,0,83,;
ICM:2,83,0,85,;
ICM:2,81,0,83,;
ICM:2,81,0,83,;
ICM:2,81,0,83,;
ICM:2,81,0,83,;
ICM:2,83,0,85,;
ICM:2,81,0,83,;
ICM:2,81,0,83,;
ICM:2,81,0,83,;
ICM:2,81,0,83,;
ICM:2,81,0,83,;
ICM:2,83,0,85,;
ICM:2,81,0,83,;
ICM:2,81,0,83,;
ICM:2,81,0,83,;
ICM:2,81,0,83,;
ICM:2,81,0,83,;
ICM:2,83,0,85,;
ICM:2,81,0,83,;
ICM:2,81,0,83,;
ICM:2,81,0,83,;
ICM:2,81,0,83,;
ICM:2,83,0,85,;
ICM:2,81,0,83,;
ICM:2,81,0,83,;
ICM:2,81,0,83,;
ICM:2,81,0,83,;
ICM:2,81,0,83,;
ICM:2,83,0,85,;