0x80,0x00,0xff,0xff
0x60,0x0,0x8e,0x0,0x0

# CREATE FOUR "ELEMENTS" to shift and juggle 
0x10,0x0,0x8e,0x0,0x7c,0xf0,0x0,0x2,0xaf,0x0,0x8e,0x0,0x4,0x43,0x6c,0x6f,0x63,0x6b,0x20,0x2f,0x20,0x41,0x6c,0x61,0x72,0x6d
0x10,0x0,0x8e,0x0,0x7c,0xf1,0x0,0x2,0xaf,0x0,0x8e,0x0,0x17,0x52,0x61,0x69,0x6e,0x20,0x53,0x65,0x6e,0x73,0x6f,0x72
0x10,0x0,0x8e,0x0,0x7c,0xf2,0x0,0x2,0xaf,0x0,0x8e,0x0,0x2a,0x43,0x6c,0x69,0x6d,0x61,0x74,0x65,0x20,0x53,0x79,0x73,0x74,0x65,0x6d
0x10,0x0,0x8e,0x0,0x7c,0xf3,0x1,0x2,0xaf,0x0,0x8e,0x0,0x3d

# CREATE A GROUP OF THE FOUR ELEMENTS TO MOVE
0x20,0x0,0x8e,0x0,0x0,0x9c,0x0,0x4,0x7c,0xf0,0x7c,0xf1,0x7c,0xf2,0x7c,0xf3

# TOP ARROW, HIDDEN
#0x10,0x0,0x8e,0x0,0x7d,0x52,0x1,0x2,0xf,0x0,0x40,0x1,0x4,0xba
# BOTTOM ARROW ARROW, VISIBLE
0x10,0x0,0x8e,0x0,0x7d,0x53,0x0,0x2,0xf,0x0,0x40,0x1,0x2a,0xbc
# Set inverted on selected item
0x11,0x0,0x8e,0x0,0x7c,0xf0,0x2,0x42

# Move to next item
0x11,0x0,0x8e,0x0,0x7c,0xf0,0x2,0x2
0x11,0x0,0x8e,0x0,0x7c,0xf1,0x2,0x42

# Move to next item
0x11,0x0,0x8e,0x0,0x7c,0xf1,0x2,0x2
0x11,0x0,0x8e,0x0,0x7c,0xf2,0x2,0x42

# SET 4TH ELEMENT TO NEW TEXT
0x11,0x0,0x8e,0x0,0x7c,0xf3,0x1,0x2,0x53,0x79,0x73,0x74,0x65,0x6d,0x20,0x53,0x65,0x74,0x74,0x69,0x6e,0x67,0x73

# MOVE THE GROUP UP
0x21,0x0,0x8e,0x0,0x0,0x9c,0x1,0x6

# SHOW TOP ARROW
0x11,0x0,0x8e,0x0,0x7d,0x52,0x2,0x2

# RENDER
0x70,0x0,0x8e,0x0,0x1