0x81,0x0
0x81,0x0
0x83,0x0
0x81,0x0
0x81,0x0
0x81,0x0
0x81,0x0
0x83,0x0
0x81,0x0
0x81,0x0
0x81,0x0
0x81,0x0
0x81,0x0
0x83,0x0
0x81,0x0
0x81,0x0
0x81,0x0
0x10,0x0,0x8e,0x0,0x7c,0xf0,0x0,0x2,0xaf,0x0,0x8e,0x0,0x4,0x43,0x6c,0x6f,0x63,0x6b,0x20,0x2f,0x20,0x41,0x6c,0x61,0x72,0x6d
0x10,0x0,0x8e,0x0,0x7c,0xf1,0x0,0x2,0xaf,0x0,0x8e,0x0,0x17,0x52,0x61,0x69,0x6e,0x20,0x53,0x65,0x6e,0x73,0x6f,0x72
0x10,0x0,0x8e,0x0,0x7c,0xf2,0x0,0x2,0xaf,0x0,0x8e,0x0,0x2a,0x43,0x6c,0x69,0x6d,0x61,0x74,0x65,0x20,0x53,0x79,0x73,0x74,0x65,0x6d
0x10,0x0,0x8e,0x0,0x7c,0xf3,0x1,0x2,0xaf,0x0,0x8e,0x0,0x3d
0x20,0x0,0x8e,0x0,0x0,0x9c,0x0,0x4,0x7c,0xf0,0x7c,0xf1,0x7c,0xf2,0x7c,0xf3
0x10,0x0,0x8e,0x0,0x7d,0x52,0x1,0x2,0xf,0x0,0x40,0x1,0x4,0xba
0x10,0x0,0x8e,0x0,0x7d,0x53,0x0,0x2,0xf,0x0,0x40,0x1,0x2a,0xbc
0x11,0x0,0x8e,0x0,0x7c,0xf0,0x2,0x42
0x70,0x0,0x81,0x0,0x0
0x70,0x0,0x2,0x0,0x0
0x81,0x0
0x70,0x0,0x8e,0x0,0x1
0x83,0x0
0x81,0x0
0x81,0x0
0x81,0x0
0x81,0x0
0x81,0x0
0x83,0x0
0x81,0x0
0x81,0x0
0x81,0x0
0x11,0x0,0x8e,0x0,0x7c,0xf0,0x2,0x2
0x11,0x0,0x8e,0x0,0x7c,0xf1,0x2,0x42
0x81,0x0
0x83,0x0
0x81,0x0
0x81,0x0
0x81,0x0
0x11,0x0,0x8e,0x0,0x7c,0xf1,0x2,0x2
0x11,0x0,0x8e,0x0,0x7c,0xf2,0x2,0x42
0x11,0x0,0x8e,0x0,0x7c,0xf3,0x1,0x2,0x53,0x79,0x73,0x74,0x65,0x6d,0x20,0x53,0x65,0x74,0x74,0x69,0x6e,0x67,0x73
0x21,0x0,0x8e,0x0,0x0,0x9c,0x1,0x6
0x11,0x0,0x8e,0x0,0x7d,0x52,0x2,0x2
0x81,0x0
0x81,0x0
0x83,0x0
0x81,0x0
0x81,0x0
0x81,0x0
0x81,0x0
0x11,0x0,0x8e,0x0,0x7c,0xf0,0x1,0x2,0x45,0x78,0x69,0x74
0x21,0x0,0x8e,0x0,0x0,0x9c,0x1,0x6
0x11,0x0,0x8e,0x0,0x7d,0x53,0x3,0x2
0x11,0x0,0x8e,0x0,0x7d,0x52,0x2,0x2
0x83,0x0
0x81,0x0
0x81,0x0
0x81,0x0
0x81,0x0
0x81,0x0
0x83,0x0
0x81,0x0
0x81,0x0
0x81,0x0
0x81,0x0
0x60,0x0,0x8e,0x0
0x70,0x0,0x2,0x0,0x1
0x70,0x0,0x81,0x0,0x1
0x11,0x0,0x81,0x0,0x3,0x9c,0x2,0x0
0x11,0x0,0x81,0x0,0x0,0x28,0x2,0x0,0x20,0x20,0x20,0x31,0x35
0x83,0x0
0x81,0x0
0x81,0x0
0x81,0x0
0x81,0x0
0x81,0x0
0x83,0x0
0x81,0x0
0x81,0x0
0x81,0x0
0x81,0x0
0x81,0x0
0x83,0x0
0x60,0x0,0x81,0x0
0x10,0x0,0x83,0x0,0x3,0x8e,0x0,0x1,0x3c,0x0,0x8e,0x0,0x7,0x44,0x2e,0x54,0x2e,0x45,0x2e
0x10,0x0,0x83,0x0,0x0,0x29,0x0,0x12,0x2d,0x0,0xcb,0x0,0x4,0x20,0x20,0x32,0x32,0x36
0x10,0x0,0x83,0x0,0x3,0x96,0x1,0x1,0x3a,0x0,0xfe,0x0,0x7,0x6b,0x6d
0x10,0x0,0x83,0x0,0x3,0x99,0x1,0x1,0x3a,0x0,0xfe,0x0,0x7,0x6d,0x69,0x6c,0x65,0x73
0x11,0x0,0x83,0x0,0x3,0x96,0x2,0x0
0x11,0x0,0x83,0x0,0x0,0x29,0x2,0x0,0x20,0x20,0x32,0x32,0x31
0x81,0x0
0x70,0x0,0x83,0x0,0x1
0x81,0x0
0x81,0x0
0x81,0x0
0x83,0x0
0x81,0x0
0x81,0x0
0x60,0x0,0x83,0x0
0x10,0x0,0x81,0x0,0x3,0x9b,0x0,0x1,0x3c,0x0,0x8e,0x0,0x7,0x54,0x65,0x6d,0x70
0x10,0x0,0x81,0x0,0x0,0x28,0x0,0x12,0x2d,0x0,0xcb,0x0,0x4,0x20,0x20,0x20,0x31,0x35
0x10,0x0,0x81,0x0,0x3,0x9c,0x1,0x1,0x3a,0x0,0xfe,0x0,0x7,0xb0,0x43
0x10,0x0,0x81,0x0,0x3,0x9d,0x1,0x1,0x3a,0x0,0xfe,0x0,0x7,0xb0,0x46
0x11,0x0,0x81,0x0,0x3,0x9c,0x2,0x0
0x11,0x0,0x81,0x0,0x0,0x28,0x2,0x0,0x20,0x20,0x20,0x31,0x35
0x70,0x0,0x81,0x0,0x1
0x81,0x0
0x81,0x0
0x81,0x0
0x83,0x0
0x81,0x0
0x81,0x0
0x81,0x0
0x81,0x0
0x83,0x0
0x81,0x0
0x60,0x0,0x81,0x0
0x10,0x0,0x83,0x0,0x3,0x8e,0x0,0x1,0x3c,0x0,0x8e,0x0,0x7,0x44,0x2e,0x54,0x2e,0x45,0x2e
0x10,0x0,0x83,0x0,0x0,0x29,0x0,0x12,0x2d,0x0,0xcb,0x0,0x4,0x20,0x20,0x32,0x32,0x31
0x10,0x0,0x83,0x0,0x3,0x96,0x1,0x1,0x3a,0x0,0xfe,0x0,0x7,0x6b,0x6d
0x10,0x0,0x83,0x0,0x3,0x99,0x1,0x1,0x3a,0x0,0xfe,0x0,0x7,0x6d,0x69,0x6c,0x65,0x73
0x11,0x0,0x83,0x0,0x3,0x96,0x2,0x0
0x11,0x0,0x83,0x0,0x0,0x29,0x2,0x0,0x20,0x20,0x32,0x32,0x31
0x70,0x0,0x83,0x0,0x1
0x81,0x0
0x81,0x0
0x81,0x0
0x60,0x0,0x83,0x0
0x10,0x0,0x81,0x0,0x3,0x9b,0x0,0x1,0x3c,0x0,0x8e,0x0,0x7,0x54,0x65,0x6d,0x70
0x10,0x0,0x81,0x0,0x0,0x28,0x0,0x12,0x2d,0x0,0xcb,0x0,0x4,0x20,0x20,0x20,0x31,0x35
0x10,0x0,0x81,0x0,0x3,0x9c,0x1,0x1,0x3a,0x0,0xfe,0x0,0x7,0xb0,0x43
0x10,0x0,0x81,0x0,0x3,0x9d,0x1,0x1,0x3a,0x0,0xfe,0x0,0x7,0xb0,0x46
0x11,0x0,0x81,0x0,0x3,0x9c,0x2,0x0
0x11,0x0,0x81,0x0,0x0,0x28,0x2,0x0,0x20,0x20,0x20,0x31,0x35
0x81,0x0
0x83,0x0
0x70,0x0,0x81,0x0,0x1
0x81,0x0
0x81,0x0
0x81,0x0
0x81,0x0
0x83,0x0
0x81,0x0
0x81,0x0
0x81,0x0
0x81,0x0
0x81,0x0
0x83,0x0
0x81,0x0
0x81,0x0
0x81,0x0
0x81,0x0
0x83,0x0
0x81,0x0
0x81,0x0
0x81,0x0
0x81,0x0
0x81,0x0
0x83,0x0
0x60,0x0,0x81,0x0
0x10,0x0,0x8d,0x0,0x3,0x60,0x0,0x2,0xe1,0x0,0x8e,0x0,0x17,0x54,0x72,0x69,0x70,0x20,0x63,0x6f,0x6d,0x70,0x75,0x74,0x65,0x72,0x20,0x63,0x6c,0x65,0x61,0x72,0x65,0x64,0x2e
0x70,0x0,0x2,0x0,0x0
0x70,0x0,0x8d,0x0,0x1
0x81,0x0
0x81,0x0
0x81,0x0
0x81,0x0
0x83,0x0
0x81,0x0
0x81,0x0
0x81,0x0
0x81,0x0
0x81,0x0
0x60,0x0,0x8d,0x0
0x10,0x0,0x81,0x0,0x3,0x9b,0x0,0x1,0x3c,0x0,0x8e,0x0,0x7,0x54,0x65,0x6d,0x70
0x10,0x0,0x81,0x0,0x0,0x28,0x0,0x12,0x2d,0x0,0xcb,0x0,0x4,0x20,0x20,0x20,0x31,0x35
0x10,0x0,0x81,0x0,0x3,0x9c,0x1,0x1,0x3a,0x0,0xfe,0x0,0x7,0xb0,0x43
0x10,0x0,0x81,0x0,0x3,0x9d,0x1,0x1,0x3a,0x0,0xfe,0x0,0x7,0xb0,0x46
0x11,0x0,0x81,0x0,0x3,0x9c,0x2,0x0
0x11,0x0,0x81,0x0,0x0,0x28,0x2,0x0,0x20,0x20,0x20,0x31,0x35
0x70,0x0,0x2,0x0,0x1
0x83,0x0
0x70,0x0,0x81,0x0,0x1
0x81,0x0
0x81,0x0
0x81,0x0
0x81,0x0
0x81,0x0
0x83,0x0
0x81,0x0
0x81,0x0
0x81,0x0
0x81,0x0
0x83,0x0
0x81,0x0