0x10,0x0,0x8e,0x0,0x7c,0xf0,0x0,0x2,0xaf,0x0,0x8e,0x0,0x4,0x43,0x6c,0x6f,0x63,0x6b,0x20,0x2f,0x20,0x41,0x6c,0x61,0x72,0x6d
0x10,0x0,0x8e,0x0,0x7c,0xf1,0x0,0x2,0xaf,0x0,0x8e,0x0,0x17,0x52,0x61,0x69,0x6e,0x20,0x53,0x65,0x6e,0x73,0x6f,0x72
0x10,0x0,0x8e,0x0,0x7c,0xf2,0x0,0x2,0xaf,0x0,0x8e,0x0,0x2a,0x43,0x6c,0x69,0x6d,0x61,0x74,0x65,0x20,0x53,0x79,0x73,0x74,0x65,0x6d
0x10,0x0,0x8e,0x0,0x7c,0xf3,0x1,0x2,0xaf,0x0,0x8e,0x0,0x3d
0x20,0x0,0x8e,0x0,0x0,0x9c,0x0,0x4,0x7c,0xf0,0x7c,0xf1,0x7c,0xf2,0x7c,0xf3
0x10,0x0,0x8e,0x0,0x7d,0x52,0x1,0x2,0xf,0x0,0x40,0x1,0x4,0xba
0x10,0x0,0x8e,0x0,0x7d,0x53,0x0,0x2,0xf,0x0,0x40,0x1,0x2a,0xbc
0x11,0x0,0x8e,0x0,0x7c,0xf0,0x2,0x42
0x70,0x0,0x2,0x0,0x0
0x70,0x0,0x81,0x0,0x0
0x70,0x0,0x8e,0x0,0x1
0x60,0x0,0x8e,0x0
0x10,0x0,0x92,0x0,0x7e,0x1c,0x0,0x2,0x58,0x0,0x8e,0x0,0x4,0x53,0x65,0x74,0x20,0x43,0x6c,0x6f,0x63,0x6b
0x10,0x0,0x92,0x0,0x7e,0x1d,0x0,0x2,0x58,0x0,0x8e,0x0,0x17,0x53,0x65,0x74,0x20,0x41,0x6c,0x61,0x72,0x6d
0x10,0x0,0x92,0x0,0x7e,0x1e,0x0,0x2,0x58,0x0,0x8e,0x0,0x2a,0xaa,0x20,0x42,0x61,0x63,0x6b
0x10,0x0,0x92,0x0,0x7e,0x1f,0x1,0x2,0x58,0x0,0x8e,0x0,0x3d
0x20,0x0,0x92,0x0,0x0,0x9f,0x0,0x4,0x7e,0x1c,0x7e,0x1d,0x7e,0x1e,0x7e,0x1f
0x10,0x0,0x92,0x0,0x7e,0x7e,0x1,0x2,0xf,0x0,0xe9,0x0,0x4,0xba
0x10,0x0,0x92,0x0,0x7e,0x7f,0x1,0x2,0xf,0x0,0xe9,0x0,0x2a,0xbc
0x10,0x0,0x92,0x0,0x1,0x94,0x1,0x1,0x50,0x0,0xe9,0x0,0x1a,0x4f,0x66,0x66
0x10,0x0,0x92,0x0,0x0,0x37,0x1,0x11,0x28,0x0,0xe9,0x0,0x1a,0x20
0x10,0x0,0x92,0x0,0x1,0x92,0x1,0x0,0x14,0x0,0x16,0x1,0x1e,0x41,0x4d
0x10,0x0,0x92,0x0,0x1,0x95,0x1,0x0,0x14,0x0,0x16,0x1,0x1e,0x50,0x4d
0x11,0x0,0x92,0x0,0x7e,0x1c,0x2,0x42
0x70,0x0,0x92,0x0,0x1
0x11,0x0,0x92,0x0,0x1,0x94,0x2,0x0
0x60,0x0,0x92,0x0
0x10,0x0,0x93,0x0,0x7e,0x80,0x0,0x2,0xaf,0x0,0x8e,0x0,0x4,0x52,0x44,0x53,0x20,0x41,0x64,0x6a,0x75,0x73,0x74
0x10,0x0,0x93,0x0,0x7e,0x81,0x0,0x2,0xaf,0x0,0x8e,0x0,0x17,0x4d,0x61,0x6e,0x75,0x61,0x6c
0x10,0x0,0x93,0x0,0x7e,0x82,0x0,0x2,0xaf,0x0,0x8e,0x0,0x2a,0xaa,0x20,0x42,0x61,0x63,0x6b
0x10,0x0,0x93,0x0,0x7e,0x83,0x1,0x2,0xaf,0x0,0x8e,0x0,0x3d
0x20,0x0,0x93,0x0,0x0,0xa0,0x0,0x4,0x7e,0x80,0x7e,0x81,0x7e,0x82,0x7e,0x83
0x10,0x0,0x93,0x0,0x7e,0xe2,0x1,0x2,0xf,0x0,0x40,0x1,0x4,0xba
0x10,0x0,0x93,0x0,0x7e,0xe3,0x1,0x2,0xf,0x0,0x40,0x1,0x2a,0xbc
0x11,0x0,0x93,0x0,0x7e,0x80,0x2,0x42
0x70,0x0,0x93,0x0,0x1
0x11,0x0,0x93,0x0,0x7e,0x80,0x2,0x2
0x11,0x0,0x93,0x0,0x7e,0x81,0x2,0x42
0x60,0x0,0x93,0x0
0x10,0x0,0x97,0x0,0x1,0x9d,0x0,0x2,0x64,0x0,0xc6,0x0,0xd,0x43,0x6c,0x6f,0x63,0x6b
0x10,0x0,0x97,0x0,0x0,0x36,0x0,0x2,0x36,0x0,0xc1,0x0,0x20,0x20,0x30,0x39,0x3a,0x35,0x35
0x10,0x0,0x97,0x0,0x1,0x9e,0x1,0x0,0x3c,0x0,0xfc,0x0,0x27,0x41,0x4d
0x10,0x0,0x97,0x0,0x1,0x9f,0x1,0x0,0x3c,0x0,0xfc,0x0,0x27,0x50,0x4d
0x11,0x0,0x97,0x0,0x0,0x36,0x2,0x40
0x70,0x0,0x97,0x0,0x1
0x11,0x0,0x97,0x0,0x13,0x88,0x2,0x0
0x11,0x0,0x97,0x0,0x0,0x36,0x2,0x42,0x20,0x30,0x39,0x3a,0x32,0x34
0x11,0x0,0x97,0x0,0x0,0x36,0x2,0x42,0x20,0x30,0x39,0x3a,0x32,0x35
0x11,0x0,0x97,0x0,0x0,0x36,0x2,0x42,0x20,0x30,0x39,0x3a,0x32,0x34
0x11,0x0,0x97,0x0,0x0,0x36,0x2,0x42,0x20,0x30,0x39,0x3a,0x32,0x33
0x11,0x0,0x97,0x0,0x0,0x36,0x2,0x42,0x20,0x30,0x39,0x3a,0x32,0x34
0x11,0x0,0x97,0x0,0x0,0x36,0x2,0x42,0x20,0x30,0x39,0x3a,0x32,0x33
0x11,0x0,0x97,0x0,0x0,0x36,0x2,0x42,0x20,0x30,0x39,0x3a,0x34,0x33
0x11,0x0,0x97,0x0,0x0,0x36,0x2,0x42,0x20,0x31,0x30,0x3a,0x30,0x33
0x11,0x0,0x97,0x0,0x0,0x36,0x2,0x42,0x20,0x30,0x39,0x3a,0x34,0x33
0x11,0x0,0x97,0x0,0x0,0x36,0x2,0x42,0x20,0x31,0x30,0x3a,0x30,0x33
0x11,0x0,0x97,0x0,0x0,0x36,0x2,0x42,0x20,0x31,0x30,0x3a,0x30,0x32
0x11,0x0,0x97,0x0,0x0,0x36,0x2,0x42,0x20,0x30,0x39,0x3a,0x34,0x32
0x11,0x0,0x97,0x0,0x0,0x36,0x2,0x42,0x20,0x30,0x39,0x3a,0x34,0x31
0x11,0x0,0x97,0x0,0x0,0x36,0x2,0x42,0x20,0x30,0x39,0x3a,0x32,0x31
0x11,0x0,0x97,0x0,0x0,0x36,0x2,0x42,0x20,0x30,0x39,0x3a,0x32,0x30
0x11,0x0,0x97,0x0,0x0,0x36,0x2,0x42,0x20,0x30,0x39,0x3a,0x31,0x39
0x81,0x0
0x81,0x0
0x11,0x0,0x97,0x0,0x0,0x36,0x2,0x42,0x20,0x30,0x39,0x3a,0x30,0x39
0x81,0x0
0x11,0x0,0x97,0x0,0x0,0x36,0x2,0x42,0x20,0x30,0x39,0x3a,0x31,0x30
0x11,0x0,0x97,0x0,0x0,0x36,0x2,0x42,0x20,0x30,0x39,0x3a,0x30,0x30
0x81,0x0
0x83,0x0
0x81,0x0
0x81,0x0
0x81,0x0
0x60,0x0,0x97,0x0
0x70,0x0,0x2,0x0,0x1
0x70,0x0,0x81,0x0,0x1
0x11,0x0,0x81,0x0,0x3,0x9c,0x2,0x0
0x11,0x0,0x81,0x0,0x0,0x28,0x2,0x0,0x20,0x20,0x20,0x31,0x35
0x70,0x0,0x81,0x0,0x0
0x70,0x0,0x2,0x0,0x0
0xa0,0x0
0x80,0x0,0x5,0x0
0x81,0x0
0xa0,0x0
0x60,0x0,0x1e,0x0
0x80,0x0,0x1,0x0
0x81,0x0
0x80,0x0,0x1,0x0
0x10,0x0,0x1e,0x0,0x0,0x3,0x0,0x14,0x1c,0x0,0x0,0x0,0x1d,0x30,0x39
0x10,0x0,0x1e,0x0,0x0,0x4,0x0,0x4,0x1c,0x0,0x20,0x0,0x1d,0x32,0x34
0x10,0x0,0x1e,0x0,0x1,0x3c,0x0,0x4,0x4,0x0,0x1c,0x0,0x1d,0x3a
0x10,0x0,0x1e,0x0,0x1,0x3a,0x1,0x0,0xd,0x0,0x2f,0x0,0x36,0x41,0x4d
0x10,0x0,0x1e,0x0,0x1,0x3e,0x1,0x0,0xd,0x0,0x2f,0x0,0x36,0x50,0x4d
0x10,0x0,0x1e,0x0,0x1,0x3e,0x1,0x0,0xd,0x0,0x2f,0x0,0x36,0x50,0x4d
0x10,0x0,0x1e,0x0,0x1,0x3f,0x1,0x0,0x9,0x0,0x25,0x0,0x36,0x26
0x10,0x0,0x1e,0x0,0x1,0x3d,0x1,0x0,0x11,0x0,0x1,0x0,0x36,0x50,0x25
0x10,0x0,0x1e,0x0,0x1,0x3b,0x1,0x0,0x11,0x0,0x13,0x0,0x36,0x42,0x25
0x70,0x0,0x81,0x0,0x1
0x11,0x0,0x81,0x0,0x3,0x9c,0x2,0x0
0x11,0x0,0x81,0x0,0x0,0x28,0x2,0x0,0x20,0x20,0x20,0x31,0x35
0x70,0x0,0x2,0x0,0x1
0x80,0x0,0x5,0x0
0x70,0x0,0x1e,0x0,0x1
0x11,0x0,0x1e,0x0,0x0,0x3,0x2,0x14,0x30,0x39
0x11,0x0,0x1e,0x0,0x0,0x4,0x2,0x4,0x32,0x34
0x81,0x0