0x70,0x0,0x87,0x0,0x0
0x70,0x0,0x0,0x0,0x0
0xa0,0x0
0x80,0x0,0x25,0x0
0x60,0x0,0x1e,0x0
0x80,0x0,0x1,0x0
0x80,0x0,0x1,0x0
0x10,0x0,0x1e,0x0,0x0,0x3,0x0,0x14,0x1c,0x0,0x0,0x0,0x1d,0x30,0x39
0x10,0x0,0x1e,0x0,0x0,0x4,0x0,0x4,0x1c,0x0,0x20,0x0,0x1d,0x32,0x38
0x10,0x0,0x1e,0x0,0x1,0x3c,0x0,0x4,0x4,0x0,0x1c,0x0,0x1d,0x3a
0x10,0x0,0x1e,0x0,0x1,0x3a,0x1,0x0,0xd,0x0,0x2f,0x0,0x36,0x41,0x4d
0x10,0x0,0x1e,0x0,0x1,0x3e,0x1,0x0,0xd,0x0,0x2f,0x0,0x36,0x50,0x4d
0x10,0x0,0x1e,0x0,0x1,0x3f,0x1,0x0,0x9,0x0,0x25,0x0,0x36,0x26
0x10,0x0,0x1e,0x0,0x1,0x3d,0x1,0x0,0x11,0x0,0x1,0x0,0x36,0x50,0x25
0x10,0x0,0x1e,0x0,0x1,0x3b,0x1,0x0,0x11,0x0,0x13,0x0,0x36,0x42,0x25
0x70,0x0,0x0,0x0,0x1
0x70,0x0,0x87,0x0,0x1
0x11,0x0,0x87,0x0,0x3,0x97,0x2,0x0
0x11,0x0,0x87,0x0,0x0,0x2e,0x2,0x0,0x20,0x20,0x31,0x34,0x38
0x11,0x0,0x87,0x0,0x3,0x9f,0x2,0x0
0x80,0x0,0x25,0x0
0x70,0x0,0x1e,0x0,0x1
0x11,0x0,0x1e,0x0,0x0,0x3,0x2,0x14,0x30,0x39
0x11,0x0,0x1e,0x0,0x0,0x4,0x2,0x4,0x32,0x38
0x11,0x0,0x0,0x0,0x0,0xe,0x2,0x2,0x54,0x72,0x69,0x70,0x6c,0x65,0x20,0x4d
0x11,0x0,0x0,0x0,0x0,0x14,0x2,0x1,0x53,0x43,0x41,0x4e
0x11,0x0,0x0,0x0,0x3,0x59,0x2,0x0
0x11,0x0,0x0,0x0,0x3,0x4e,0x2,0x0
0x11,0x0,0x0,0x0,0x3,0x53,0x3,0x0
0x11,0x0,0x0,0x0,0x3,0x34,0x3,0x0
0x11,0x0,0x0,0x0,0x3,0x55,0x3,0x0
0x11,0x0,0x0,0x0,0x3,0x35,0x2,0x0
0x11,0x0,0x0,0x0,0x0,0xe,0x2,0x2,0x54,0x72,0x69,0x70,0x6c,0x65,0x20,0x4d
0x11,0x0,0x0,0x0,0x0,0x13,0x2,0x1,0x20
0x11,0x0,0x0,0x0,0x3,0x59,0x2,0x0
0x11,0x0,0x0,0x0,0x3,0x4e,0x2,0x0
0x11,0x0,0x0,0x0,0x0,0xe,0x2,0x2,0x31,0x30,0x35,0x2e,0x31,0x30,0x20,0x4d,0x48,0x7a
0x11,0x0,0x0,0x0,0x3,0x59,0x2,0x0
0x11,0x0,0x0,0x0,0x3,0x4e,0x2,0x0
0x11,0x0,0x0,0x0,0x0,0xe,0x2,0x2,0x31,0x30,0x35,0x2e,0x39,0x30,0x20,0x4d,0x48,0x7a
0x11,0x0,0x0,0x0,0x3,0x59,0x2,0x0
0x11,0x0,0x0,0x0,0x3,0x4e,0x2,0x0
0x11,0x0,0x0,0x0,0x0,0xe,0x2,0x2,0x31,0x30,0x36,0x2e,0x33,0x30,0x20,0x4d,0x48,0x7a
0x11,0x0,0x0,0x0,0x3,0x59,0x2,0x0
0x11,0x0,0x0,0x0,0x3,0x4e,0x2,0x0
0x11,0x0,0x0,0x0,0x0,0xe,0x2,0x2,0x31,0x30,0x36,0x2e,0x37,0x30,0x20,0x4d,0x48,0x7a
0x11,0x0,0x0,0x0,0x3,0x59,0x2,0x0
0x11,0x0,0x0,0x0,0x3,0x4e,0x2,0x0
0x11,0x0,0x0,0x0,0x0,0xe,0x2,0x2,0x31,0x30,0x37,0x2e,0x31,0x30,0x20,0x4d,0x48,0x7a
0x11,0x0,0x0,0x0,0x3,0x59,0x2,0x0
0x11,0x0,0x0,0x0,0x3,0x4e,0x2,0x0
0x11,0x0,0x0,0x0,0x0,0xe,0x2,0x2,0x31,0x30,0x37,0x2e,0x35,0x30,0x20,0x4d,0x48,0x7a
0x11,0x0,0x0,0x0,0x0,0xe,0x2,0x2,0x31,0x30,0x37,0x2e,0x35,0x30,0x20,0x4d,0x48,0x7a
0x11,0x0,0x0,0x0,0x3,0x59,0x2,0x0
0x11,0x0,0x0,0x0,0x3,0x4e,0x2,0x0
0x11,0x0,0x0,0x0,0x0,0xe,0x2,0x2,0x20,0x38,0x38,0x2e,0x39,0x30,0x20,0x4d,0x48,0x7a
0x11,0x0,0x0,0x0,0x3,0x59,0x2,0x0
0x11,0x0,0x0,0x0,0x3,0x4e,0x2,0x0
0x11,0x0,0x0,0x0,0x0,0xe,0x2,0x2,0x20,0x38,0x39,0x2e,0x39,0x30,0x20,0x4d,0x48,0x7a
0x11,0x0,0x0,0x0,0x0,0xe,0x2,0x2,0x20,0x38,0x39,0x2e,0x39,0x30,0x20,0x4d,0x48,0x7a
0x11,0x0,0x0,0x0,0x3,0x59,0x2,0x0
0x11,0x0,0x0,0x0,0x3,0x59,0x2,0x0
0x11,0x0,0x0,0x0,0x3,0x4e,0x2,0x0
0x11,0x0,0x0,0x0,0x0,0xe,0x2,0x2,0x20,0x39,0x30,0x2e,0x33,0x30,0x20,0x4d,0x48,0x7a
0x11,0x0,0x0,0x0,0x3,0x59,0x2,0x0
0x11,0x0,0x0,0x0,0x3,0x4e,0x2,0x0
0x11,0x0,0x0,0x0,0x0,0xe,0x2,0x2,0x20,0x39,0x30,0x2e,0x35,0x30,0x20,0x4d,0x48,0x7a
0x11,0x0,0x0,0x0,0x3,0x59,0x2,0x0
0x11,0x0,0x0,0x0,0x3,0x4e,0x2,0x0
0x11,0x0,0x0,0x0,0x0,0xe,0x2,0x2,0x20,0x39,0x30,0x2e,0x37,0x30,0x20,0x4d,0x48,0x7a
0x11,0x0,0x0,0x0,0x3,0x59,0x2,0x0
0x11,0x0,0x0,0x0,0x3,0x4e,0x2,0x0
0x11,0x0,0x0,0x0,0x0,0xe,0x2,0x2,0x20,0x39,0x31,0x2e,0x35,0x30,0x20,0x4d,0x48,0x7a
0x11,0x0,0x0,0x0,0x0,0xe,0x2,0x2,0x20,0x39,0x31,0x2e,0x35,0x30,0x20,0x4d,0x48,0x7a
0x11,0x0,0x0,0x0,0x3,0x59,0x2,0x0
0x11,0x0,0x0,0x0,0x3,0x4e,0x2,0x0
0x11,0x0,0x0,0x0,0x0,0xe,0x2,0x2,0x20,0x39,0x32,0x2e,0x31,0x30,0x20,0x4d,0x48,0x7a
0x11,0x0,0x0,0x0,0x3,0x59,0x2,0x0
0x11,0x0,0x0,0x0,0x3,0x4e,0x2,0x0
0x11,0x0,0x0,0x0,0x0,0xe,0x2,0x2,0x20,0x39,0x32,0x2e,0x33,0x30,0x20,0x4d,0x48,0x7a
0x11,0x0,0x0,0x0,0x3,0x59,0x2,0x0
0x11,0x0,0x0,0x0,0x3,0x4e,0x2,0x0
0x11,0x0,0x0,0x0,0x0,0xe,0x2,0x2,0x20,0x39,0x32,0x2e,0x39,0x30,0x20,0x4d,0x48,0x7a
0x11,0x0,0x0,0x0,0x3,0x59,0x2,0x0
0x11,0x0,0x0,0x0,0x3,0x4e,0x2,0x0
0x11,0x0,0x0,0x0,0x0,0xe,0x2,0x2,0x20,0x39,0x33,0x2e,0x31,0x30,0x20,0x4d,0x48,0x7a
0x11,0x0,0x0,0x0,0x3,0x59,0x2,0x0
0x11,0x0,0x0,0x0,0x3,0x4e,0x2,0x0
0x11,0x0,0x0,0x0,0x0,0xe,0x2,0x2,0x20,0x39,0x33,0x2e,0x33,0x30,0x20,0x4d,0x48,0x7a
0x11,0x0,0x0,0x0,0x3,0x59,0x2,0x0
0x11,0x0,0x0,0x0,0x3,0x4e,0x2,0x0
0x11,0x0,0x0,0x0,0x0,0xe,0x2,0x2,0x20,0x39,0x34,0x2e,0x35,0x30,0x20,0x4d,0x48,0x7a
0x11,0x0,0x0,0x0,0x3,0x59,0x2,0x0
0x11,0x0,0x0,0x0,0x3,0x4e,0x2,0x0
0x11,0x0,0x0,0x0,0x0,0xe,0x2,0x2,0x20,0x39,0x34,0x2e,0x39,0x30,0x20,0x4d,0x48,0x7a
0x11,0x0,0x0,0x0,0x0,0x14,0x2,0x1,0x46,0x4d
0x11,0x0,0x0,0x0,0x3,0x59,0x2,0x0
0x11,0x0,0x0,0x0,0x3,0x4e,0x2,0x0
0x11,0x0,0x0,0x0,0x3,0x53,0x3,0x0
0x11,0x0,0x0,0x0,0x3,0x34,0x3,0x0
0x11,0x0,0x0,0x0,0x3,0x55,0x3,0x0
0x11,0x0,0x0,0x0,0x3,0x35,0x2,0x0
0x11,0x0,0x0,0x0,0x0,0xe,0x2,0x2,0x31,0x30,0x35,0x2e,0x31,0x30,0x20,0x4d,0x48,0x7a
0x11,0x0,0x0,0x0,0x0,0x13,0x2,0x1,0x20
0x11,0x0,0x0,0x0,0x0,0xe,0x2,0x2,0x31,0x30,0x35,0x2e,0x31,0x30,0x20,0x4d,0x48,0x7a
0x11,0x0,0x0,0x0,0x3,0x59,0x2,0x0
0x11,0x0,0x0,0x0,0x3,0x4e,0x2,0x0
0x11,0x0,0x0,0x0,0x0,0xe,0x2,0x2,0x54,0x72,0x69,0x70,0x6c,0x65,0x20,0x4d
0x11,0x0,0x0,0x0,0x3,0x59,0x2,0x0
0x11,0x0,0x0,0x0,0x3,0x4e,0x2,0x0
0x11,0x0,0x0,0x0,0x0,0xe,0x2,0x2,0x54,0x72,0x69,0x70,0x6c,0x65,0x20,0x4d
0x11,0x0,0x0,0x0,0x0,0x14,0x2,0x1,0x46,0x4d,0x32
0x11,0x0,0x0,0x0,0x3,0x35,0x3,0x0
0x11,0x0,0x0,0x0,0x3,0x59,0x2,0x0
0x11,0x0,0x0,0x0,0x3,0x4e,0x2,0x0
0x11,0x0,0x0,0x0,0x0,0xe,0x2,0x2,0x31,0x30,0x36,0x2e,0x37,0x30,0x20,0x4d,0x48,0x7a
0x11,0x0,0x0,0x0,0x0,0x13,0x2,0x1,0x20,0x31
0x11,0x0,0x0,0x0,0x3,0x59,0x3,0x0
0x11,0x0,0x0,0x0,0x3,0x4e,0x3,0x0
0x11,0x0,0x0,0x0,0x3,0x59,0x3,0x0
0x11,0x0,0x0,0x0,0x3,0x4e,0x3,0x0
0x11,0x0,0x0,0x0,0x0,0xe,0x2,0x2,0x31,0x30,0x36,0x2e,0x37,0x30,0x20,0x4d,0x48,0x7a
0x11,0x0,0x0,0x0,0x0,0x14,0x2,0x1,0x41,0x4d
0x11,0x0,0x0,0x0,0x3,0x35,0x3,0x0
0x11,0x0,0x0,0x0,0x3,0x59,0x3,0x0
0xa0,0x0
0x11,0x0,0x0,0x0,0x3,0x4e,0x3,0x0
0x11,0x0,0x0,0x0,0x0,0xe,0x2,0x2,0x20,0x20,0x20,0x35,0x33,0x30,0x20,0x6b,0x48,0x7a
0x11,0x0,0x0,0x0,0x0,0x13,0x2,0x1,0x20
0x11,0x0,0x0,0x0,0x0,0x14,0x2,0x1,0x53,0x43,0x41,0x4e
0x11,0x0,0x0,0x0,0x3,0x59,0x3,0x0
0x11,0x0,0x0,0x0,0x3,0x4e,0x3,0x0
0x11,0x0,0x0,0x0,0x3,0x53,0x3,0x0
0x11,0x0,0x0,0x0,0x3,0x34,0x3,0x0
0x11,0x0,0x0,0x0,0x3,0x55,0x3,0x0
0x11,0x0,0x0,0x0,0x3,0x35,0x3,0x0
0x11,0x0,0x0,0x0,0x0,0xe,0x2,0x2,0x20,0x20,0x20,0x35,0x33,0x30,0x20,0x6b,0x48,0x7a
0x11,0x0,0x0,0x0,0x0,0x13,0x2,0x1,0x20
0x11,0x0,0x0,0x0,0x3,0x59,0x3,0x0
0x11,0x0,0x0,0x0,0x3,0x4e,0x3,0x0
0x11,0x0,0x0,0x0,0x0,0xe,0x2,0x2,0x20,0x20,0x20,0x35,0x34,0x30,0x20,0x6b,0x48,0x7a
0x11,0x0,0x0,0x0,0x0,0xe,0x2,0x2,0x20,0x20,0x20,0x35,0x34,0x30,0x20,0x6b,0x48,0x7a
0x11,0x0,0x0,0x0,0x0,0x14,0x2,0x1,0x41,0x4d
0x11,0x0,0x0,0x0,0x3,0x59,0x3,0x0
0x11,0x0,0x0,0x0,0x3,0x4e,0x3,0x0
0x11,0x0,0x0,0x0,0x3,0x53,0x3,0x0
0x11,0x0,0x0,0x0,0x3,0x34,0x3,0x0
0x11,0x0,0x0,0x0,0x3,0x55,0x3,0x0
0x11,0x0,0x0,0x0,0x3,0x35,0x3,0x0
0x11,0x0,0x0,0x0,0x0,0xe,0x2,0x2,0x20,0x20,0x20,0x35,0x34,0x30,0x20,0x6b,0x48,0x7a
0x11,0x0,0x0,0x0,0x0,0x13,0x2,0x1,0x20
0x11,0x0,0x0,0x0,0x0,0x14,0x2,0x1,0x46,0x4d,0x31
0x11,0x0,0x0,0x0,0x3,0x35,0x3,0x0
0x11,0x0,0x0,0x0,0x3,0x59,0x3,0x0
0x11,0x0,0x0,0x0,0x3,0x4e,0x3,0x0
0x11,0x0,0x0,0x0,0x0,0xe,0x2,0x2,0x31,0x30,0x36,0x2e,0x37,0x30,0x20,0x4d,0x48,0x7a
0x11,0x0,0x0,0x0,0x0,0x13,0x2,0x1,0x20,0x31
0x10,0x0,0x2,0x0,0x1,0xfa,0x0,0x1,0x1e,0x0,0x8e,0x0,0x22,0x41,0x55,0x58
0x10,0x0,0x2,0x0,0x2,0x3,0x0,0x2,0x22,0x0,0xcf,0x0,0x1f,0x50,0x6c,0x61,0x79
0x70,0x0,0x0,0x0,0x0
0x70,0x0,0x2,0x0,0x1
0x60,0x0,0x0,0x0
0x60,0x0,0x87,0x0
0x10,0x0,0x86,0x0,0x3,0x5f,0x0,0x1,0x3c,0x0,0x8e,0x0,0x7,0x53,0x70,0x65,0x65,0x64,0x20,0xd8
0x10,0x0,0x86,0x0,0x0,0x2b,0x0,0x12,0x2d,0x0,0xcb,0x0,0x4,0x20,0x20,0x2d,0x2d,0x2d
0x10,0x0,0x86,0x0,0x3,0x97,0x1,0x1,0x3a,0x0,0xfe,0x0,0x7,0x6b,0x6d,0x2f,0x68
0x10,0x0,0x86,0x0,0x3,0x9a,0x1,0x1,0x3a,0x0,0xfe,0x0,0x7,0x6d,0x69,0x6c,0x65,0x73,0x2f,0x68
0x11,0x0,0x86,0x0,0x0,0x2b,0x2,0x0,0x20,0x20,0x2d,0x2d,0x2d
0x11,0x0,0x86,0x0,0x3,0x97,0x2,0x0
0x70,0x0,0x86,0x0,0x1
0x60,0x0,0x86,0x0
0x10,0x0,0x82,0x0,0x3,0x93,0x0,0x1,0x3c,0x0,0x8e,0x0,0x7,0x46,0x75,0x65,0x6c,0x20,0xd8
0x10,0x0,0x82,0x0,0x0,0x2b,0x0,0x12,0x2d,0x0,0xcb,0x0,0x4,0x20,0x20,0x2d,0x2d,0x2d
0x10,0x0,0x82,0x0,0x3,0x94,0x1,0x1,0x3a,0x0,0xfe,0x0,0x7,0x6c,0x2f,0x31,0x30,0x30,0x6b,0x6d
0x10,0x0,0x82,0x0,0x3,0x95,0x1,0x1,0x3a,0x0,0xfe,0x0,0x7,0x6d,0x70,0x67
0x11,0x0,0x82,0x0,0x3,0x94,0x2,0x0
0x11,0x0,0x82,0x0,0x0,0x2b,0x2,0x0,0x20,0x20,0x2d,0x2d,0x2d
0x70,0x0,0x82,0x0,0x1
0x60,0x0,0x82,0x0